# JRE version: OpenJDK Runtime Environment Temurin-17.0.13+11 (17.0.13+11) (build 17.0.13+11)
# Java VM: OpenJDK 64-Bit Server VM Temurin-17.0.13+11 (17.0.13+11, mixed mode, tiered, compressed oops, compressed class ptrs, parallel gc, windows-amd64)
GC Precious Log:
 CPUs: 8 total, 8 available
 Memory: 8001M
 Large Page Support: Disabled
 NUMA Support: Disabled
 Compressed Oops: Enabled (32-bit)
 Alignments: Space 512K, Generation 512K, Heap 2M
 Heap Min Capacity: 100M
 Heap Initial Capacity: 100M
 Heap Max Capacity: 1G
 Pre-touch: Disabled
 Parallel Workers: 8
Heap:
 PSYoungGen      total 5632K, used 1018K [0x00000000eab00000, 0x00000000eb180000, 0x0000000100000000)
  eden space 4608K, 0% used [0x00000000eab00000,0x00000000eab00000,0x00000000eaf80000)
  from space 1024K, 99% used [0x00000000eaf80000,0x00000000eb07eb60,0x00000000eb080000)
  to   space 512K, 0% used [0x00000000eb080000,0x00000000eb080000,0x00000000eb100000)
 ParOldGen       total 267776K, used 250703K [0x00000000c0000000, 0x00000000d0580000, 0x00000000eab00000)
  object space 267776K, 93% used [0x00000000c0000000,0x00000000cf4d3d80,0x00000000d0580000)
 Metaspace       used 80201K, committed 81728K, reserved 1179648K
  class space    used 8253K, committed 8960K, reserved 1048576K
GC Heap History (20 events):
Event: 351.252 GC heap before
{Heap before GC invocations=1809 (full 36):
 PSYoungGen      total 4096K, used 3455K [0x00000000eab00000, 0x00000000eb000000, 0x0000000100000000)
  eden space 3072K, 99% used [0x00000000eab00000,0x00000000eadfffa0,0x00000000eae00000)
  from space 1024K, 37% used [0x00000000eaf00000,0x00000000eaf60000,0x00000000eb000000)
  to   space 1024K, 0% used [0x00000000eae00000,0x00000000eae00000,0x00000000eaf00000)
 ParOldGen       total 267776K, used 244831K [0x00000000c0000000, 0x00000000d0580000, 0x00000000eab00000)
  object space 267776K, 91% used [0x00000000c0000000,0x00000000cef17ff0,0x00000000d0580000)
 Metaspace       used 80060K, committed 81536K, reserved 1179648K
  class space    used 8253K, committed 8960K, reserved 1048576K
}
Event: 351.255 GC heap after
{Heap after GC invocations=1809 (full 36):
 PSYoungGen      total 4096K, used 500K [0x00000000eab00000, 0x00000000eb000000, 0x0000000100000000)
  eden space 3072K, 0% used [0x00000000eab00000,0x00000000eab00000,0x00000000eae00000)
  from space 1024K, 48% used [0x00000000eae00000,0x00000000eae7d200,0x00000000eaf00000)
  to   space 1024K, 0% used [0x00000000eaf00000,0x00000000eaf00000,0x00000000eb000000)
 ParOldGen       total 267776K, used 245103K [0x00000000c0000000, 0x00000000d0580000, 0x00000000eab00000)
  object space 267776K, 91% used [0x00000000c0000000,0x00000000cef5bff0,0x00000000d0580000)
 Metaspace       used 80060K, committed 81536K, reserved 1179648K
  class space    used 8253K, committed 8960K, reserved 1048576K
}
Event: 351.271 GC heap before
{Heap before GC invocations=1810 (full 36):
 PSYoungGen      total 4096K, used 3572K [0x00000000eab00000, 0x00000000eb000000, 0x0000000100000000)
  eden space 3072K, 100% used [0x00000000eab00000,0x00000000eae00000,0x00000000eae00000)
  from space 1024K, 48% used [0x00000000eae00000,0x00000000eae7d200,0x00000000eaf00000)
  to   space 1024K, 0% used [0x00000000eaf00000,0x00000000eaf00000,0x00000000eb000000)
 ParOldGen       total 267776K, used 245103K [0x00000000c0000000, 0x00000000d0580000, 0x00000000eab00000)
  object space 267776K, 91% used [0x00000000c0000000,0x00000000cef5bff0,0x00000000d0580000)
 Metaspace       used 80060K, committed 81536K, reserved 1179648K
  class space    used 8253K, committed 8960K, reserved 1048576K
}
Event: 351.279 GC heap after
{Heap after GC invocations=1810 (full 36):
 PSYoungGen      total 4096K, used 612K [0x00000000eab00000, 0x00000000eb100000, 0x0000000100000000)
  eden space 3072K, 0% used [0x00000000eab00000,0x00000000eab00000,0x00000000eae00000)
  from space 1024K, 59% used [0x00000000eaf00000,0x00000000eaf99210,0x00000000eb000000)
  to   space 1024K, 0% used [0x00000000eae00000,0x00000000eae00000,0x00000000eaf00000)
 ParOldGen       total 267776K, used 245461K [0x00000000c0000000, 0x00000000d0580000, 0x00000000eab00000)
  object space 267776K, 91% used [0x00000000c0000000,0x00000000cefb5480,0x00000000d0580000)
 Metaspace       used 80060K, committed 81536K, reserved 1179648K
  class space    used 8253K, committed 8960K, reserved 1048576K
}
Event: 351.291 GC heap before
{Heap before GC invocations=1811 (full 36):
 PSYoungGen      total 4096K, used 3684K [0x00000000eab00000, 0x00000000eb100000, 0x0000000100000000)
  eden space 3072K, 100% used [0x00000000eab00000,0x00000000eae00000,0x00000000eae00000)
  from space 1024K, 59% used [0x00000000eaf00000,0x00000000eaf99210,0x00000000eb000000)
  to   space 1024K, 0% used [0x00000000eae00000,0x00000000eae00000,0x00000000eaf00000)
 ParOldGen       total 267776K, used 245461K [0x00000000c0000000, 0x00000000d0580000, 0x00000000eab00000)
  object space 267776K, 91% used [0x00000000c0000000,0x00000000cefb5480,0x00000000d0580000)
 Metaspace       used 80060K, committed 81536K, reserved 1179648K
  class space    used 8253K, committed 8960K, reserved 1048576K
}
Event: 351.297 GC heap after
{Heap after GC invocations=1811 (full 36):
 PSYoungGen      total 4096K, used 372K [0x00000000eab00000, 0x00000000eb000000, 0x0000000100000000)
  eden space 3072K, 0% used [0x00000000eab00000,0x00000000eab00000,0x00000000eae00000)
  from space 1024K, 36% used [0x00000000eae00000,0x00000000eae5d200,0x00000000eaf00000)
  to   space 512K, 0% used [0x00000000eaf80000,0x00000000eaf80000,0x00000000eb000000)
 ParOldGen       total 267776K, used 245901K [0x00000000c0000000, 0x00000000d0580000, 0x00000000eab00000)
  object space 267776K, 91% used [0x00000000c0000000,0x00000000cf0234a0,0x00000000d0580000)
 Metaspace       used 80060K, committed 81536K, reserved 1179648K
  class space    used 8253K, committed 8960K, reserved 1048576K
}
Event: 351.308 GC heap before
{Heap before GC invocations=1812 (full 36):
 PSYoungGen      total 4096K, used 3444K [0x00000000eab00000, 0x00000000eb000000, 0x0000000100000000)
  eden space 3072K, 100% used [0x00000000eab00000,0x00000000eae00000,0x00000000eae00000)
  from space 1024K, 36% used [0x00000000eae00000,0x00000000eae5d200,0x00000000eaf00000)
  to   space 512K, 0% used [0x00000000eaf80000,0x00000000eaf80000,0x00000000eb000000)
 ParOldGen       total 267776K, used 245901K [0x00000000c0000000, 0x00000000d0580000, 0x00000000eab00000)
  object space 267776K, 91% used [0x00000000c0000000,0x00000000cf0234a0,0x00000000d0580000)
 Metaspace       used 80061K, committed 81536K, reserved 1179648K
  class space    used 8253K, committed 8960K, reserved 1048576K
}
Event: 351.312 GC heap after
{Heap after GC invocations=1812 (full 36):
 PSYoungGen      total 4096K, used 496K [0x00000000eab00000, 0x00000000eb100000, 0x0000000100000000)
  eden space 3584K, 0% used [0x00000000eab00000,0x00000000eab00000,0x00000000eae80000)
  from space 512K, 96% used [0x00000000eaf80000,0x00000000eaffc010,0x00000000eb000000)
  to   space 1024K, 0% used [0x00000000eae80000,0x00000000eae80000,0x00000000eaf80000)
 ParOldGen       total 267776K, used 246174K [0x00000000c0000000, 0x00000000d0580000, 0x00000000eab00000)
  object space 267776K, 91% used [0x00000000c0000000,0x00000000cf067920,0x00000000d0580000)
 Metaspace       used 80061K, committed 81536K, reserved 1179648K
  class space    used 8253K, committed 8960K, reserved 1048576K
}
Event: 351.357 GC heap before
{Heap before GC invocations=1813 (full 36):
 PSYoungGen      total 4096K, used 4079K [0x00000000eab00000, 0x00000000eb100000, 0x0000000100000000)
  eden space 3584K, 99% used [0x00000000eab00000,0x00000000eae7ffe8,0x00000000eae80000)
  from space 512K, 96% used [0x00000000eaf80000,0x00000000eaffc010,0x00000000eb000000)
  to   space 1024K, 0% used [0x00000000eae80000,0x00000000eae80000,0x00000000eaf80000)
 ParOldGen       total 267776K, used 246174K [0x00000000c0000000, 0x00000000d0580000, 0x00000000eab00000)
  object space 267776K, 91% used [0x00000000c0000000,0x00000000cf067920,0x00000000d0580000)
 Metaspace       used 80062K, committed 81536K, reserved 1179648K
  class space    used 8253K, committed 8960K, reserved 1048576K
}
Event: 351.362 GC heap after
{Heap after GC invocations=1813 (full 36):
 PSYoungGen      total 4608K, used 500K [0x00000000eab00000, 0x00000000eb180000, 0x0000000100000000)
  eden space 3584K, 0% used [0x00000000eab00000,0x00000000eab00000,0x00000000eae80000)
  from space 1024K, 48% used [0x00000000eae80000,0x00000000eaefd200,0x00000000eaf80000)
  to   space 1024K, 0% used [0x00000000eb080000,0x00000000eb080000,0x00000000eb180000)
 ParOldGen       total 267776K, used 246678K [0x00000000c0000000, 0x00000000d0580000, 0x00000000eab00000)
  object space 267776K, 92% used [0x00000000c0000000,0x00000000cf0e5940,0x00000000d0580000)
 Metaspace       used 80062K, committed 81536K, reserved 1179648K
  class space    used 8253K, committed 8960K, reserved 1048576K
}
Event: 351.386 GC heap before
{Heap before GC invocations=1814 (full 36):
 PSYoungGen      total 4608K, used 4084K [0x00000000eab00000, 0x00000000eb180000, 0x0000000100000000)
  eden space 3584K, 100% used [0x00000000eab00000,0x00000000eae80000,0x00000000eae80000)
  from space 1024K, 48% used [0x00000000eae80000,0x00000000eaefd200,0x00000000eaf80000)
  to   space 1024K, 0% used [0x00000000eb080000,0x00000000eb080000,0x00000000eb180000)
 ParOldGen       total 267776K, used 246678K [0x00000000c0000000, 0x00000000d0580000, 0x00000000eab00000)
  object space 267776K, 92% used [0x00000000c0000000,0x00000000cf0e5940,0x00000000d0580000)
 Metaspace       used 80062K, committed 81536K, reserved 1179648K
  class space    used 8253K, committed 8960K, reserved 1048576K
}
Event: 351.389 GC heap after
{Heap after GC invocations=1814 (full 36):
 PSYoungGen      total 5632K, used 612K [0x00000000eab00000, 0x00000000eb180000, 0x0000000100000000)
  eden space 4608K, 0% used [0x00000000eab00000,0x00000000eab00000,0x00000000eaf80000)
  from space 1024K, 59% used [0x00000000eb080000,0x00000000eb119210,0x00000000eb180000)
  to   space 1024K, 0% used [0x00000000eaf80000,0x00000000eaf80000,0x00000000eb080000)
 ParOldGen       total 267776K, used 247038K [0x00000000c0000000, 0x00000000d0580000, 0x00000000eab00000)
  object space 267776K, 92% used [0x00000000c0000000,0x00000000cf13f940,0x00000000d0580000)
 Metaspace       used 80062K, committed 81536K, reserved 1179648K
  class space    used 8253K, committed 8960K, reserved 1048576K
}
Event: 351.431 GC heap before
{Heap before GC invocations=1815 (full 36):
 PSYoungGen      total 5632K, used 5220K [0x00000000eab00000, 0x00000000eb180000, 0x0000000100000000)
  eden space 4608K, 100% used [0x00000000eab00000,0x00000000eaf80000,0x00000000eaf80000)
  from space 1024K, 59% used [0x00000000eb080000,0x00000000eb119210,0x00000000eb180000)
  to   space 1024K, 0% used [0x00000000eaf80000,0x00000000eaf80000,0x00000000eb080000)
 ParOldGen       total 267776K, used 247038K [0x00000000c0000000, 0x00000000d0580000, 0x00000000eab00000)
  object space 267776K, 92% used [0x00000000c0000000,0x00000000cf13f940,0x00000000d0580000)
 Metaspace       used 80088K, committed 81600K, reserved 1179648K
  class space    used 8253K, committed 8960K, reserved 1048576K
}
Event: 351.434 GC heap after
{Heap after GC invocations=1815 (full 36):
 PSYoungGen      total 5632K, used 640K [0x00000000eab00000, 0x00000000eb180000, 0x0000000100000000)
  eden space 4608K, 0% used [0x00000000eab00000,0x00000000eab00000,0x00000000eaf80000)
  from space 1024K, 62% used [0x00000000eaf80000,0x00000000eb020000,0x00000000eb080000)
  to   space 1024K, 0% used [0x00000000eb080000,0x00000000eb080000,0x00000000eb180000)
 ParOldGen       total 267776K, used 247498K [0x00000000c0000000, 0x00000000d0580000, 0x00000000eab00000)
  object space 267776K, 92% used [0x00000000c0000000,0x00000000cf1b2b60,0x00000000d0580000)
 Metaspace       used 80088K, committed 81600K, reserved 1179648K
  class space    used 8253K, committed 8960K, reserved 1048576K
}
Event: 351.588 GC heap before
{Heap before GC invocations=1816 (full 36):
 PSYoungGen      total 5632K, used 5248K [0x00000000eab00000, 0x00000000eb180000, 0x0000000100000000)
  eden space 4608K, 100% used [0x00000000eab00000,0x00000000eaf80000,0x00000000eaf80000)
  from space 1024K, 62% used [0x00000000eaf80000,0x00000000eb020000,0x00000000eb080000)
  to   space 1024K, 0% used [0x00000000eb080000,0x00000000eb080000,0x00000000eb180000)
 ParOldGen       total 267776K, used 247498K [0x00000000c0000000, 0x00000000d0580000, 0x00000000eab00000)
  object space 267776K, 92% used [0x00000000c0000000,0x00000000cf1b2b60,0x00000000d0580000)
 Metaspace       used 80116K, committed 81600K, reserved 1179648K
  class space    used 8253K, committed 8960K, reserved 1048576K
}
Event: 351.590 GC heap after
{Heap after GC invocations=1816 (full 36):
 PSYoungGen      total 5632K, used 522K [0x00000000eab00000, 0x00000000eb180000, 0x0000000100000000)
  eden space 4608K, 0% used [0x00000000eab00000,0x00000000eab00000,0x00000000eaf80000)
  from space 1024K, 51% used [0x00000000eb080000,0x00000000eb102910,0x00000000eb180000)
  to   space 1024K, 0% used [0x00000000eaf80000,0x00000000eaf80000,0x00000000eb080000)
 ParOldGen       total 267776K, used 248010K [0x00000000c0000000, 0x00000000d0580000, 0x00000000eab00000)
  object space 267776K, 92% used [0x00000000c0000000,0x00000000cf232b60,0x00000000d0580000)
 Metaspace       used 80116K, committed 81600K, reserved 1179648K
  class space    used 8253K, committed 8960K, reserved 1048576K
}
Event: 351.646 GC heap before
{Heap before GC invocations=1817 (full 36):
 PSYoungGen      total 5632K, used 5130K [0x00000000eab00000, 0x00000000eb180000, 0x0000000100000000)
  eden space 4608K, 100% used [0x00000000eab00000,0x00000000eaf80000,0x00000000eaf80000)
  from space 1024K, 51% used [0x00000000eb080000,0x00000000eb102910,0x00000000eb180000)
  to   space 1024K, 0% used [0x00000000eaf80000,0x00000000eaf80000,0x00000000eb080000)
 ParOldGen       total 267776K, used 248010K [0x00000000c0000000, 0x00000000d0580000, 0x00000000eab00000)
  object space 267776K, 92% used [0x00000000c0000000,0x00000000cf232b60,0x00000000d0580000)
 Metaspace       used 80195K, committed 81664K, reserved 1179648K
  class space    used 8253K, committed 8960K, reserved 1048576K
}
Event: 351.647 GC heap after
{Heap after GC invocations=1817 (full 36):
 PSYoungGen      total 5632K, used 352K [0x00000000eab00000, 0x00000000eb100000, 0x0000000100000000)
  eden space 4608K, 0% used [0x00000000eab00000,0x00000000eab00000,0x00000000eaf80000)
  from space 1024K, 34% used [0x00000000eaf80000,0x00000000eafd8000,0x00000000eb080000)
  to   space 512K, 0% used [0x00000000eb080000,0x00000000eb080000,0x00000000eb100000)
 ParOldGen       total 267776K, used 248066K [0x00000000c0000000, 0x00000000d0580000, 0x00000000eab00000)
  object space 267776K, 92% used [0x00000000c0000000,0x00000000cf240b60,0x00000000d0580000)
 Metaspace       used 80195K, committed 81664K, reserved 1179648K
  class space    used 8253K, committed 8960K, reserved 1048576K
}
Event: 351.681 GC heap before
{Heap before GC invocations=1818 (full 36):
 PSYoungGen      total 5632K, used 4960K [0x00000000eab00000, 0x00000000eb100000, 0x0000000100000000)
  eden space 4608K, 100% used [0x00000000eab00000,0x00000000eaf80000,0x00000000eaf80000)
  from space 1024K, 34% used [0x00000000eaf80000,0x00000000eafd8000,0x00000000eb080000)
  to   space 512K, 0% used [0x00000000eb080000,0x00000000eb080000,0x00000000eb100000)
 ParOldGen       total 267776K, used 248066K [0x00000000c0000000, 0x00000000d0580000, 0x00000000eab00000)
  object space 267776K, 92% used [0x00000000c0000000,0x00000000cf240b60,0x00000000d0580000)
 Metaspace       used 80195K, committed 81664K, reserved 1179648K
  class space    used 8253K, committed 8960K, reserved 1048576K
}
Event: 352.629 GC heap after
{Heap after GC invocations=1818 (full 36):
 PSYoungGen      total 5120K, used 506K [0x00000000eab00000, 0x00000000eb180000, 0x0000000100000000)
  eden space 4608K, 0% used [0x00000000eab00000,0x00000000eab00000,0x00000000eaf80000)
  from space 512K, 98% used [0x00000000eb080000,0x00000000eb0fe900,0x00000000eb100000)
  to   space 1024K, 0% used [0x00000000eaf80000,0x00000000eaf80000,0x00000000eb080000)
 ParOldGen       total 267776K, used 248306K [0x00000000c0000000, 0x00000000d0580000, 0x00000000eab00000)
  object space 267776K, 92% used [0x00000000c0000000,0x00000000cf27cb60,0x00000000d0580000)
 Metaspace       used 80195K, committed 81664K, reserved 1179648K
  class space    used 8253K, committed 8960K, reserved 1048576K
}

