# JRE version: OpenJDK Runtime Environment Temurin-21.0.7+6 (21.0.7+6) (build 21.0.7+6-LTS)
# Java VM: OpenJDK 64-Bit Server VM Temurin-21.0.7+6 (21.0.7+6-LTS, mixed mode, sharing, tiered, compressed oops, compressed class ptrs, g1 gc, windows-amd64)
GC Precious Log:
 CardTable entry size: 512
 Card Set container configuration: InlinePtr #cards 5 size 8 Array Of Cards #cards 12 size 40 Howl #buckets 4 coarsen threshold 1843 Howl Bitmap #cards 512 size 80 coarsen threshold 460 Card regions per heap region 1 cards per card region 2048
 CPUs: 8 total, 8 available
 Memory: 8001M
 Large Page Support: Disabled
 NUMA Support: Disabled
 Compressed Oops: Enabled (32-bit)
 Heap Region Size: 1M
 Heap Min Capacity: 8M
 Heap Initial Capacity: 126M
 Heap Max Capacity: 2002M
 Pre-touch: Disabled
 Parallel Workers: 8
 Concurrent Workers: 2
 Concurrent Refinement Workers: 8
 Periodic GC: Disabled
Heap:
 garbage-first heap   total 82944K, used 48045K [0x0000000082e00000, 0x0000000100000000)
  region size 1024K, 11 young (11264K), 3 survivors (3072K)
 Metaspace       used 39986K, committed 40512K, reserved 1114112K
  class space    used 4446K, committed 4672K, reserved 1048576K
GC Heap History (20 events):
Event: 4.376 GC heap before
{Heap before GC invocations=3 (full 0):
 garbage-first heap   total 129024K, used 79752K [0x0000000082e00000, 0x0000000100000000)
  region size 1024K, 75 young (76800K), 10 survivors (10240K)
 Metaspace       used 18468K, committed 18752K, reserved 1114112K
  class space    used 2063K, committed 2176K, reserved 1048576K
}
Event: 4.391 GC heap after
{Heap after GC invocations=4 (full 0):
 garbage-first heap   total 129024K, used 16391K [0x0000000082e00000, 0x0000000100000000)
  region size 1024K, 4 young (4096K), 4 survivors (4096K)
 Metaspace       used 18468K, committed 18752K, reserved 1114112K
  class space    used 2063K, committed 2176K, reserved 1048576K
}
Event: 4.561 GC heap before
{Heap before GC invocations=4 (full 0):
 garbage-first heap   total 129024K, used 27655K [0x0000000082e00000, 0x0000000100000000)
  region size 1024K, 16 young (16384K), 4 survivors (4096K)
 Metaspace       used 21214K, committed 21504K, reserved 1114112K
  class space    used 2365K, committed 2496K, reserved 1048576K
}
Event: 4.564 GC heap after
{Heap after GC invocations=5 (full 0):
 garbage-first heap   total 129024K, used 16725K [0x0000000082e00000, 0x0000000100000000)
  region size 1024K, 4 young (4096K), 4 survivors (4096K)
 Metaspace       used 21214K, committed 21504K, reserved 1114112K
  class space    used 2365K, committed 2496K, reserved 1048576K
}
Event: 5.733 GC heap before
{Heap before GC invocations=6 (full 0):
 garbage-first heap   total 58368K, used 57685K [0x0000000082e00000, 0x0000000100000000)
  region size 1024K, 44 young (45056K), 4 survivors (4096K)
 Metaspace       used 22980K, committed 23296K, reserved 1114112K
  class space    used 2510K, committed 2624K, reserved 1048576K
}
Event: 5.743 GC heap after
{Heap after GC invocations=7 (full 0):
 garbage-first heap   total 63488K, used 17944K [0x0000000082e00000, 0x0000000100000000)
  region size 1024K, 5 young (5120K), 5 survivors (5120K)
 Metaspace       used 22980K, committed 23296K, reserved 1114112K
  class space    used 2510K, committed 2624K, reserved 1048576K
}
Event: 6.522 GC heap before
{Heap before GC invocations=7 (full 0):
 garbage-first heap   total 63488K, used 50712K [0x0000000082e00000, 0x0000000100000000)
  region size 1024K, 37 young (37888K), 5 survivors (5120K)
 Metaspace       used 23248K, committed 23552K, reserved 1114112K
  class space    used 2510K, committed 2624K, reserved 1048576K
}
Event: 6.529 GC heap after
{Heap after GC invocations=8 (full 0):
 garbage-first heap   total 63488K, used 16883K [0x0000000082e00000, 0x0000000100000000)
  region size 1024K, 2 young (2048K), 2 survivors (2048K)
 Metaspace       used 23248K, committed 23552K, reserved 1114112K
  class space    used 2510K, committed 2624K, reserved 1048576K
}
Event: 7.310 GC heap before
{Heap before GC invocations=8 (full 0):
 garbage-first heap   total 63488K, used 52723K [0x0000000082e00000, 0x0000000100000000)
  region size 1024K, 37 young (37888K), 2 survivors (2048K)
 Metaspace       used 26684K, committed 27008K, reserved 1114112K
  class space    used 2892K, committed 3072K, reserved 1048576K
}
Event: 7.315 GC heap after
{Heap after GC invocations=9 (full 0):
 garbage-first heap   total 63488K, used 18481K [0x0000000082e00000, 0x0000000100000000)
  region size 1024K, 3 young (3072K), 3 survivors (3072K)
 Metaspace       used 26684K, committed 27008K, reserved 1114112K
  class space    used 2892K, committed 3072K, reserved 1048576K
}
Event: 8.122 GC heap before
{Heap before GC invocations=9 (full 0):
 garbage-first heap   total 63488K, used 57393K [0x0000000082e00000, 0x0000000100000000)
  region size 1024K, 37 young (37888K), 3 survivors (3072K)
 Metaspace       used 35342K, committed 35712K, reserved 1114112K
  class space    used 3876K, committed 4032K, reserved 1048576K
}
Event: 8.141 GC heap after
{Heap after GC invocations=10 (full 0):
 garbage-first heap   total 68608K, used 29890K [0x0000000082e00000, 0x0000000100000000)
  region size 1024K, 5 young (5120K), 5 survivors (5120K)
 Metaspace       used 35342K, committed 35712K, reserved 1114112K
  class space    used 3876K, committed 4032K, reserved 1048576K
}
Event: 8.533 GC heap before
{Heap before GC invocations=10 (full 0):
 garbage-first heap   total 68608K, used 53442K [0x0000000082e00000, 0x0000000100000000)
  region size 1024K, 29 young (29696K), 5 survivors (5120K)
 Metaspace       used 35996K, committed 36416K, reserved 1114112K
  class space    used 3953K, committed 4160K, reserved 1048576K
}
Event: 8.547 GC heap after
{Heap after GC invocations=11 (full 0):
 garbage-first heap   total 68608K, used 36452K [0x0000000082e00000, 0x0000000100000000)
  region size 1024K, 4 young (4096K), 4 survivors (4096K)
 Metaspace       used 35996K, committed 36416K, reserved 1114112K
  class space    used 3953K, committed 4160K, reserved 1048576K
}
Event: 9.043 GC heap before
{Heap before GC invocations=12 (full 0):
 garbage-first heap   total 68608K, used 54884K [0x0000000082e00000, 0x0000000100000000)
  region size 1024K, 23 young (23552K), 4 survivors (4096K)
 Metaspace       used 37157K, committed 37632K, reserved 1114112K
  class space    used 4085K, committed 4288K, reserved 1048576K
}
Event: 9.049 GC heap after
{Heap after GC invocations=13 (full 0):
 garbage-first heap   total 68608K, used 37888K [0x0000000082e00000, 0x0000000100000000)
  region size 1024K, 1 young (1024K), 1 survivors (1024K)
 Metaspace       used 37157K, committed 37632K, reserved 1114112K
  class space    used 4085K, committed 4288K, reserved 1048576K
}
Event: 9.391 GC heap before
{Heap before GC invocations=13 (full 0):
 garbage-first heap   total 68608K, used 57344K [0x0000000082e00000, 0x0000000100000000)
  region size 1024K, 21 young (21504K), 1 survivors (1024K)
 Metaspace       used 38307K, committed 38848K, reserved 1114112K
  class space    used 4227K, committed 4480K, reserved 1048576K
}
Event: 9.396 GC heap after
{Heap after GC invocations=14 (full 0):
 garbage-first heap   total 82944K, used 38372K [0x0000000082e00000, 0x0000000100000000)
  region size 1024K, 2 young (2048K), 2 survivors (2048K)
 Metaspace       used 38307K, committed 38848K, reserved 1114112K
  class space    used 4227K, committed 4480K, reserved 1048576K
}
Event: 9.905 GC heap before
{Heap before GC invocations=14 (full 0):
 garbage-first heap   total 82944K, used 54756K [0x0000000082e00000, 0x0000000100000000)
  region size 1024K, 19 young (19456K), 2 survivors (2048K)
 Metaspace       used 39973K, committed 40512K, reserved 1114112K
  class space    used 4445K, committed 4672K, reserved 1048576K
}
Event: 9.914 GC heap after
{Heap after GC invocations=15 (full 0):
 garbage-first heap   total 82944K, used 39853K [0x0000000082e00000, 0x0000000100000000)
  region size 1024K, 3 young (3072K), 3 survivors (3072K)
 Metaspace       used 39973K, committed 40512K, reserved 1114112K
  class space    used 4445K, committed 4672K, reserved 1048576K
}

