# JRE version: OpenJDK Runtime Environment Temurin-21.0.8+9 (21.0.8+9) (build 21.0.8+9-LTS)
# Java VM: OpenJDK 64-Bit Server VM Temurin-21.0.8+9 (21.0.8+9-LTS, mixed mode, sharing, tiered, compressed oops, compressed class ptrs, parallel gc, windows-amd64)
GC Precious Log:
 CardTable entry size: 512
 CPUs: 8 total, 8 available
 Memory: 8001M
 Large Page Support: Disabled
 NUMA Support: Disabled
 Compressed Oops: Enabled (32-bit)
 Alignments: Space 512K, Generation 512K, Heap 2M
 Heap Min Capacity: 100M
 Heap Initial Capacity: 100M
 Heap Max Capacity: 2G
 Pre-touch: Disabled
 Parallel Workers: 8
Heap:
 PSYoungGen      total 2560K, used 2431K [0x00000000d5580000, 0x00000000d5980000, 0x0000000100000000)
  eden space 2048K, 96% used [0x00000000d5580000,0x00000000d576fea8,0x00000000d5780000)
  from space 512K, 87% used [0x00000000d5900000,0x00000000d5970000,0x00000000d5980000)
  to   space 512K, 0% used [0x00000000d5880000,0x00000000d5880000,0x00000000d5900000)
 ParOldGen       total 507904K, used 507635K [0x0000000080000000, 0x000000009f000000, 0x00000000d5580000)
  object space 507904K, 99% used [0x0000000080000000,0x000000009efbcd58,0x000000009f000000)
 Metaspace       used 66069K, committed 67648K, reserved 1114112K
  class space    used 6719K, committed 7424K, reserved 1048576K
GC Heap History (20 events):
Event: 61.320 GC heap before
{Heap before GC invocations=723 (full 3):
 PSYoungGen      total 2048K, used 1490K [0x00000000d5580000, 0x00000000d5a00000, 0x0000000100000000)
  eden space 1024K, 93% used [0x00000000d5580000,0x00000000d566f780,0x00000000d5680000)
  from space 1024K, 51% used [0x00000000d5680000,0x00000000d57051c0,0x00000000d5780000)
  to   space 1536K, 0% used [0x00000000d5880000,0x00000000d5880000,0x00000000d5a00000)
 ParOldGen       total 503296K, used 502482K [0x0000000080000000, 0x000000009eb80000, 0x00000000d5580000)
  object space 503296K, 99% used [0x0000000080000000,0x000000009eab48e8,0x000000009eb80000)
 Metaspace       used 65973K, committed 67520K, reserved 1114112K
  class space    used 6719K, committed 7424K, reserved 1048576K
}
Event: 61.321 GC heap after
{Heap after GC invocations=723 (full 3):
 PSYoungGen      total 2560K, used 616K [0x00000000d5580000, 0x00000000d5980000, 0x0000000100000000)
  eden space 1536K, 0% used [0x00000000d5580000,0x00000000d5580000,0x00000000d5700000)
  from space 1024K, 60% used [0x00000000d5880000,0x00000000d591a110,0x00000000d5980000)
  to   space 1024K, 0% used [0x00000000d5780000,0x00000000d5780000,0x00000000d5880000)
 ParOldGen       total 503296K, used 502934K [0x0000000080000000, 0x000000009eb80000, 0x00000000d5580000)
  object space 503296K, 99% used [0x0000000080000000,0x000000009eb25998,0x000000009eb80000)
 Metaspace       used 65973K, committed 67520K, reserved 1114112K
  class space    used 6719K, committed 7424K, reserved 1048576K
}
Event: 61.328 GC heap before
{Heap before GC invocations=724 (full 3):
 PSYoungGen      total 2560K, used 2152K [0x00000000d5580000, 0x00000000d5980000, 0x0000000100000000)
  eden space 1536K, 99% used [0x00000000d5580000,0x00000000d56ffff8,0x00000000d5700000)
  from space 1024K, 60% used [0x00000000d5880000,0x00000000d591a110,0x00000000d5980000)
  to   space 1024K, 0% used [0x00000000d5780000,0x00000000d5780000,0x00000000d5880000)
 ParOldGen       total 503296K, used 502934K [0x0000000080000000, 0x000000009eb80000, 0x00000000d5580000)
  object space 503296K, 99% used [0x0000000080000000,0x000000009eb25998,0x000000009eb80000)
 Metaspace       used 65973K, committed 67520K, reserved 1114112K
  class space    used 6719K, committed 7424K, reserved 1048576K
}
Event: 61.330 GC heap after
{Heap after GC invocations=724 (full 3):
 PSYoungGen      total 3072K, used 1006K [0x00000000d5580000, 0x00000000d5b80000, 0x0000000100000000)
  eden space 2048K, 0% used [0x00000000d5580000,0x00000000d5580000,0x00000000d5780000)
  from space 1024K, 98% used [0x00000000d5780000,0x00000000d587b918,0x00000000d5880000)
  to   space 2048K, 0% used [0x00000000d5980000,0x00000000d5980000,0x00000000d5b80000)
 ParOldGen       total 503808K, used 503617K [0x0000000080000000, 0x000000009ec00000, 0x00000000d5580000)
  object space 503808K, 99% used [0x0000000080000000,0x000000009ebd0788,0x000000009ec00000)
 Metaspace       used 65973K, committed 67520K, reserved 1114112K
  class space    used 6719K, committed 7424K, reserved 1048576K
}
Event: 61.354 GC heap before
{Heap before GC invocations=725 (full 3):
 PSYoungGen      total 3072K, used 3040K [0x00000000d5580000, 0x00000000d5b80000, 0x0000000100000000)
  eden space 2048K, 99% used [0x00000000d5580000,0x00000000d577cac8,0x00000000d5780000)
  from space 1024K, 98% used [0x00000000d5780000,0x00000000d587b918,0x00000000d5880000)
  to   space 2048K, 0% used [0x00000000d5980000,0x00000000d5980000,0x00000000d5b80000)
 ParOldGen       total 503808K, used 503617K [0x0000000080000000, 0x000000009ec00000, 0x00000000d5580000)
  object space 503808K, 99% used [0x0000000080000000,0x000000009ebd0788,0x000000009ec00000)
 Metaspace       used 65973K, committed 67520K, reserved 1114112K
  class space    used 6719K, committed 7424K, reserved 1048576K
}
Event: 61.356 GC heap after
{Heap after GC invocations=725 (full 3):
 PSYoungGen      total 4096K, used 1891K [0x00000000d5580000, 0x00000000d5c00000, 0x0000000100000000)
  eden space 2048K, 0% used [0x00000000d5580000,0x00000000d5580000,0x00000000d5780000)
  from space 2048K, 92% used [0x00000000d5980000,0x00000000d5b58e00,0x00000000d5b80000)
  to   space 2048K, 0% used [0x00000000d5780000,0x00000000d5780000,0x00000000d5980000)
 ParOldGen       total 504832K, used 504340K [0x0000000080000000, 0x000000009ed00000, 0x00000000d5580000)
  object space 504832K, 99% used [0x0000000080000000,0x000000009ec851e8,0x000000009ed00000)
 Metaspace       used 65973K, committed 67520K, reserved 1114112K
  class space    used 6719K, committed 7424K, reserved 1048576K
}
Event: 61.622 GC heap before
{Heap before GC invocations=726 (full 3):
 PSYoungGen      total 4096K, used 3939K [0x00000000d5580000, 0x00000000d5c00000, 0x0000000100000000)
  eden space 2048K, 100% used [0x00000000d5580000,0x00000000d5780000,0x00000000d5780000)
  from space 2048K, 92% used [0x00000000d5980000,0x00000000d5b58e00,0x00000000d5b80000)
  to   space 2048K, 0% used [0x00000000d5780000,0x00000000d5780000,0x00000000d5980000)
 ParOldGen       total 504832K, used 504340K [0x0000000080000000, 0x000000009ed00000, 0x00000000d5580000)
  object space 504832K, 99% used [0x0000000080000000,0x000000009ec851e8,0x000000009ed00000)
 Metaspace       used 65976K, committed 67520K, reserved 1114112K
  class space    used 6719K, committed 7424K, reserved 1048576K
}
Event: 61.625 GC heap after
{Heap after GC invocations=726 (full 3):
 PSYoungGen      total 3072K, used 682K [0x00000000d5580000, 0x00000000d5a80000, 0x0000000100000000)
  eden space 2048K, 0% used [0x00000000d5580000,0x00000000d5580000,0x00000000d5780000)
  from space 1024K, 66% used [0x00000000d5780000,0x00000000d582a800,0x00000000d5880000)
  to   space 1536K, 0% used [0x00000000d5900000,0x00000000d5900000,0x00000000d5a80000)
 ParOldGen       total 505856K, used 505654K [0x0000000080000000, 0x000000009ee00000, 0x00000000d5580000)
  object space 505856K, 99% used [0x0000000080000000,0x000000009edcda80,0x000000009ee00000)
 Metaspace       used 65976K, committed 67520K, reserved 1114112K
  class space    used 6719K, committed 7424K, reserved 1048576K
}
Event: 61.637 GC heap before
{Heap before GC invocations=727 (full 3):
 PSYoungGen      total 3072K, used 2730K [0x00000000d5580000, 0x00000000d5a80000, 0x0000000100000000)
  eden space 2048K, 100% used [0x00000000d5580000,0x00000000d5780000,0x00000000d5780000)
  from space 1024K, 66% used [0x00000000d5780000,0x00000000d582a800,0x00000000d5880000)
  to   space 1536K, 0% used [0x00000000d5900000,0x00000000d5900000,0x00000000d5a80000)
 ParOldGen       total 505856K, used 505654K [0x0000000080000000, 0x000000009ee00000, 0x00000000d5580000)
  object space 505856K, 99% used [0x0000000080000000,0x000000009edcda80,0x000000009ee00000)
 Metaspace       used 65979K, committed 67520K, reserved 1114112K
  class space    used 6719K, committed 7424K, reserved 1048576K
}
Event: 61.639 GC heap after
{Heap after GC invocations=727 (full 3):
 PSYoungGen      total 2560K, used 192K [0x00000000d5580000, 0x00000000d5980000, 0x0000000100000000)
  eden space 2048K, 0% used [0x00000000d5580000,0x00000000d5580000,0x00000000d5780000)
  from space 512K, 37% used [0x00000000d5900000,0x00000000d5930000,0x00000000d5980000)
  to   space 512K, 0% used [0x00000000d5880000,0x00000000d5880000,0x00000000d5900000)
 ParOldGen       total 506368K, used 506279K [0x0000000080000000, 0x000000009ee80000, 0x00000000d5580000)
  object space 506368K, 99% used [0x0000000080000000,0x000000009ee69d28,0x000000009ee80000)
 Metaspace       used 65979K, committed 67520K, reserved 1114112K
  class space    used 6719K, committed 7424K, reserved 1048576K
}
Event: 61.669 GC heap before
{Heap before GC invocations=728 (full 3):
 PSYoungGen      total 2560K, used 2240K [0x00000000d5580000, 0x00000000d5980000, 0x0000000100000000)
  eden space 2048K, 100% used [0x00000000d5580000,0x00000000d5780000,0x00000000d5780000)
  from space 512K, 37% used [0x00000000d5900000,0x00000000d5930000,0x00000000d5980000)
  to   space 512K, 0% used [0x00000000d5880000,0x00000000d5880000,0x00000000d5900000)
 ParOldGen       total 506368K, used 506279K [0x0000000080000000, 0x000000009ee80000, 0x00000000d5580000)
  object space 506368K, 99% used [0x0000000080000000,0x000000009ee69d28,0x000000009ee80000)
 Metaspace       used 65983K, committed 67520K, reserved 1114112K
  class space    used 6719K, committed 7424K, reserved 1048576K
}
Event: 61.671 GC heap after
{Heap after GC invocations=728 (full 3):
 PSYoungGen      total 2560K, used 480K [0x00000000d5580000, 0x00000000d5980000, 0x0000000100000000)
  eden space 2048K, 0% used [0x00000000d5580000,0x00000000d5580000,0x00000000d5780000)
  from space 512K, 93% used [0x00000000d5880000,0x00000000d58f8020,0x00000000d5900000)
  to   space 512K, 0% used [0x00000000d5900000,0x00000000d5900000,0x00000000d5980000)
 ParOldGen       total 506880K, used 506423K [0x0000000080000000, 0x000000009ef00000, 0x00000000d5580000)
  object space 506880K, 99% used [0x0000000080000000,0x000000009ee8dd28,0x000000009ef00000)
 Metaspace       used 65983K, committed 67520K, reserved 1114112K
  class space    used 6719K, committed 7424K, reserved 1048576K
}
Event: 61.716 GC heap before
{Heap before GC invocations=729 (full 3):
 PSYoungGen      total 2560K, used 2528K [0x00000000d5580000, 0x00000000d5980000, 0x0000000100000000)
  eden space 2048K, 100% used [0x00000000d5580000,0x00000000d5780000,0x00000000d5780000)
  from space 512K, 93% used [0x00000000d5880000,0x00000000d58f8020,0x00000000d5900000)
  to   space 512K, 0% used [0x00000000d5900000,0x00000000d5900000,0x00000000d5980000)
 ParOldGen       total 506880K, used 506423K [0x0000000080000000, 0x000000009ef00000, 0x00000000d5580000)
  object space 506880K, 99% used [0x0000000080000000,0x000000009ee8dd28,0x000000009ef00000)
 Metaspace       used 66009K, committed 67584K, reserved 1114112K
  class space    used 6719K, committed 7424K, reserved 1048576K
}
Event: 61.719 GC heap after
{Heap after GC invocations=729 (full 3):
 PSYoungGen      total 2560K, used 352K [0x00000000d5580000, 0x00000000d5980000, 0x0000000100000000)
  eden space 2048K, 0% used [0x00000000d5580000,0x00000000d5580000,0x00000000d5780000)
  from space 512K, 68% used [0x00000000d5900000,0x00000000d5958000,0x00000000d5980000)
  to   space 512K, 0% used [0x00000000d5880000,0x00000000d5880000,0x00000000d5900000)
 ParOldGen       total 506880K, used 506775K [0x0000000080000000, 0x000000009ef00000, 0x00000000d5580000)
  object space 506880K, 99% used [0x0000000080000000,0x000000009eee5d48,0x000000009ef00000)
 Metaspace       used 66009K, committed 67584K, reserved 1114112K
  class space    used 6719K, committed 7424K, reserved 1048576K
}
Event: 61.786 GC heap before
{Heap before GC invocations=730 (full 3):
 PSYoungGen      total 2560K, used 2400K [0x00000000d5580000, 0x00000000d5980000, 0x0000000100000000)
  eden space 2048K, 100% used [0x00000000d5580000,0x00000000d5780000,0x00000000d5780000)
  from space 512K, 68% used [0x00000000d5900000,0x00000000d5958000,0x00000000d5980000)
  to   space 512K, 0% used [0x00000000d5880000,0x00000000d5880000,0x00000000d5900000)
 ParOldGen       total 506880K, used 506775K [0x0000000080000000, 0x000000009ef00000, 0x00000000d5580000)
  object space 506880K, 99% used [0x0000000080000000,0x000000009eee5d48,0x000000009ef00000)
 Metaspace       used 66010K, committed 67584K, reserved 1114112K
  class space    used 6719K, committed 7424K, reserved 1048576K
}
Event: 61.788 GC heap after
{Heap after GC invocations=730 (full 3):
 PSYoungGen      total 2560K, used 320K [0x00000000d5580000, 0x00000000d5980000, 0x0000000100000000)
  eden space 2048K, 0% used [0x00000000d5580000,0x00000000d5580000,0x00000000d5780000)
  from space 512K, 62% used [0x00000000d5880000,0x00000000d58d0000,0x00000000d5900000)
  to   space 512K, 0% used [0x00000000d5900000,0x00000000d5900000,0x00000000d5980000)
 ParOldGen       total 507392K, used 507007K [0x0000000080000000, 0x000000009ef80000, 0x00000000d5580000)
  object space 507392K, 99% used [0x0000000080000000,0x000000009ef1fd48,0x000000009ef80000)
 Metaspace       used 66010K, committed 67584K, reserved 1114112K
  class space    used 6719K, committed 7424K, reserved 1048576K
}
Event: 61.835 GC heap before
{Heap before GC invocations=731 (full 3):
 PSYoungGen      total 2560K, used 2367K [0x00000000d5580000, 0x00000000d5980000, 0x0000000100000000)
  eden space 2048K, 99% used [0x00000000d5580000,0x00000000d577fff8,0x00000000d5780000)
  from space 512K, 62% used [0x00000000d5880000,0x00000000d58d0000,0x00000000d5900000)
  to   space 512K, 0% used [0x00000000d5900000,0x00000000d5900000,0x00000000d5980000)
 ParOldGen       total 507392K, used 507007K [0x0000000080000000, 0x000000009ef80000, 0x00000000d5580000)
  object space 507392K, 99% used [0x0000000080000000,0x000000009ef1fd48,0x000000009ef80000)
 Metaspace       used 66021K, committed 67584K, reserved 1114112K
  class space    used 6719K, committed 7424K, reserved 1048576K
}
Event: 61.837 GC heap after
{Heap after GC invocations=731 (full 3):
 PSYoungGen      total 2560K, used 352K [0x00000000d5580000, 0x00000000d5980000, 0x0000000100000000)
  eden space 2048K, 0% used [0x00000000d5580000,0x00000000d5580000,0x00000000d5780000)
  from space 512K, 68% used [0x00000000d5900000,0x00000000d5958000,0x00000000d5980000)
  to   space 512K, 0% used [0x00000000d5880000,0x00000000d5880000,0x00000000d5900000)
 ParOldGen       total 507392K, used 507227K [0x0000000080000000, 0x000000009ef80000, 0x00000000d5580000)
  object space 507392K, 99% used [0x0000000080000000,0x000000009ef56d58,0x000000009ef80000)
 Metaspace       used 66021K, committed 67584K, reserved 1114112K
  class space    used 6719K, committed 7424K, reserved 1048576K
}
Event: 61.876 GC heap before
{Heap before GC invocations=732 (full 3):
 PSYoungGen      total 2560K, used 2397K [0x00000000d5580000, 0x00000000d5980000, 0x0000000100000000)
  eden space 2048K, 99% used [0x00000000d5580000,0x00000000d577f610,0x00000000d5780000)
  from space 512K, 68% used [0x00000000d5900000,0x00000000d5958000,0x00000000d5980000)
  to   space 512K, 0% used [0x00000000d5880000,0x00000000d5880000,0x00000000d5900000)
 ParOldGen       total 507392K, used 507227K [0x0000000080000000, 0x000000009ef80000, 0x00000000d5580000)
  object space 507392K, 99% used [0x0000000080000000,0x000000009ef56d58,0x000000009ef80000)
 Metaspace       used 66022K, committed 67584K, reserved 1114112K
  class space    used 6719K, committed 7424K, reserved 1048576K
}
Event: 61.879 GC heap after
{Heap after GC invocations=732 (full 3):
 PSYoungGen      total 2560K, used 368K [0x00000000d5580000, 0x00000000d5980000, 0x0000000100000000)
  eden space 2048K, 0% used [0x00000000d5580000,0x00000000d5580000,0x00000000d5780000)
  from space 512K, 71% used [0x00000000d5880000,0x00000000d58dc010,0x00000000d5900000)
  to   space 512K, 0% used [0x00000000d5900000,0x00000000d5900000,0x00000000d5980000)
 ParOldGen       total 507904K, used 507435K [0x0000000080000000, 0x000000009f000000, 0x00000000d5580000)
  object space 507904K, 99% used [0x0000000080000000,0x000000009ef8ad58,0x000000009f000000)
 Metaspace       used 66022K, committed 67584K, reserved 1114112K
  class space    used 6719K, committed 7424K, reserved 1048576K
}

