# JRE version: OpenJDK Runtime Environment Temurin-21.0.8+9 (21.0.8+9) (build 21.0.8+9-LTS)
# Java VM: OpenJDK 64-Bit Server VM Temurin-21.0.8+9 (21.0.8+9-LTS, mixed mode, sharing, tiered, compressed oops, compressed class ptrs, parallel gc, windows-amd64)
GC Precious Log:
 CardTable entry size: 512
 CPUs: 8 total, 8 available
 Memory: 8001M
 Large Page Support: Disabled
 NUMA Support: Disabled
 Compressed Oops: Enabled (32-bit)
 Alignments: Space 512K, Generation 512K, Heap 2M
 Heap Min Capacity: 100M
 Heap Initial Capacity: 100M
 Heap Max Capacity: 2G
 Pre-touch: Disabled
 Parallel Workers: 8
Heap:
 PSYoungGen      total 20480K, used 20471K [0x00000000d5580000, 0x00000000d7280000, 0x0000000100000000)
  eden space 19456K, 100% used [0x00000000d5580000,0x00000000d6880000,0x00000000d6880000)
  from space 1024K, 99% used [0x00000000d6d00000,0x00000000d6dfdf08,0x00000000d6e00000)
  to   space 4608K, 33% used [0x00000000d6880000,0x00000000d6a00000,0x00000000d6d00000)
 ParOldGen       total 68608K, used 49012K [0x0000000080000000, 0x0000000084300000, 0x00000000d5580000)
  object space 68608K, 71% used [0x0000000080000000,0x0000000082fdd228,0x0000000084300000)
 Metaspace       used 46321K, committed 47552K, reserved 1114112K
  class space    used 4927K, committed 5440K, reserved 1048576K
GC Heap History (20 events):
Event: 7.313 GC heap before
{Heap before GC invocations=23 (full 2):
 PSYoungGen      total 22528K, used 22498K [0x00000000d5580000, 0x00000000d7400000, 0x0000000100000000)
  eden space 20480K, 100% used [0x00000000d5580000,0x00000000d6980000,0x00000000d6980000)
  from space 2048K, 98% used [0x00000000d6e00000,0x00000000d6ff8800,0x00000000d7000000)
  to   space 4608K, 0% used [0x00000000d6980000,0x00000000d6980000,0x00000000d6e00000)
 ParOldGen       total 68608K, used 27250K [0x0000000080000000, 0x0000000084300000, 0x00000000d5580000)
  object space 68608K, 39% used [0x0000000080000000,0x0000000081a9c9a0,0x0000000084300000)
 Metaspace       used 41405K, committed 42560K, reserved 1114112K
  class space    used 4364K, committed 4864K, reserved 1048576K
}
Event: 7.321 GC heap after
{Heap after GC invocations=23 (full 2):
 PSYoungGen      total 23040K, used 2180K [0x00000000d5580000, 0x00000000d6f80000, 0x0000000100000000)
  eden space 20480K, 0% used [0x00000000d5580000,0x00000000d5580000,0x00000000d6980000)
  from space 2560K, 85% used [0x00000000d6980000,0x00000000d6ba1000,0x00000000d6c00000)
  to   space 3072K, 0% used [0x00000000d6c80000,0x00000000d6c80000,0x00000000d6f80000)
 ParOldGen       total 68608K, used 29096K [0x0000000080000000, 0x0000000084300000, 0x00000000d5580000)
  object space 68608K, 42% used [0x0000000080000000,0x0000000081c6a350,0x0000000084300000)
 Metaspace       used 41405K, committed 42560K, reserved 1114112K
  class space    used 4364K, committed 4864K, reserved 1048576K
}
Event: 7.393 GC heap before
{Heap before GC invocations=24 (full 2):
 PSYoungGen      total 23040K, used 22660K [0x00000000d5580000, 0x00000000d6f80000, 0x0000000100000000)
  eden space 20480K, 100% used [0x00000000d5580000,0x00000000d6980000,0x00000000d6980000)
  from space 2560K, 85% used [0x00000000d6980000,0x00000000d6ba1000,0x00000000d6c00000)
  to   space 3072K, 0% used [0x00000000d6c80000,0x00000000d6c80000,0x00000000d6f80000)
 ParOldGen       total 68608K, used 29096K [0x0000000080000000, 0x0000000084300000, 0x00000000d5580000)
  object space 68608K, 42% used [0x0000000080000000,0x0000000081c6a350,0x0000000084300000)
 Metaspace       used 42012K, committed 43200K, reserved 1114112K
  class space    used 4432K, committed 4928K, reserved 1048576K
}
Event: 7.396 GC heap after
{Heap after GC invocations=24 (full 2):
 PSYoungGen      total 22528K, used 1888K [0x00000000d5580000, 0x00000000d6e80000, 0x0000000100000000)
  eden space 20480K, 0% used [0x00000000d5580000,0x00000000d5580000,0x00000000d6980000)
  from space 2048K, 92% used [0x00000000d6c80000,0x00000000d6e58000,0x00000000d6e80000)
  to   space 2560K, 0% used [0x00000000d6980000,0x00000000d6980000,0x00000000d6c00000)
 ParOldGen       total 68608K, used 31078K [0x0000000080000000, 0x0000000084300000, 0x00000000d5580000)
  object space 68608K, 45% used [0x0000000080000000,0x0000000081e599a8,0x0000000084300000)
 Metaspace       used 42012K, committed 43200K, reserved 1114112K
  class space    used 4432K, committed 4928K, reserved 1048576K
}
Event: 7.464 GC heap before
{Heap before GC invocations=25 (full 2):
 PSYoungGen      total 22528K, used 22368K [0x00000000d5580000, 0x00000000d6e80000, 0x0000000100000000)
  eden space 20480K, 100% used [0x00000000d5580000,0x00000000d6980000,0x00000000d6980000)
  from space 2048K, 92% used [0x00000000d6c80000,0x00000000d6e58000,0x00000000d6e80000)
  to   space 2560K, 0% used [0x00000000d6980000,0x00000000d6980000,0x00000000d6c00000)
 ParOldGen       total 68608K, used 31078K [0x0000000080000000, 0x0000000084300000, 0x00000000d5580000)
  object space 68608K, 45% used [0x0000000080000000,0x0000000081e599a8,0x0000000084300000)
 Metaspace       used 42371K, committed 43584K, reserved 1114112K
  class space    used 4484K, committed 4992K, reserved 1048576K
}
Event: 7.467 GC heap after
{Heap after GC invocations=25 (full 2):
 PSYoungGen      total 23040K, used 2240K [0x00000000d5580000, 0x00000000d6e80000, 0x0000000100000000)
  eden space 20480K, 0% used [0x00000000d5580000,0x00000000d5580000,0x00000000d6980000)
  from space 2560K, 87% used [0x00000000d6980000,0x00000000d6bb0010,0x00000000d6c00000)
  to   space 2560K, 0% used [0x00000000d6c00000,0x00000000d6c00000,0x00000000d6e80000)
 ParOldGen       total 68608K, used 32854K [0x0000000080000000, 0x0000000084300000, 0x00000000d5580000)
  object space 68608K, 47% used [0x0000000080000000,0x00000000820159a8,0x0000000084300000)
 Metaspace       used 42371K, committed 43584K, reserved 1114112K
  class space    used 4484K, committed 4992K, reserved 1048576K
}
Event: 7.559 GC heap before
{Heap before GC invocations=26 (full 2):
 PSYoungGen      total 23040K, used 22720K [0x00000000d5580000, 0x00000000d6e80000, 0x0000000100000000)
  eden space 20480K, 100% used [0x00000000d5580000,0x00000000d6980000,0x00000000d6980000)
  from space 2560K, 87% used [0x00000000d6980000,0x00000000d6bb0010,0x00000000d6c00000)
  to   space 2560K, 0% used [0x00000000d6c00000,0x00000000d6c00000,0x00000000d6e80000)
 ParOldGen       total 68608K, used 32854K [0x0000000080000000, 0x0000000084300000, 0x00000000d5580000)
  object space 68608K, 47% used [0x0000000080000000,0x00000000820159c0,0x0000000084300000)
 Metaspace       used 42600K, committed 43712K, reserved 1114112K
  class space    used 4513K, committed 4992K, reserved 1048576K
}
Event: 7.563 GC heap after
{Heap after GC invocations=26 (full 2):
 PSYoungGen      total 23040K, used 2192K [0x00000000d5580000, 0x00000000d6e80000, 0x0000000100000000)
  eden space 20480K, 0% used [0x00000000d5580000,0x00000000d5580000,0x00000000d6980000)
  from space 2560K, 85% used [0x00000000d6c00000,0x00000000d6e243a8,0x00000000d6e80000)
  to   space 2560K, 0% used [0x00000000d6980000,0x00000000d6980000,0x00000000d6c00000)
 ParOldGen       total 68608K, used 34950K [0x0000000080000000, 0x0000000084300000, 0x00000000d5580000)
  object space 68608K, 50% used [0x0000000080000000,0x00000000822219d0,0x0000000084300000)
 Metaspace       used 42600K, committed 43712K, reserved 1114112K
  class space    used 4513K, committed 4992K, reserved 1048576K
}
Event: 7.702 GC heap before
{Heap before GC invocations=27 (full 2):
 PSYoungGen      total 23040K, used 22672K [0x00000000d5580000, 0x00000000d6e80000, 0x0000000100000000)
  eden space 20480K, 100% used [0x00000000d5580000,0x00000000d6980000,0x00000000d6980000)
  from space 2560K, 85% used [0x00000000d6c00000,0x00000000d6e243a8,0x00000000d6e80000)
  to   space 2560K, 0% used [0x00000000d6980000,0x00000000d6980000,0x00000000d6c00000)
 ParOldGen       total 68608K, used 34952K [0x0000000080000000, 0x0000000084300000, 0x00000000d5580000)
  object space 68608K, 50% used [0x0000000080000000,0x0000000082222350,0x0000000084300000)
 Metaspace       used 43599K, committed 44800K, reserved 1114112K
  class space    used 4625K, committed 5120K, reserved 1048576K
}
Event: 7.706 GC heap after
{Heap after GC invocations=27 (full 2):
 PSYoungGen      total 23040K, used 2535K [0x00000000d5580000, 0x00000000d7580000, 0x0000000100000000)
  eden space 20480K, 0% used [0x00000000d5580000,0x00000000d5580000,0x00000000d6980000)
  from space 2560K, 99% used [0x00000000d6980000,0x00000000d6bf9ce8,0x00000000d6c00000)
  to   space 6144K, 0% used [0x00000000d6f80000,0x00000000d6f80000,0x00000000d7580000)
 ParOldGen       total 68608K, used 37818K [0x0000000080000000, 0x0000000084300000, 0x00000000d5580000)
  object space 68608K, 55% used [0x0000000080000000,0x00000000824eeb70,0x0000000084300000)
 Metaspace       used 43599K, committed 44800K, reserved 1114112K
  class space    used 4625K, committed 5120K, reserved 1048576K
}
Event: 7.788 GC heap before
{Heap before GC invocations=28 (full 2):
 PSYoungGen      total 23040K, used 23015K [0x00000000d5580000, 0x00000000d7580000, 0x0000000100000000)
  eden space 20480K, 100% used [0x00000000d5580000,0x00000000d6980000,0x00000000d6980000)
  from space 2560K, 99% used [0x00000000d6980000,0x00000000d6bf9ce8,0x00000000d6c00000)
  to   space 6144K, 0% used [0x00000000d6f80000,0x00000000d6f80000,0x00000000d7580000)
 ParOldGen       total 68608K, used 37818K [0x0000000080000000, 0x0000000084300000, 0x00000000d5580000)
  object space 68608K, 55% used [0x0000000080000000,0x00000000824eeb70,0x0000000084300000)
 Metaspace       used 44263K, committed 45440K, reserved 1114112K
  class space    used 4695K, committed 5184K, reserved 1048576K
}
Event: 7.792 GC heap after
{Heap after GC invocations=28 (full 2):
 PSYoungGen      total 23040K, used 2514K [0x00000000d5580000, 0x00000000d7200000, 0x0000000100000000)
  eden space 20480K, 0% used [0x00000000d5580000,0x00000000d5580000,0x00000000d6980000)
  from space 2560K, 98% used [0x00000000d6f80000,0x00000000d71f4b48,0x00000000d7200000)
  to   space 3584K, 0% used [0x00000000d6b00000,0x00000000d6b00000,0x00000000d6e80000)
 ParOldGen       total 68608K, used 40146K [0x0000000080000000, 0x0000000084300000, 0x00000000d5580000)
  object space 68608K, 58% used [0x0000000080000000,0x0000000082734870,0x0000000084300000)
 Metaspace       used 44263K, committed 45440K, reserved 1114112K
  class space    used 4695K, committed 5184K, reserved 1048576K
}
Event: 7.866 GC heap before
{Heap before GC invocations=29 (full 2):
 PSYoungGen      total 23040K, used 22994K [0x00000000d5580000, 0x00000000d7200000, 0x0000000100000000)
  eden space 20480K, 100% used [0x00000000d5580000,0x00000000d6980000,0x00000000d6980000)
  from space 2560K, 98% used [0x00000000d6f80000,0x00000000d71f4b48,0x00000000d7200000)
  to   space 3584K, 0% used [0x00000000d6b00000,0x00000000d6b00000,0x00000000d6e80000)
 ParOldGen       total 68608K, used 40146K [0x0000000080000000, 0x0000000084300000, 0x00000000d5580000)
  object space 68608K, 58% used [0x0000000080000000,0x0000000082734870,0x0000000084300000)
 Metaspace       used 44566K, committed 45760K, reserved 1114112K
  class space    used 4727K, committed 5248K, reserved 1048576K
}
Event: 7.868 GC heap after
{Heap after GC invocations=29 (full 2):
 PSYoungGen      total 22528K, used 1632K [0x00000000d5580000, 0x00000000d7000000, 0x0000000100000000)
  eden space 20480K, 0% used [0x00000000d5580000,0x00000000d5580000,0x00000000d6980000)
  from space 2048K, 79% used [0x00000000d6b00000,0x00000000d6c98000,0x00000000d6d00000)
  to   space 2560K, 0% used [0x00000000d6d80000,0x00000000d6d80000,0x00000000d7000000)
 ParOldGen       total 68608K, used 42602K [0x0000000080000000, 0x0000000084300000, 0x00000000d5580000)
  object space 68608K, 62% used [0x0000000080000000,0x000000008299a990,0x0000000084300000)
 Metaspace       used 44566K, committed 45760K, reserved 1114112K
  class space    used 4727K, committed 5248K, reserved 1048576K
}
Event: 7.951 GC heap before
{Heap before GC invocations=30 (full 2):
 PSYoungGen      total 22528K, used 22112K [0x00000000d5580000, 0x00000000d7000000, 0x0000000100000000)
  eden space 20480K, 100% used [0x00000000d5580000,0x00000000d6980000,0x00000000d6980000)
  from space 2048K, 79% used [0x00000000d6b00000,0x00000000d6c98000,0x00000000d6d00000)
  to   space 2560K, 0% used [0x00000000d6d80000,0x00000000d6d80000,0x00000000d7000000)
 ParOldGen       total 68608K, used 42602K [0x0000000080000000, 0x0000000084300000, 0x00000000d5580000)
  object space 68608K, 62% used [0x0000000080000000,0x000000008299a990,0x0000000084300000)
 Metaspace       used 45455K, committed 46720K, reserved 1114112K
  class space    used 4820K, committed 5312K, reserved 1048576K
}
Event: 7.954 GC heap after
{Heap after GC invocations=30 (full 2):
 PSYoungGen      total 22016K, used 1472K [0x00000000d5580000, 0x00000000d6f00000, 0x0000000100000000)
  eden space 20480K, 0% used [0x00000000d5580000,0x00000000d5580000,0x00000000d6980000)
  from space 1536K, 95% used [0x00000000d6d80000,0x00000000d6ef0010,0x00000000d6f00000)
  to   space 2048K, 0% used [0x00000000d6b00000,0x00000000d6b00000,0x00000000d6d00000)
 ParOldGen       total 68608K, used 44114K [0x0000000080000000, 0x0000000084300000, 0x00000000d5580000)
  object space 68608K, 64% used [0x0000000080000000,0x0000000082b14990,0x0000000084300000)
 Metaspace       used 45455K, committed 46720K, reserved 1114112K
  class space    used 4820K, committed 5312K, reserved 1048576K
}
Event: 8.021 GC heap before
{Heap before GC invocations=31 (full 2):
 PSYoungGen      total 22016K, used 21952K [0x00000000d5580000, 0x00000000d6f00000, 0x0000000100000000)
  eden space 20480K, 100% used [0x00000000d5580000,0x00000000d6980000,0x00000000d6980000)
  from space 1536K, 95% used [0x00000000d6d80000,0x00000000d6ef0010,0x00000000d6f00000)
  to   space 2048K, 0% used [0x00000000d6b00000,0x00000000d6b00000,0x00000000d6d00000)
 ParOldGen       total 68608K, used 44114K [0x0000000080000000, 0x0000000084300000, 0x00000000d5580000)
  object space 68608K, 64% used [0x0000000080000000,0x0000000082b14990,0x0000000084300000)
 Metaspace       used 45964K, committed 47232K, reserved 1114112K
  class space    used 4879K, committed 5376K, reserved 1048576K
}
Event: 8.024 GC heap after
{Heap after GC invocations=31 (full 2):
 PSYoungGen      total 22528K, used 1888K [0x00000000d5580000, 0x00000000d6e00000, 0x0000000100000000)
  eden space 20480K, 0% used [0x00000000d5580000,0x00000000d5580000,0x00000000d6980000)
  from space 2048K, 92% used [0x00000000d6b00000,0x00000000d6cd8010,0x00000000d6d00000)
  to   space 1024K, 0% used [0x00000000d6d00000,0x00000000d6d00000,0x00000000d6e00000)
 ParOldGen       total 68608K, used 45366K [0x0000000080000000, 0x0000000084300000, 0x00000000d5580000)
  object space 68608K, 66% used [0x0000000080000000,0x0000000082c4d9b0,0x0000000084300000)
 Metaspace       used 45964K, committed 47232K, reserved 1114112K
  class space    used 4879K, committed 5376K, reserved 1048576K
}
Event: 8.076 GC heap before
{Heap before GC invocations=32 (full 2):
 PSYoungGen      total 22528K, used 22368K [0x00000000d5580000, 0x00000000d6e00000, 0x0000000100000000)
  eden space 20480K, 100% used [0x00000000d5580000,0x00000000d6980000,0x00000000d6980000)
  from space 2048K, 92% used [0x00000000d6b00000,0x00000000d6cd8010,0x00000000d6d00000)
  to   space 1024K, 0% used [0x00000000d6d00000,0x00000000d6d00000,0x00000000d6e00000)
 ParOldGen       total 68608K, used 45366K [0x0000000080000000, 0x0000000084300000, 0x00000000d5580000)
  object space 68608K, 66% used [0x0000000080000000,0x0000000082c4d9b0,0x0000000084300000)
 Metaspace       used 46114K, committed 47360K, reserved 1114112K
  class space    used 4900K, committed 5440K, reserved 1048576K
}
Event: 8.080 GC heap after
{Heap after GC invocations=32 (full 2):
 PSYoungGen      total 20480K, used 1015K [0x00000000d5580000, 0x00000000d7280000, 0x0000000100000000)
  eden space 19456K, 0% used [0x00000000d5580000,0x00000000d5580000,0x00000000d6880000)
  from space 1024K, 99% used [0x00000000d6d00000,0x00000000d6dfdf08,0x00000000d6e00000)
  to   space 4608K, 0% used [0x00000000d6880000,0x00000000d6880000,0x00000000d6d00000)
 ParOldGen       total 68608K, used 48300K [0x0000000080000000, 0x0000000084300000, 0x00000000d5580000)
  object space 68608K, 70% used [0x0000000080000000,0x0000000082f2b228,0x0000000084300000)
 Metaspace       used 46114K, committed 47360K, reserved 1114112K
  class space    used 4900K, committed 5440K, reserved 1048576K
}

