# JRE version: OpenJDK Runtime Environment Temurin-21.0.8+9 (21.0.8+9) (build 21.0.8+9-LTS)
# Java VM: OpenJDK 64-Bit Server VM Temurin-21.0.8+9 (21.0.8+9-LTS, mixed mode, sharing, tiered, compressed oops, compressed class ptrs, parallel gc, windows-amd64)
GC Precious Log:
 CardTable entry size: 512
 CPUs: 8 total, 8 available
 Memory: 8001M
 Large Page Support: Disabled
 NUMA Support: Disabled
 Compressed Oops: Enabled (32-bit)
 Alignments: Space 512K, Generation 512K, Heap 2M
 Heap Min Capacity: 100M
 Heap Initial Capacity: 100M
 Heap Max Capacity: 2G
 Pre-touch: Disabled
 Parallel Workers: 8
Heap:
 PSYoungGen      total 2048K, used 1824K [0x00000000d5580000, 0x00000000d5d00000, 0x0000000100000000)
  eden space 1536K, 100% used [0x00000000d5580000,0x00000000d5700000,0x00000000d5700000)
  from space 512K, 56% used [0x00000000d5c80000,0x00000000d5cc8000,0x00000000d5d00000)
  to   space 512K, 50% used [0x00000000d5c00000,0x00000000d5c40000,0x00000000d5c80000)
 ParOldGen       total 527360K, used 526895K [0x0000000080000000, 0x00000000a0300000, 0x00000000d5580000)
  object space 527360K, 99% used [0x0000000080000000,0x00000000a028bd40,0x00000000a0300000)
 Metaspace       used 67387K, committed 68928K, reserved 1114112K
  class space    used 6841K, committed 7552K, reserved 1048576K
GC Heap History (20 events):
Event: 50.214 GC heap before
{Heap before GC invocations=884 (full 3):
 PSYoungGen      total 1536K, used 1216K [0x00000000d5580000, 0x00000000d5d00000, 0x0000000100000000)
  eden space 1024K, 100% used [0x00000000d5580000,0x00000000d5680000,0x00000000d5680000)
  from space 512K, 37% used [0x00000000d5c80000,0x00000000d5cb0000,0x00000000d5d00000)
  to   space 512K, 0% used [0x00000000d5c00000,0x00000000d5c00000,0x00000000d5c80000)
 ParOldGen       total 525824K, used 525520K [0x0000000080000000, 0x00000000a0180000, 0x00000000d5580000)
  object space 525824K, 99% used [0x0000000080000000,0x00000000a0134200,0x00000000a0180000)
 Metaspace       used 67385K, committed 68928K, reserved 1114112K
  class space    used 6841K, committed 7552K, reserved 1048576K
}
Event: 50.216 GC heap after
{Heap after GC invocations=884 (full 3):
 PSYoungGen      total 1536K, used 192K [0x00000000d5580000, 0x00000000d5d00000, 0x0000000100000000)
  eden space 1024K, 0% used [0x00000000d5580000,0x00000000d5580000,0x00000000d5680000)
  from space 512K, 37% used [0x00000000d5c00000,0x00000000d5c30000,0x00000000d5c80000)
  to   space 512K, 0% used [0x00000000d5c80000,0x00000000d5c80000,0x00000000d5d00000)
 ParOldGen       total 525824K, used 525552K [0x0000000080000000, 0x00000000a0180000, 0x00000000d5580000)
  object space 525824K, 99% used [0x0000000080000000,0x00000000a013c200,0x00000000a0180000)
 Metaspace       used 67385K, committed 68928K, reserved 1114112K
  class space    used 6841K, committed 7552K, reserved 1048576K
}
Event: 50.230 GC heap before
{Heap before GC invocations=885 (full 3):
 PSYoungGen      total 1536K, used 1205K [0x00000000d5580000, 0x00000000d5d00000, 0x0000000100000000)
  eden space 1024K, 98% used [0x00000000d5580000,0x00000000d567d410,0x00000000d5680000)
  from space 512K, 37% used [0x00000000d5c00000,0x00000000d5c30000,0x00000000d5c80000)
  to   space 512K, 0% used [0x00000000d5c80000,0x00000000d5c80000,0x00000000d5d00000)
 ParOldGen       total 525824K, used 525552K [0x0000000080000000, 0x00000000a0180000, 0x00000000d5580000)
  object space 525824K, 99% used [0x0000000080000000,0x00000000a013c200,0x00000000a0180000)
 Metaspace       used 67386K, committed 68928K, reserved 1114112K
  class space    used 6841K, committed 7552K, reserved 1048576K
}
Event: 50.232 GC heap after
{Heap after GC invocations=885 (full 3):
 PSYoungGen      total 1536K, used 304K [0x00000000d5580000, 0x00000000d5d00000, 0x0000000100000000)
  eden space 1024K, 0% used [0x00000000d5580000,0x00000000d5580000,0x00000000d5680000)
  from space 512K, 59% used [0x00000000d5c80000,0x00000000d5ccc1b8,0x00000000d5d00000)
  to   space 512K, 0% used [0x00000000d5c00000,0x00000000d5c00000,0x00000000d5c80000)
 ParOldGen       total 525824K, used 525584K [0x0000000080000000, 0x00000000a0180000, 0x00000000d5580000)
  object space 525824K, 99% used [0x0000000080000000,0x00000000a0144200,0x00000000a0180000)
 Metaspace       used 67386K, committed 68928K, reserved 1114112K
  class space    used 6841K, committed 7552K, reserved 1048576K
}
Event: 50.240 GC heap before
{Heap before GC invocations=886 (full 3):
 PSYoungGen      total 1536K, used 1322K [0x00000000d5580000, 0x00000000d5d00000, 0x0000000100000000)
  eden space 1024K, 99% used [0x00000000d5580000,0x00000000d567e878,0x00000000d5680000)
  from space 512K, 59% used [0x00000000d5c80000,0x00000000d5ccc1b8,0x00000000d5d00000)
  to   space 512K, 0% used [0x00000000d5c00000,0x00000000d5c00000,0x00000000d5c80000)
 ParOldGen       total 525824K, used 525584K [0x0000000080000000, 0x00000000a0180000, 0x00000000d5580000)
  object space 525824K, 99% used [0x0000000080000000,0x00000000a0144200,0x00000000a0180000)
 Metaspace       used 67386K, committed 68928K, reserved 1114112K
  class space    used 6841K, committed 7552K, reserved 1048576K
}
Event: 50.241 GC heap after
{Heap after GC invocations=886 (full 3):
 PSYoungGen      total 1536K, used 288K [0x00000000d5580000, 0x00000000d5d00000, 0x0000000100000000)
  eden space 1024K, 0% used [0x00000000d5580000,0x00000000d5580000,0x00000000d5680000)
  from space 512K, 56% used [0x00000000d5c00000,0x00000000d5c48000,0x00000000d5c80000)
  to   space 512K, 0% used [0x00000000d5c80000,0x00000000d5c80000,0x00000000d5d00000)
 ParOldGen       total 525824K, used 525823K [0x0000000080000000, 0x00000000a0180000, 0x00000000d5580000)
  object space 525824K, 99% used [0x0000000080000000,0x00000000a017ff18,0x00000000a0180000)
 Metaspace       used 67386K, committed 68928K, reserved 1114112K
  class space    used 6841K, committed 7552K, reserved 1048576K
}
Event: 50.249 GC heap before
{Heap before GC invocations=887 (full 3):
 PSYoungGen      total 1536K, used 1312K [0x00000000d5580000, 0x00000000d5d00000, 0x0000000100000000)
  eden space 1024K, 100% used [0x00000000d5580000,0x00000000d5680000,0x00000000d5680000)
  from space 512K, 56% used [0x00000000d5c00000,0x00000000d5c48000,0x00000000d5c80000)
  to   space 512K, 0% used [0x00000000d5c80000,0x00000000d5c80000,0x00000000d5d00000)
 ParOldGen       total 525824K, used 525823K [0x0000000080000000, 0x00000000a0180000, 0x00000000d5580000)
  object space 525824K, 99% used [0x0000000080000000,0x00000000a017ff18,0x00000000a0180000)
 Metaspace       used 67386K, committed 68928K, reserved 1114112K
  class space    used 6841K, committed 7552K, reserved 1048576K
}
Event: 50.251 GC heap after
{Heap after GC invocations=887 (full 3):
 PSYoungGen      total 1536K, used 192K [0x00000000d5580000, 0x00000000d5d00000, 0x0000000100000000)
  eden space 1024K, 0% used [0x00000000d5580000,0x00000000d5580000,0x00000000d5680000)
  from space 512K, 37% used [0x00000000d5c80000,0x00000000d5cb0000,0x00000000d5d00000)
  to   space 512K, 0% used [0x00000000d5c00000,0x00000000d5c00000,0x00000000d5c80000)
 ParOldGen       total 526336K, used 525942K [0x0000000080000000, 0x00000000a0200000, 0x00000000d5580000)
  object space 526336K, 99% used [0x0000000080000000,0x00000000a019da20,0x00000000a0200000)
 Metaspace       used 67386K, committed 68928K, reserved 1114112K
  class space    used 6841K, committed 7552K, reserved 1048576K
}
Event: 50.261 GC heap before
{Heap before GC invocations=888 (full 3):
 PSYoungGen      total 1536K, used 1216K [0x00000000d5580000, 0x00000000d5d00000, 0x0000000100000000)
  eden space 1024K, 100% used [0x00000000d5580000,0x00000000d5680000,0x00000000d5680000)
  from space 512K, 37% used [0x00000000d5c80000,0x00000000d5cb0000,0x00000000d5d00000)
  to   space 512K, 0% used [0x00000000d5c00000,0x00000000d5c00000,0x00000000d5c80000)
 ParOldGen       total 526336K, used 525944K [0x0000000080000000, 0x00000000a0200000, 0x00000000d5580000)
  object space 526336K, 99% used [0x0000000080000000,0x00000000a019e058,0x00000000a0200000)
 Metaspace       used 67386K, committed 68928K, reserved 1114112K
  class space    used 6841K, committed 7552K, reserved 1048576K
}
Event: 50.263 GC heap after
{Heap after GC invocations=888 (full 3):
 PSYoungGen      total 1536K, used 192K [0x00000000d5580000, 0x00000000d5d00000, 0x0000000100000000)
  eden space 1024K, 0% used [0x00000000d5580000,0x00000000d5580000,0x00000000d5680000)
  from space 512K, 37% used [0x00000000d5c00000,0x00000000d5c30000,0x00000000d5c80000)
  to   space 512K, 0% used [0x00000000d5c80000,0x00000000d5c80000,0x00000000d5d00000)
 ParOldGen       total 526336K, used 526064K [0x0000000080000000, 0x00000000a0200000, 0x00000000d5580000)
  object space 526336K, 99% used [0x0000000080000000,0x00000000a01bc058,0x00000000a0200000)
 Metaspace       used 67386K, committed 68928K, reserved 1114112K
  class space    used 6841K, committed 7552K, reserved 1048576K
}
Event: 50.270 GC heap before
{Heap before GC invocations=889 (full 3):
 PSYoungGen      total 1536K, used 1216K [0x00000000d5580000, 0x00000000d5d00000, 0x0000000100000000)
  eden space 1024K, 100% used [0x00000000d5580000,0x00000000d5680000,0x00000000d5680000)
  from space 512K, 37% used [0x00000000d5c00000,0x00000000d5c30000,0x00000000d5c80000)
  to   space 512K, 0% used [0x00000000d5c80000,0x00000000d5c80000,0x00000000d5d00000)
 ParOldGen       total 526336K, used 526068K [0x0000000080000000, 0x00000000a0200000, 0x00000000d5580000)
  object space 526336K, 99% used [0x0000000080000000,0x00000000a01bd058,0x00000000a0200000)
 Metaspace       used 67386K, committed 68928K, reserved 1114112K
  class space    used 6841K, committed 7552K, reserved 1048576K
}
Event: 50.272 GC heap after
{Heap after GC invocations=889 (full 3):
 PSYoungGen      total 1536K, used 192K [0x00000000d5580000, 0x00000000d5d00000, 0x0000000100000000)
  eden space 1024K, 0% used [0x00000000d5580000,0x00000000d5580000,0x00000000d5680000)
  from space 512K, 37% used [0x00000000d5c80000,0x00000000d5cb0000,0x00000000d5d00000)
  to   space 512K, 0% used [0x00000000d5c00000,0x00000000d5c00000,0x00000000d5c80000)
 ParOldGen       total 526336K, used 526169K [0x0000000080000000, 0x00000000a0200000, 0x00000000d5580000)
  object space 526336K, 99% used [0x0000000080000000,0x00000000a01d6660,0x00000000a0200000)
 Metaspace       used 67386K, committed 68928K, reserved 1114112K
  class space    used 6841K, committed 7552K, reserved 1048576K
}
Event: 50.281 GC heap before
{Heap before GC invocations=890 (full 3):
 PSYoungGen      total 1536K, used 1208K [0x00000000d5580000, 0x00000000d5d00000, 0x0000000100000000)
  eden space 1024K, 99% used [0x00000000d5580000,0x00000000d567e270,0x00000000d5680000)
  from space 512K, 37% used [0x00000000d5c80000,0x00000000d5cb0000,0x00000000d5d00000)
  to   space 512K, 0% used [0x00000000d5c00000,0x00000000d5c00000,0x00000000d5c80000)
 ParOldGen       total 526336K, used 526169K [0x0000000080000000, 0x00000000a0200000, 0x00000000d5580000)
  object space 526336K, 99% used [0x0000000080000000,0x00000000a01d6660,0x00000000a0200000)
 Metaspace       used 67386K, committed 68928K, reserved 1114112K
  class space    used 6841K, committed 7552K, reserved 1048576K
}
Event: 50.283 GC heap after
{Heap after GC invocations=890 (full 3):
 PSYoungGen      total 1536K, used 256K [0x00000000d5580000, 0x00000000d5d00000, 0x0000000100000000)
  eden space 1024K, 0% used [0x00000000d5580000,0x00000000d5580000,0x00000000d5680000)
  from space 512K, 50% used [0x00000000d5c00000,0x00000000d5c40000,0x00000000d5c80000)
  to   space 512K, 0% used [0x00000000d5c80000,0x00000000d5c80000,0x00000000d5d00000)
 ParOldGen       total 526336K, used 526297K [0x0000000080000000, 0x00000000a0200000, 0x00000000d5580000)
  object space 526336K, 99% used [0x0000000080000000,0x00000000a01f6660,0x00000000a0200000)
 Metaspace       used 67386K, committed 68928K, reserved 1114112K
  class space    used 6841K, committed 7552K, reserved 1048576K
}
Event: 50.297 GC heap before
{Heap before GC invocations=891 (full 3):
 PSYoungGen      total 1536K, used 1280K [0x00000000d5580000, 0x00000000d5d00000, 0x0000000100000000)
  eden space 1024K, 100% used [0x00000000d5580000,0x00000000d5680000,0x00000000d5680000)
  from space 512K, 50% used [0x00000000d5c00000,0x00000000d5c40000,0x00000000d5c80000)
  to   space 512K, 0% used [0x00000000d5c80000,0x00000000d5c80000,0x00000000d5d00000)
 ParOldGen       total 526848K, used 526343K [0x0000000080000000, 0x00000000a0280000, 0x00000000d5580000)
  object space 526848K, 99% used [0x0000000080000000,0x00000000a0201e48,0x00000000a0280000)
 Metaspace       used 67387K, committed 68928K, reserved 1114112K
  class space    used 6841K, committed 7552K, reserved 1048576K
}
Event: 50.298 GC heap after
{Heap after GC invocations=891 (full 3):
 PSYoungGen      total 1536K, used 272K [0x00000000d5580000, 0x00000000d5d00000, 0x0000000100000000)
  eden space 1024K, 0% used [0x00000000d5580000,0x00000000d5580000,0x00000000d5680000)
  from space 512K, 53% used [0x00000000d5c80000,0x00000000d5cc4010,0x00000000d5d00000)
  to   space 512K, 0% used [0x00000000d5c00000,0x00000000d5c00000,0x00000000d5c80000)
 ParOldGen       total 526848K, used 526487K [0x0000000080000000, 0x00000000a0280000, 0x00000000d5580000)
  object space 526848K, 99% used [0x0000000080000000,0x00000000a0225e48,0x00000000a0280000)
 Metaspace       used 67387K, committed 68928K, reserved 1114112K
  class space    used 6841K, committed 7552K, reserved 1048576K
}
Event: 50.305 GC heap before
{Heap before GC invocations=892 (full 3):
 PSYoungGen      total 1536K, used 1296K [0x00000000d5580000, 0x00000000d5d00000, 0x0000000100000000)
  eden space 1024K, 100% used [0x00000000d5580000,0x00000000d5680000,0x00000000d5680000)
  from space 512K, 53% used [0x00000000d5c80000,0x00000000d5cc4010,0x00000000d5d00000)
  to   space 512K, 0% used [0x00000000d5c00000,0x00000000d5c00000,0x00000000d5c80000)
 ParOldGen       total 526848K, used 526520K [0x0000000080000000, 0x00000000a0280000, 0x00000000d5580000)
  object space 526848K, 99% used [0x0000000080000000,0x00000000a022e0d0,0x00000000a0280000)
 Metaspace       used 67387K, committed 68928K, reserved 1114112K
  class space    used 6841K, committed 7552K, reserved 1048576K
}
Event: 50.307 GC heap after
{Heap after GC invocations=892 (full 3):
 PSYoungGen      total 1536K, used 251K [0x00000000d5580000, 0x00000000d5d00000, 0x0000000100000000)
  eden space 1024K, 0% used [0x00000000d5580000,0x00000000d5580000,0x00000000d5680000)
  from space 512K, 49% used [0x00000000d5c00000,0x00000000d5c3ec08,0x00000000d5c80000)
  to   space 512K, 0% used [0x00000000d5c80000,0x00000000d5c80000,0x00000000d5d00000)
 ParOldGen       total 526848K, used 526624K [0x0000000080000000, 0x00000000a0280000, 0x00000000d5580000)
  object space 526848K, 99% used [0x0000000080000000,0x00000000a02480d0,0x00000000a0280000)
 Metaspace       used 67387K, committed 68928K, reserved 1114112K
  class space    used 6841K, committed 7552K, reserved 1048576K
}
Event: 50.312 GC heap before
{Heap before GC invocations=893 (full 3):
 PSYoungGen      total 1536K, used 1275K [0x00000000d5580000, 0x00000000d5d00000, 0x0000000100000000)
  eden space 1024K, 100% used [0x00000000d5580000,0x00000000d5680000,0x00000000d5680000)
  from space 512K, 49% used [0x00000000d5c00000,0x00000000d5c3ec08,0x00000000d5c80000)
  to   space 512K, 0% used [0x00000000d5c80000,0x00000000d5c80000,0x00000000d5d00000)
 ParOldGen       total 526848K, used 526644K [0x0000000080000000, 0x00000000a0280000, 0x00000000d5580000)
  object space 526848K, 99% used [0x0000000080000000,0x00000000a024d138,0x00000000a0280000)
 Metaspace       used 67387K, committed 68928K, reserved 1114112K
  class space    used 6841K, committed 7552K, reserved 1048576K
}
Event: 50.315 GC heap after
{Heap after GC invocations=893 (full 3):
 PSYoungGen      total 2048K, used 288K [0x00000000d5580000, 0x00000000d5d00000, 0x0000000100000000)
  eden space 1536K, 0% used [0x00000000d5580000,0x00000000d5580000,0x00000000d5700000)
  from space 512K, 56% used [0x00000000d5c80000,0x00000000d5cc8000,0x00000000d5d00000)
  to   space 512K, 0% used [0x00000000d5c00000,0x00000000d5c00000,0x00000000d5c80000)
 ParOldGen       total 526848K, used 526815K [0x0000000080000000, 0x00000000a0280000, 0x00000000d5580000)
  object space 526848K, 99% used [0x0000000080000000,0x00000000a0277d40,0x00000000a0280000)
 Metaspace       used 67387K, committed 68928K, reserved 1114112K
  class space    used 6841K, committed 7552K, reserved 1048576K
}

