# JRE version: OpenJDK Runtime Environment Temurin-21.0.8+9 (21.0.8+9) (build 21.0.8+9-LTS)
# Java VM: OpenJDK 64-Bit Server VM Temurin-21.0.8+9 (21.0.8+9-LTS, mixed mode, sharing, tiered, compressed oops, compressed class ptrs, parallel gc, windows-amd64)
GC Precious Log:
 CardTable entry size: 512
 CPUs: 8 total, 8 available
 Memory: 8001M
 Large Page Support: Disabled
 NUMA Support: Disabled
 Compressed Oops: Enabled (32-bit)
 Alignments: Space 512K, Generation 512K, Heap 2M
 Heap Min Capacity: 100M
 Heap Initial Capacity: 100M
 Heap Max Capacity: 2G
 Pre-touch: Disabled
 Parallel Workers: 8
Heap:
 PSYoungGen      total 22016K, used 21936K [0x00000000d5580000, 0x00000000d6f00000, 0x0000000100000000)
  eden space 18944K, 100% used [0x00000000d5580000,0x00000000d6800000,0x00000000d6800000)
  from space 3072K, 97% used [0x00000000d6880000,0x00000000d6b6c1c0,0x00000000d6b80000)
  to   space 3584K, 88% used [0x00000000d6b80000,0x00000000d6e9d1f8,0x00000000d6f00000)
 ParOldGen       total 103424K, used 103296K [0x0000000080000000, 0x0000000086500000, 0x00000000d5580000)
  object space 103424K, 99% used [0x0000000080000000,0x00000000864e01b0,0x0000000086500000)
 Metaspace       used 54435K, committed 55616K, reserved 1114112K
  class space    used 5851K, committed 6336K, reserved 1048576K
GC Heap History (20 events):
Event: 7.662 GC heap before
{Heap before GC invocations=52 (full 2):
 PSYoungGen      total 21504K, used 21320K [0x00000000d5580000, 0x00000000d6d00000, 0x0000000100000000)
  eden space 18944K, 100% used [0x00000000d5580000,0x00000000d6800000,0x00000000d6800000)
  from space 2560K, 92% used [0x00000000d6800000,0x00000000d6a52038,0x00000000d6a80000)
  to   space 2560K, 0% used [0x00000000d6a80000,0x00000000d6a80000,0x00000000d6d00000)
 ParOldGen       total 83968K, used 83880K [0x0000000080000000, 0x0000000085200000, 0x00000000d5580000)
  object space 83968K, 99% used [0x0000000080000000,0x00000000851ea3b8,0x0000000085200000)
 Metaspace       used 52724K, committed 53952K, reserved 1114112K
  class space    used 5652K, committed 6144K, reserved 1048576K
}
Event: 7.665 GC heap after
{Heap after GC invocations=52 (full 2):
 PSYoungGen      total 21504K, used 2080K [0x00000000d5580000, 0x00000000d6d00000, 0x0000000100000000)
  eden space 18944K, 0% used [0x00000000d5580000,0x00000000d5580000,0x00000000d6800000)
  from space 2560K, 81% used [0x00000000d6a80000,0x00000000d6c88000,0x00000000d6d00000)
  to   space 2560K, 0% used [0x00000000d6800000,0x00000000d6800000,0x00000000d6a80000)
 ParOldGen       total 86016K, used 85989K [0x0000000080000000, 0x0000000085400000, 0x00000000d5580000)
  object space 86016K, 99% used [0x0000000080000000,0x00000000853f95f8,0x0000000085400000)
 Metaspace       used 52724K, committed 53952K, reserved 1114112K
  class space    used 5652K, committed 6144K, reserved 1048576K
}
Event: 7.723 GC heap before
{Heap before GC invocations=53 (full 2):
 PSYoungGen      total 21504K, used 21024K [0x00000000d5580000, 0x00000000d6d00000, 0x0000000100000000)
  eden space 18944K, 100% used [0x00000000d5580000,0x00000000d6800000,0x00000000d6800000)
  from space 2560K, 81% used [0x00000000d6a80000,0x00000000d6c88000,0x00000000d6d00000)
  to   space 2560K, 0% used [0x00000000d6800000,0x00000000d6800000,0x00000000d6a80000)
 ParOldGen       total 86016K, used 85989K [0x0000000080000000, 0x0000000085400000, 0x00000000d5580000)
  object space 86016K, 99% used [0x0000000080000000,0x00000000853f95f8,0x0000000085400000)
 Metaspace       used 52829K, committed 54080K, reserved 1114112K
  class space    used 5673K, committed 6208K, reserved 1048576K
}
Event: 7.725 GC heap after
{Heap after GC invocations=53 (full 2):
 PSYoungGen      total 20992K, used 1824K [0x00000000d5580000, 0x00000000d6c00000, 0x0000000100000000)
  eden space 18944K, 0% used [0x00000000d5580000,0x00000000d5580000,0x00000000d6800000)
  from space 2048K, 89% used [0x00000000d6800000,0x00000000d69c8000,0x00000000d6a00000)
  to   space 2048K, 0% used [0x00000000d6a00000,0x00000000d6a00000,0x00000000d6c00000)
 ParOldGen       total 88064K, used 87850K [0x0000000080000000, 0x0000000085600000, 0x00000000d5580000)
  object space 88064K, 99% used [0x0000000080000000,0x00000000855cabb0,0x0000000085600000)
 Metaspace       used 52829K, committed 54080K, reserved 1114112K
  class space    used 5673K, committed 6208K, reserved 1048576K
}
Event: 7.804 GC heap before
{Heap before GC invocations=54 (full 2):
 PSYoungGen      total 20992K, used 20768K [0x00000000d5580000, 0x00000000d6c00000, 0x0000000100000000)
  eden space 18944K, 100% used [0x00000000d5580000,0x00000000d6800000,0x00000000d6800000)
  from space 2048K, 89% used [0x00000000d6800000,0x00000000d69c8000,0x00000000d6a00000)
  to   space 2048K, 0% used [0x00000000d6a00000,0x00000000d6a00000,0x00000000d6c00000)
 ParOldGen       total 88064K, used 87850K [0x0000000080000000, 0x0000000085600000, 0x00000000d5580000)
  object space 88064K, 99% used [0x0000000080000000,0x00000000855cabb0,0x0000000085600000)
 Metaspace       used 52895K, committed 54144K, reserved 1114112K
  class space    used 5699K, committed 6208K, reserved 1048576K
}
Event: 7.807 GC heap after
{Heap after GC invocations=54 (full 2):
 PSYoungGen      total 20992K, used 1664K [0x00000000d5580000, 0x00000000d6c00000, 0x0000000100000000)
  eden space 18944K, 0% used [0x00000000d5580000,0x00000000d5580000,0x00000000d6800000)
  from space 2048K, 81% used [0x00000000d6a00000,0x00000000d6ba0000,0x00000000d6c00000)
  to   space 2048K, 0% used [0x00000000d6800000,0x00000000d6800000,0x00000000d6a00000)
 ParOldGen       total 90112K, used 89970K [0x0000000080000000, 0x0000000085800000, 0x00000000d5580000)
  object space 90112K, 99% used [0x0000000080000000,0x00000000857dcbb8,0x0000000085800000)
 Metaspace       used 52895K, committed 54144K, reserved 1114112K
  class space    used 5699K, committed 6208K, reserved 1048576K
}
Event: 7.870 GC heap before
{Heap before GC invocations=55 (full 2):
 PSYoungGen      total 20992K, used 20608K [0x00000000d5580000, 0x00000000d6c00000, 0x0000000100000000)
  eden space 18944K, 100% used [0x00000000d5580000,0x00000000d6800000,0x00000000d6800000)
  from space 2048K, 81% used [0x00000000d6a00000,0x00000000d6ba0000,0x00000000d6c00000)
  to   space 2048K, 0% used [0x00000000d6800000,0x00000000d6800000,0x00000000d6a00000)
 ParOldGen       total 90112K, used 89970K [0x0000000080000000, 0x0000000085800000, 0x00000000d5580000)
  object space 90112K, 99% used [0x0000000080000000,0x00000000857dcbb8,0x0000000085800000)
 Metaspace       used 53021K, committed 54272K, reserved 1114112K
  class space    used 5715K, committed 6208K, reserved 1048576K
}
Event: 7.873 GC heap after
{Heap after GC invocations=55 (full 2):
 PSYoungGen      total 20992K, used 1824K [0x00000000d5580000, 0x00000000d6c00000, 0x0000000100000000)
  eden space 18944K, 0% used [0x00000000d5580000,0x00000000d5580000,0x00000000d6800000)
  from space 2048K, 89% used [0x00000000d6800000,0x00000000d69c8010,0x00000000d6a00000)
  to   space 2048K, 0% used [0x00000000d6a00000,0x00000000d6a00000,0x00000000d6c00000)
 ParOldGen       total 91648K, used 91498K [0x0000000080000000, 0x0000000085980000, 0x00000000d5580000)
  object space 91648K, 99% used [0x0000000080000000,0x000000008595abb8,0x0000000085980000)
 Metaspace       used 53021K, committed 54272K, reserved 1114112K
  class space    used 5715K, committed 6208K, reserved 1048576K
}
Event: 7.957 GC heap before
{Heap before GC invocations=56 (full 2):
 PSYoungGen      total 20992K, used 20720K [0x00000000d5580000, 0x00000000d6c00000, 0x0000000100000000)
  eden space 18944K, 99% used [0x00000000d5580000,0x00000000d67f41b8,0x00000000d6800000)
  from space 2048K, 89% used [0x00000000d6800000,0x00000000d69c8010,0x00000000d6a00000)
  to   space 2048K, 0% used [0x00000000d6a00000,0x00000000d6a00000,0x00000000d6c00000)
 ParOldGen       total 91648K, used 91498K [0x0000000080000000, 0x0000000085980000, 0x00000000d5580000)
  object space 91648K, 99% used [0x0000000080000000,0x000000008595abb8,0x0000000085980000)
 Metaspace       used 53209K, committed 54528K, reserved 1114112K
  class space    used 5727K, committed 6272K, reserved 1048576K
}
Event: 7.959 GC heap after
{Heap after GC invocations=56 (full 2):
 PSYoungGen      total 20992K, used 1782K [0x00000000d5580000, 0x00000000d6c00000, 0x0000000100000000)
  eden space 18944K, 0% used [0x00000000d5580000,0x00000000d5580000,0x00000000d6800000)
  from space 2048K, 87% used [0x00000000d6a00000,0x00000000d6bbd810,0x00000000d6c00000)
  to   space 2048K, 0% used [0x00000000d6800000,0x00000000d6800000,0x00000000d6a00000)
 ParOldGen       total 93184K, used 93130K [0x0000000080000000, 0x0000000085b00000, 0x00000000d5580000)
  object space 93184K, 99% used [0x0000000080000000,0x0000000085af2bb8,0x0000000085b00000)
 Metaspace       used 53209K, committed 54528K, reserved 1114112K
  class space    used 5727K, committed 6272K, reserved 1048576K
}
Event: 8.037 GC heap before
{Heap before GC invocations=57 (full 2):
 PSYoungGen      total 20992K, used 20726K [0x00000000d5580000, 0x00000000d6c00000, 0x0000000100000000)
  eden space 18944K, 100% used [0x00000000d5580000,0x00000000d6800000,0x00000000d6800000)
  from space 2048K, 87% used [0x00000000d6a00000,0x00000000d6bbd810,0x00000000d6c00000)
  to   space 2048K, 0% used [0x00000000d6800000,0x00000000d6800000,0x00000000d6a00000)
 ParOldGen       total 93184K, used 93130K [0x0000000080000000, 0x0000000085b00000, 0x00000000d5580000)
  object space 93184K, 99% used [0x0000000080000000,0x0000000085af2bb8,0x0000000085b00000)
 Metaspace       used 53436K, committed 54720K, reserved 1114112K
  class space    used 5746K, committed 6272K, reserved 1048576K
}
Event: 8.039 GC heap after
{Heap after GC invocations=57 (full 2):
 PSYoungGen      total 20992K, used 1696K [0x00000000d5580000, 0x00000000d6c00000, 0x0000000100000000)
  eden space 18944K, 0% used [0x00000000d5580000,0x00000000d5580000,0x00000000d6800000)
  from space 2048K, 82% used [0x00000000d6800000,0x00000000d69a8000,0x00000000d6a00000)
  to   space 2048K, 0% used [0x00000000d6a00000,0x00000000d6a00000,0x00000000d6c00000)
 ParOldGen       total 95232K, used 94760K [0x0000000080000000, 0x0000000085d00000, 0x00000000d5580000)
  object space 95232K, 99% used [0x0000000080000000,0x0000000085c8a3c8,0x0000000085d00000)
 Metaspace       used 53436K, committed 54720K, reserved 1114112K
  class space    used 5746K, committed 6272K, reserved 1048576K
}
Event: 8.090 GC heap before
{Heap before GC invocations=58 (full 2):
 PSYoungGen      total 20992K, used 20640K [0x00000000d5580000, 0x00000000d6c00000, 0x0000000100000000)
  eden space 18944K, 100% used [0x00000000d5580000,0x00000000d6800000,0x00000000d6800000)
  from space 2048K, 82% used [0x00000000d6800000,0x00000000d69a8000,0x00000000d6a00000)
  to   space 2048K, 0% used [0x00000000d6a00000,0x00000000d6a00000,0x00000000d6c00000)
 ParOldGen       total 95232K, used 94760K [0x0000000080000000, 0x0000000085d00000, 0x00000000d5580000)
  object space 95232K, 99% used [0x0000000080000000,0x0000000085c8a3c8,0x0000000085d00000)
 Metaspace       used 53525K, committed 54784K, reserved 1114112K
  class space    used 5762K, committed 6272K, reserved 1048576K
}
Event: 8.092 GC heap after
{Heap after GC invocations=58 (full 2):
 PSYoungGen      total 20992K, used 1680K [0x00000000d5580000, 0x00000000d6c00000, 0x0000000100000000)
  eden space 18944K, 0% used [0x00000000d5580000,0x00000000d5580000,0x00000000d6800000)
  from space 2048K, 82% used [0x00000000d6a00000,0x00000000d6ba4010,0x00000000d6c00000)
  to   space 2048K, 0% used [0x00000000d6800000,0x00000000d6800000,0x00000000d6a00000)
 ParOldGen       total 96256K, used 96232K [0x0000000080000000, 0x0000000085e00000, 0x00000000d5580000)
  object space 96256K, 99% used [0x0000000080000000,0x0000000085dfa3c8,0x0000000085e00000)
 Metaspace       used 53525K, committed 54784K, reserved 1114112K
  class space    used 5762K, committed 6272K, reserved 1048576K
}
Event: 8.142 GC heap before
{Heap before GC invocations=59 (full 2):
 PSYoungGen      total 20992K, used 20624K [0x00000000d5580000, 0x00000000d6c00000, 0x0000000100000000)
  eden space 18944K, 100% used [0x00000000d5580000,0x00000000d6800000,0x00000000d6800000)
  from space 2048K, 82% used [0x00000000d6a00000,0x00000000d6ba4010,0x00000000d6c00000)
  to   space 2048K, 0% used [0x00000000d6800000,0x00000000d6800000,0x00000000d6a00000)
 ParOldGen       total 96256K, used 96232K [0x0000000080000000, 0x0000000085e00000, 0x00000000d5580000)
  object space 96256K, 99% used [0x0000000080000000,0x0000000085dfa3c8,0x0000000085e00000)
 Metaspace       used 53717K, committed 54976K, reserved 1114112K
  class space    used 5779K, committed 6272K, reserved 1048576K
}
Event: 8.145 GC heap after
{Heap after GC invocations=59 (full 2):
 PSYoungGen      total 20992K, used 2032K [0x00000000d5580000, 0x00000000d7000000, 0x0000000100000000)
  eden space 18944K, 0% used [0x00000000d5580000,0x00000000d5580000,0x00000000d6800000)
  from space 2048K, 99% used [0x00000000d6800000,0x00000000d69fc260,0x00000000d6a00000)
  to   space 4096K, 0% used [0x00000000d6c00000,0x00000000d6c00000,0x00000000d7000000)
 ParOldGen       total 97792K, used 97752K [0x0000000080000000, 0x0000000085f80000, 0x00000000d5580000)
  object space 97792K, 99% used [0x0000000080000000,0x0000000085f763c8,0x0000000085f80000)
 Metaspace       used 53717K, committed 54976K, reserved 1114112K
  class space    used 5779K, committed 6272K, reserved 1048576K
}
Event: 8.213 GC heap before
{Heap before GC invocations=60 (full 2):
 PSYoungGen      total 20992K, used 20976K [0x00000000d5580000, 0x00000000d7000000, 0x0000000100000000)
  eden space 18944K, 100% used [0x00000000d5580000,0x00000000d6800000,0x00000000d6800000)
  from space 2048K, 99% used [0x00000000d6800000,0x00000000d69fc260,0x00000000d6a00000)
  to   space 4096K, 0% used [0x00000000d6c00000,0x00000000d6c00000,0x00000000d7000000)
 ParOldGen       total 97792K, used 97752K [0x0000000080000000, 0x0000000085f80000, 0x00000000d5580000)
  object space 97792K, 99% used [0x0000000080000000,0x0000000085f763c8,0x0000000085f80000)
 Metaspace       used 53902K, committed 55168K, reserved 1114112K
  class space    used 5800K, committed 6336K, reserved 1048576K
}
Event: 8.216 GC heap after
{Heap after GC invocations=60 (full 2):
 PSYoungGen      total 21504K, used 2235K [0x00000000d5580000, 0x00000000d6e80000, 0x0000000100000000)
  eden space 18944K, 0% used [0x00000000d5580000,0x00000000d5580000,0x00000000d6800000)
  from space 2560K, 87% used [0x00000000d6c00000,0x00000000d6e2ee28,0x00000000d6e80000)
  to   space 3072K, 0% used [0x00000000d6880000,0x00000000d6880000,0x00000000d6b80000)
 ParOldGen       total 99840K, used 99527K [0x0000000080000000, 0x0000000086180000, 0x00000000d5580000)
  object space 99840K, 99% used [0x0000000080000000,0x0000000086131df0,0x0000000086180000)
 Metaspace       used 53902K, committed 55168K, reserved 1114112K
  class space    used 5800K, committed 6336K, reserved 1048576K
}
Event: 8.278 GC heap before
{Heap before GC invocations=61 (full 2):
 PSYoungGen      total 21504K, used 21179K [0x00000000d5580000, 0x00000000d6e80000, 0x0000000100000000)
  eden space 18944K, 100% used [0x00000000d5580000,0x00000000d6800000,0x00000000d6800000)
  from space 2560K, 87% used [0x00000000d6c00000,0x00000000d6e2ee28,0x00000000d6e80000)
  to   space 3072K, 0% used [0x00000000d6880000,0x00000000d6880000,0x00000000d6b80000)
 ParOldGen       total 99840K, used 99527K [0x0000000080000000, 0x0000000086180000, 0x00000000d5580000)
  object space 99840K, 99% used [0x0000000080000000,0x0000000086131e08,0x0000000086180000)
 Metaspace       used 54306K, committed 55552K, reserved 1114112K
  class space    used 5834K, committed 6336K, reserved 1048576K
}
Event: 8.281 GC heap after
{Heap after GC invocations=61 (full 2):
 PSYoungGen      total 22016K, used 2992K [0x00000000d5580000, 0x00000000d6f00000, 0x0000000100000000)
  eden space 18944K, 0% used [0x00000000d5580000,0x00000000d5580000,0x00000000d6800000)
  from space 3072K, 97% used [0x00000000d6880000,0x00000000d6b6c1c0,0x00000000d6b80000)
  to   space 3584K, 0% used [0x00000000d6b80000,0x00000000d6b80000,0x00000000d6f00000)
 ParOldGen       total 101888K, used 101414K [0x0000000080000000, 0x0000000086380000, 0x00000000d5580000)
  object space 101888K, 99% used [0x0000000080000000,0x0000000086309830,0x0000000086380000)
 Metaspace       used 54306K, committed 55552K, reserved 1114112K
  class space    used 5834K, committed 6336K, reserved 1048576K
}

