# JRE version: OpenJDK Runtime Environment Temurin-21.0.8+9 (21.0.8+9) (build 21.0.8+9-LTS)
# Java VM: OpenJDK 64-Bit Server VM Temurin-21.0.8+9 (21.0.8+9-LTS, mixed mode, sharing, tiered, compressed oops, compressed class ptrs, parallel gc, windows-amd64)
GC Precious Log:
 CardTable entry size: 512
 CPUs: 8 total, 8 available
 Memory: 8001M
 Large Page Support: Disabled
 NUMA Support: Disabled
 Compressed Oops: Enabled (32-bit)
 Alignments: Space 512K, Generation 512K, Heap 2M
 Heap Min Capacity: 100M
 Heap Initial Capacity: 100M
 Heap Max Capacity: 2G
 Pre-touch: Disabled
 Parallel Workers: 8
Heap:
 PSYoungGen      total 12800K, used 7352K [0x00000000d5580000, 0x00000000d6380000, 0x0000000100000000)
  eden space 11264K, 54% used [0x00000000d5580000,0x00000000d5b73e48,0x00000000d6080000)
  from space 1536K, 81% used [0x00000000d6100000,0x00000000d623a400,0x00000000d6280000)
  to   space 1024K, 0% used [0x00000000d6280000,0x00000000d6280000,0x00000000d6380000)
 ParOldGen       total 913408K, used 425405K [0x0000000080000000, 0x00000000b7c00000, 0x00000000d5580000)
  object space 913408K, 46% used [0x0000000080000000,0x0000000099f6f5b8,0x00000000b7c00000)
 Metaspace       used 78646K, committed 80512K, reserved 1179648K
  class space    used 7929K, committed 8832K, reserved 1048576K
GC Heap History (20 events):
Event: 88.178 GC heap before
{Heap before GC invocations=1620 (full 4):
 PSYoungGen      total 12288K, used 12265K [0x00000000d5580000, 0x00000000d6580000, 0x0000000100000000)
  eden space 11264K, 100% used [0x00000000d5580000,0x00000000d6080000,0x00000000d6080000)
  from space 1024K, 97% used [0x00000000d6180000,0x00000000d627a400,0x00000000d6280000)
  to   space 2560K, 0% used [0x00000000d6300000,0x00000000d6300000,0x00000000d6580000)
 ParOldGen       total 913408K, used 416918K [0x0000000080000000, 0x00000000b7c00000, 0x00000000d5580000)
  object space 913408K, 45% used [0x0000000080000000,0x0000000099725a48,0x00000000b7c00000)
 Metaspace       used 78238K, committed 80064K, reserved 1179648K
  class space    used 7900K, committed 8704K, reserved 1048576K
}
Event: 88.184 GC heap after
{Heap after GC invocations=1620 (full 4):
 PSYoungGen      total 12800K, used 1241K [0x00000000d5580000, 0x00000000d6480000, 0x0000000100000000)
  eden space 11264K, 0% used [0x00000000d5580000,0x00000000d5580000,0x00000000d6080000)
  from space 1536K, 80% used [0x00000000d6300000,0x00000000d6436410,0x00000000d6480000)
  to   space 1536K, 0% used [0x00000000d6180000,0x00000000d6180000,0x00000000d6300000)
 ParOldGen       total 913408K, used 417934K [0x0000000080000000, 0x00000000b7c00000, 0x00000000d5580000)
  object space 913408K, 45% used [0x0000000080000000,0x0000000099823830,0x00000000b7c00000)
 Metaspace       used 78238K, committed 80064K, reserved 1179648K
  class space    used 7900K, committed 8704K, reserved 1048576K
}
Event: 88.218 GC heap before
{Heap before GC invocations=1621 (full 4):
 PSYoungGen      total 12800K, used 12505K [0x00000000d5580000, 0x00000000d6480000, 0x0000000100000000)
  eden space 11264K, 100% used [0x00000000d5580000,0x00000000d6080000,0x00000000d6080000)
  from space 1536K, 80% used [0x00000000d6300000,0x00000000d6436410,0x00000000d6480000)
  to   space 1536K, 0% used [0x00000000d6180000,0x00000000d6180000,0x00000000d6300000)
 ParOldGen       total 913408K, used 417934K [0x0000000080000000, 0x00000000b7c00000, 0x00000000d5580000)
  object space 913408K, 45% used [0x0000000080000000,0x0000000099823830,0x00000000b7c00000)
 Metaspace       used 78258K, committed 80064K, reserved 1179648K
  class space    used 7900K, committed 8704K, reserved 1048576K
}
Event: 88.221 GC heap after
{Heap after GC invocations=1621 (full 4):
 PSYoungGen      total 12288K, used 553K [0x00000000d5580000, 0x00000000d6380000, 0x0000000100000000)
  eden space 11264K, 0% used [0x00000000d5580000,0x00000000d5580000,0x00000000d6080000)
  from space 1024K, 54% used [0x00000000d6180000,0x00000000d620a400,0x00000000d6280000)
  to   space 1024K, 0% used [0x00000000d6280000,0x00000000d6280000,0x00000000d6380000)
 ParOldGen       total 913408K, used 418463K [0x0000000080000000, 0x00000000b7c00000, 0x00000000d5580000)
  object space 913408K, 45% used [0x0000000080000000,0x00000000998a7fc0,0x00000000b7c00000)
 Metaspace       used 78258K, committed 80064K, reserved 1179648K
  class space    used 7900K, committed 8704K, reserved 1048576K
}
Event: 88.242 GC heap before
{Heap before GC invocations=1622 (full 4):
 PSYoungGen      total 12288K, used 11804K [0x00000000d5580000, 0x00000000d6380000, 0x0000000100000000)
  eden space 11264K, 99% used [0x00000000d5580000,0x00000000d607ccb8,0x00000000d6080000)
  from space 1024K, 54% used [0x00000000d6180000,0x00000000d620a400,0x00000000d6280000)
  to   space 1024K, 0% used [0x00000000d6280000,0x00000000d6280000,0x00000000d6380000)
 ParOldGen       total 913408K, used 418463K [0x0000000080000000, 0x00000000b7c00000, 0x00000000d5580000)
  object space 913408K, 45% used [0x0000000080000000,0x00000000998a7fc0,0x00000000b7c00000)
 Metaspace       used 78258K, committed 80064K, reserved 1179648K
  class space    used 7900K, committed 8704K, reserved 1048576K
}
Event: 88.245 GC heap after
{Heap after GC invocations=1622 (full 4):
 PSYoungGen      total 12288K, used 1012K [0x00000000d5580000, 0x00000000d6480000, 0x0000000100000000)
  eden space 11264K, 0% used [0x00000000d5580000,0x00000000d5580000,0x00000000d6080000)
  from space 1024K, 98% used [0x00000000d6280000,0x00000000d637d200,0x00000000d6380000)
  to   space 2048K, 0% used [0x00000000d6080000,0x00000000d6080000,0x00000000d6280000)
 ParOldGen       total 913408K, used 418865K [0x0000000080000000, 0x00000000b7c00000, 0x00000000d5580000)
  object space 913408K, 45% used [0x0000000080000000,0x000000009990c520,0x00000000b7c00000)
 Metaspace       used 78258K, committed 80064K, reserved 1179648K
  class space    used 7900K, committed 8704K, reserved 1048576K
}
Event: 88.263 GC heap before
{Heap before GC invocations=1623 (full 4):
 PSYoungGen      total 12288K, used 12276K [0x00000000d5580000, 0x00000000d6480000, 0x0000000100000000)
  eden space 11264K, 100% used [0x00000000d5580000,0x00000000d6080000,0x00000000d6080000)
  from space 1024K, 98% used [0x00000000d6280000,0x00000000d637d200,0x00000000d6380000)
  to   space 2048K, 0% used [0x00000000d6080000,0x00000000d6080000,0x00000000d6280000)
 ParOldGen       total 913408K, used 418865K [0x0000000080000000, 0x00000000b7c00000, 0x00000000d5580000)
  object space 913408K, 45% used [0x0000000080000000,0x000000009990c520,0x00000000b7c00000)
 Metaspace       used 78260K, committed 80064K, reserved 1179648K
  class space    used 7900K, committed 8704K, reserved 1048576K
}
Event: 88.268 GC heap after
{Heap after GC invocations=1623 (full 4):
 PSYoungGen      total 12800K, used 1092K [0x00000000d5580000, 0x00000000d6380000, 0x0000000100000000)
  eden space 11264K, 0% used [0x00000000d5580000,0x00000000d5580000,0x00000000d6080000)
  from space 1536K, 71% used [0x00000000d6080000,0x00000000d6191210,0x00000000d6200000)
  to   space 1536K, 0% used [0x00000000d6200000,0x00000000d6200000,0x00000000d6380000)
 ParOldGen       total 913408K, used 419813K [0x0000000080000000, 0x00000000b7c00000, 0x00000000d5580000)
  object space 913408K, 45% used [0x0000000080000000,0x00000000999f97e8,0x00000000b7c00000)
 Metaspace       used 78260K, committed 80064K, reserved 1179648K
  class space    used 7900K, committed 8704K, reserved 1048576K
}
Event: 88.287 GC heap before
{Heap before GC invocations=1624 (full 4):
 PSYoungGen      total 12800K, used 12356K [0x00000000d5580000, 0x00000000d6380000, 0x0000000100000000)
  eden space 11264K, 100% used [0x00000000d5580000,0x00000000d6080000,0x00000000d6080000)
  from space 1536K, 71% used [0x00000000d6080000,0x00000000d6191210,0x00000000d6200000)
  to   space 1536K, 0% used [0x00000000d6200000,0x00000000d6200000,0x00000000d6380000)
 ParOldGen       total 913408K, used 419813K [0x0000000080000000, 0x00000000b7c00000, 0x00000000d5580000)
  object space 913408K, 45% used [0x0000000080000000,0x00000000999f97e8,0x00000000b7c00000)
 Metaspace       used 78271K, committed 80064K, reserved 1179648K
  class space    used 7900K, committed 8704K, reserved 1048576K
}
Event: 88.291 GC heap after
{Heap after GC invocations=1624 (full 4):
 PSYoungGen      total 12800K, used 1209K [0x00000000d5580000, 0x00000000d6380000, 0x0000000100000000)
  eden space 11264K, 0% used [0x00000000d5580000,0x00000000d5580000,0x00000000d6080000)
  from space 1536K, 78% used [0x00000000d6200000,0x00000000d632e410,0x00000000d6380000)
  to   space 1536K, 0% used [0x00000000d6080000,0x00000000d6080000,0x00000000d6200000)
 ParOldGen       total 913408K, used 420806K [0x0000000080000000, 0x00000000b7c00000, 0x00000000d5580000)
  object space 913408K, 46% used [0x0000000080000000,0x0000000099af1a08,0x00000000b7c00000)
 Metaspace       used 78271K, committed 80064K, reserved 1179648K
  class space    used 7900K, committed 8704K, reserved 1048576K
}
Event: 88.320 GC heap before
{Heap before GC invocations=1625 (full 4):
 PSYoungGen      total 12800K, used 12473K [0x00000000d5580000, 0x00000000d6380000, 0x0000000100000000)
  eden space 11264K, 100% used [0x00000000d5580000,0x00000000d6080000,0x00000000d6080000)
  from space 1536K, 78% used [0x00000000d6200000,0x00000000d632e410,0x00000000d6380000)
  to   space 1536K, 0% used [0x00000000d6080000,0x00000000d6080000,0x00000000d6200000)
 ParOldGen       total 913408K, used 420806K [0x0000000080000000, 0x00000000b7c00000, 0x00000000d5580000)
  object space 913408K, 46% used [0x0000000080000000,0x0000000099af1a08,0x00000000b7c00000)
 Metaspace       used 78282K, committed 80064K, reserved 1179648K
  class space    used 7900K, committed 8704K, reserved 1048576K
}
Event: 88.326 GC heap after
{Heap after GC invocations=1625 (full 4):
 PSYoungGen      total 12800K, used 1049K [0x00000000d5580000, 0x00000000d6380000, 0x0000000100000000)
  eden space 11264K, 0% used [0x00000000d5580000,0x00000000d5580000,0x00000000d6080000)
  from space 1536K, 68% used [0x00000000d6080000,0x00000000d6186410,0x00000000d6200000)
  to   space 1536K, 0% used [0x00000000d6200000,0x00000000d6200000,0x00000000d6380000)
 ParOldGen       total 913408K, used 421912K [0x0000000080000000, 0x00000000b7c00000, 0x00000000d5580000)
  object space 913408K, 46% used [0x0000000080000000,0x0000000099c06170,0x00000000b7c00000)
 Metaspace       used 78282K, committed 80064K, reserved 1179648K
  class space    used 7900K, committed 8704K, reserved 1048576K
}
Event: 3526.980 GC heap before
{Heap before GC invocations=1626 (full 4):
 PSYoungGen      total 12800K, used 12313K [0x00000000d5580000, 0x00000000d6380000, 0x0000000100000000)
  eden space 11264K, 100% used [0x00000000d5580000,0x00000000d6080000,0x00000000d6080000)
  from space 1536K, 68% used [0x00000000d6080000,0x00000000d6186410,0x00000000d6200000)
  to   space 1536K, 0% used [0x00000000d6200000,0x00000000d6200000,0x00000000d6380000)
 ParOldGen       total 913408K, used 421912K [0x0000000080000000, 0x00000000b7c00000, 0x00000000d5580000)
  object space 913408K, 46% used [0x0000000080000000,0x0000000099c06170,0x00000000b7c00000)
 Metaspace       used 78630K, committed 80512K, reserved 1179648K
  class space    used 7929K, committed 8832K, reserved 1048576K
}
Event: 3527.015 GC heap after
{Heap after GC invocations=1626 (full 4):
 PSYoungGen      total 12288K, used 720K [0x00000000d5580000, 0x00000000d6300000, 0x0000000100000000)
  eden space 11264K, 0% used [0x00000000d5580000,0x00000000d5580000,0x00000000d6080000)
  from space 1024K, 70% used [0x00000000d6200000,0x00000000d62b4030,0x00000000d6300000)
  to   space 1024K, 0% used [0x00000000d6100000,0x00000000d6100000,0x00000000d6200000)
 ParOldGen       total 913408K, used 422849K [0x0000000080000000, 0x00000000b7c00000, 0x00000000d5580000)
  object space 913408K, 46% used [0x0000000080000000,0x0000000099cf0648,0x00000000b7c00000)
 Metaspace       used 78630K, committed 80512K, reserved 1179648K
  class space    used 7929K, committed 8832K, reserved 1048576K
}
Event: 3527.156 GC heap before
{Heap before GC invocations=1627 (full 4):
 PSYoungGen      total 12288K, used 11984K [0x00000000d5580000, 0x00000000d6300000, 0x0000000100000000)
  eden space 11264K, 100% used [0x00000000d5580000,0x00000000d6080000,0x00000000d6080000)
  from space 1024K, 70% used [0x00000000d6200000,0x00000000d62b4030,0x00000000d6300000)
  to   space 1024K, 0% used [0x00000000d6100000,0x00000000d6100000,0x00000000d6200000)
 ParOldGen       total 913408K, used 422849K [0x0000000080000000, 0x00000000b7c00000, 0x00000000d5580000)
  object space 913408K, 46% used [0x0000000080000000,0x0000000099cf0648,0x00000000b7c00000)
 Metaspace       used 78632K, committed 80512K, reserved 1179648K
  class space    used 7929K, committed 8832K, reserved 1048576K
}
Event: 3527.163 GC heap after
{Heap after GC invocations=1627 (full 4):
 PSYoungGen      total 12288K, used 1001K [0x00000000d5580000, 0x00000000d6480000, 0x0000000100000000)
  eden space 11264K, 0% used [0x00000000d5580000,0x00000000d5580000,0x00000000d6080000)
  from space 1024K, 97% used [0x00000000d6100000,0x00000000d61fa400,0x00000000d6200000)
  to   space 2048K, 0% used [0x00000000d6280000,0x00000000d6280000,0x00000000d6480000)
 ParOldGen       total 913408K, used 423442K [0x0000000080000000, 0x00000000b7c00000, 0x00000000d5580000)
  object space 913408K, 46% used [0x0000000080000000,0x0000000099d849a0,0x00000000b7c00000)
 Metaspace       used 78632K, committed 80512K, reserved 1179648K
  class space    used 7929K, committed 8832K, reserved 1048576K
}
Event: 3705.962 GC heap before
{Heap before GC invocations=1628 (full 4):
 PSYoungGen      total 12288K, used 12265K [0x00000000d5580000, 0x00000000d6480000, 0x0000000100000000)
  eden space 11264K, 100% used [0x00000000d5580000,0x00000000d6080000,0x00000000d6080000)
  from space 1024K, 97% used [0x00000000d6100000,0x00000000d61fa400,0x00000000d6200000)
  to   space 2048K, 0% used [0x00000000d6280000,0x00000000d6280000,0x00000000d6480000)
 ParOldGen       total 913408K, used 423442K [0x0000000080000000, 0x00000000b7c00000, 0x00000000d5580000)
  object space 913408K, 46% used [0x0000000080000000,0x0000000099d849a0,0x00000000b7c00000)
 Metaspace       used 78637K, committed 80512K, reserved 1179648K
  class space    used 7929K, committed 8832K, reserved 1048576K
}
Event: 3705.982 GC heap after
{Heap after GC invocations=1628 (full 4):
 PSYoungGen      total 12800K, used 1257K [0x00000000d5580000, 0x00000000d6400000, 0x0000000100000000)
  eden space 11264K, 0% used [0x00000000d5580000,0x00000000d5580000,0x00000000d6080000)
  from space 1536K, 81% used [0x00000000d6280000,0x00000000d63ba420,0x00000000d6400000)
  to   space 1536K, 0% used [0x00000000d6100000,0x00000000d6100000,0x00000000d6280000)
 ParOldGen       total 913408K, used 424379K [0x0000000080000000, 0x00000000b7c00000, 0x00000000d5580000)
  object space 913408K, 46% used [0x0000000080000000,0x0000000099e6edd0,0x00000000b7c00000)
 Metaspace       used 78637K, committed 80512K, reserved 1179648K
  class space    used 7929K, committed 8832K, reserved 1048576K
}
Event: 3706.203 GC heap before
{Heap before GC invocations=1629 (full 4):
 PSYoungGen      total 12800K, used 12521K [0x00000000d5580000, 0x00000000d6400000, 0x0000000100000000)
  eden space 11264K, 100% used [0x00000000d5580000,0x00000000d6080000,0x00000000d6080000)
  from space 1536K, 81% used [0x00000000d6280000,0x00000000d63ba420,0x00000000d6400000)
  to   space 1536K, 0% used [0x00000000d6100000,0x00000000d6100000,0x00000000d6280000)
 ParOldGen       total 913408K, used 424379K [0x0000000080000000, 0x00000000b7c00000, 0x00000000d5580000)
  object space 913408K, 46% used [0x0000000080000000,0x0000000099e6edd0,0x00000000b7c00000)
 Metaspace       used 78642K, committed 80512K, reserved 1179648K
  class space    used 7929K, committed 8832K, reserved 1048576K
}
Event: 3706.209 GC heap after
{Heap after GC invocations=1629 (full 4):
 PSYoungGen      total 12800K, used 1257K [0x00000000d5580000, 0x00000000d6380000, 0x0000000100000000)
  eden space 11264K, 0% used [0x00000000d5580000,0x00000000d5580000,0x00000000d6080000)
  from space 1536K, 81% used [0x00000000d6100000,0x00000000d623a400,0x00000000d6280000)
  to   space 1024K, 0% used [0x00000000d6280000,0x00000000d6280000,0x00000000d6380000)
 ParOldGen       total 913408K, used 425405K [0x0000000080000000, 0x00000000b7c00000, 0x00000000d5580000)
  object space 913408K, 46% used [0x0000000080000000,0x0000000099f6f5b8,0x00000000b7c00000)
 Metaspace       used 78642K, committed 80512K, reserved 1179648K
  class space    used 7929K, committed 8832K, reserved 1048576K
}

