# JRE version: OpenJDK Runtime Environment Temurin-21.0.8+9 (21.0.8+9) (build 21.0.8+9-LTS)
# Java VM: OpenJDK 64-Bit Server VM Temurin-21.0.8+9 (21.0.8+9-LTS, mixed mode, sharing, tiered, compressed oops, compressed class ptrs, parallel gc, windows-amd64)
GC Precious Log:
 CardTable entry size: 512
 CPUs: 8 total, 8 available
 Memory: 8001M
 Large Page Support: Disabled
 NUMA Support: Disabled
 Compressed Oops: Enabled (32-bit)
 Alignments: Space 512K, Generation 512K, Heap 2M
 Heap Min Capacity: 100M
 Heap Initial Capacity: 100M
 Heap Max Capacity: 2G
 Pre-touch: Disabled
 Parallel Workers: 8
Heap:
 PSYoungGen      total 24064K, used 2656K [0x00000000d5580000, 0x00000000d8f00000, 0x0000000100000000)
  eden space 22528K, 4% used [0x00000000d5580000,0x00000000d5698cd0,0x00000000d6b80000)
  from space 1536K, 99% used [0x00000000d7700000,0x00000000d787f520,0x00000000d7880000)
  to   space 11776K, 0% used [0x00000000d6b80000,0x00000000d6b80000,0x00000000d7700000)
 ParOldGen       total 450560K, used 442479K [0x0000000080000000, 0x000000009b800000, 0x00000000d5580000)
  object space 450560K, 98% used [0x0000000080000000,0x000000009b01bfb8,0x000000009b800000)
 Metaspace       used 77852K, committed 79616K, reserved 1179648K
  class space    used 7918K, committed 8704K, reserved 1048576K
GC Heap History (20 events):
Event: 145.266 GC heap before
{Heap before GC invocations=2101 (full 4):
 PSYoungGen      total 31744K, used 31267K [0x00000000d5580000, 0x00000000d7f00000, 0x0000000100000000)
  eden space 28672K, 100% used [0x00000000d5580000,0x00000000d7180000,0x00000000d7180000)
  from space 3072K, 84% used [0x00000000d7c00000,0x00000000d7e88d60,0x00000000d7f00000)
  to   space 5120K, 0% used [0x00000000d7500000,0x00000000d7500000,0x00000000d7a00000)
 ParOldGen       total 450560K, used 429906K [0x0000000080000000, 0x000000009b800000, 0x00000000d5580000)
  object space 450560K, 95% used [0x0000000080000000,0x000000009a3d4a08,0x000000009b800000)
 Metaspace       used 75003K, committed 76672K, reserved 1179648K
  class space    used 7628K, committed 8384K, reserved 1048576K
}
Event: 145.275 GC heap after
{Heap after GC invocations=2101 (full 4):
 PSYoungGen      total 32768K, used 4281K [0x00000000d5580000, 0x00000000d7c80000, 0x0000000100000000)
  eden space 28160K, 0% used [0x00000000d5580000,0x00000000d5580000,0x00000000d7100000)
  from space 4608K, 92% used [0x00000000d7500000,0x00000000d792e480,0x00000000d7980000)
  to   space 3072K, 0% used [0x00000000d7980000,0x00000000d7980000,0x00000000d7c80000)
 ParOldGen       total 450560K, used 429914K [0x0000000080000000, 0x000000009b800000, 0x00000000d5580000)
  object space 450560K, 95% used [0x0000000080000000,0x000000009a3d6a08,0x000000009b800000)
 Metaspace       used 75003K, committed 76672K, reserved 1179648K
  class space    used 7628K, committed 8384K, reserved 1048576K
}
Event: 146.111 GC heap before
{Heap before GC invocations=2102 (full 4):
 PSYoungGen      total 32768K, used 32441K [0x00000000d5580000, 0x00000000d7c80000, 0x0000000100000000)
  eden space 28160K, 100% used [0x00000000d5580000,0x00000000d7100000,0x00000000d7100000)
  from space 4608K, 92% used [0x00000000d7500000,0x00000000d792e480,0x00000000d7980000)
  to   space 3072K, 0% used [0x00000000d7980000,0x00000000d7980000,0x00000000d7c80000)
 ParOldGen       total 450560K, used 429914K [0x0000000080000000, 0x000000009b800000, 0x00000000d5580000)
  object space 450560K, 95% used [0x0000000080000000,0x000000009a3d6a08,0x000000009b800000)
 Metaspace       used 75396K, committed 77056K, reserved 1179648K
  class space    used 7651K, committed 8384K, reserved 1048576K
}
Event: 146.115 GC heap after
{Heap after GC invocations=2102 (full 4):
 PSYoungGen      total 30208K, used 2153K [0x00000000d5580000, 0x00000000d7c00000, 0x0000000100000000)
  eden space 27648K, 0% used [0x00000000d5580000,0x00000000d5580000,0x00000000d7080000)
  from space 2560K, 84% used [0x00000000d7980000,0x00000000d7b9a4d8,0x00000000d7c00000)
  to   space 3072K, 0% used [0x00000000d7600000,0x00000000d7600000,0x00000000d7900000)
 ParOldGen       total 450560K, used 429922K [0x0000000080000000, 0x000000009b800000, 0x00000000d5580000)
  object space 450560K, 95% used [0x0000000080000000,0x000000009a3d8a08,0x000000009b800000)
 Metaspace       used 75396K, committed 77056K, reserved 1179648K
  class space    used 7651K, committed 8384K, reserved 1048576K
}
Event: 146.630 GC heap before
{Heap before GC invocations=2103 (full 4):
 PSYoungGen      total 30208K, used 29786K [0x00000000d5580000, 0x00000000d7c00000, 0x0000000100000000)
  eden space 27648K, 99% used [0x00000000d5580000,0x00000000d707c5a0,0x00000000d7080000)
  from space 2560K, 84% used [0x00000000d7980000,0x00000000d7b9a4d8,0x00000000d7c00000)
  to   space 3072K, 0% used [0x00000000d7600000,0x00000000d7600000,0x00000000d7900000)
 ParOldGen       total 450560K, used 429922K [0x0000000080000000, 0x000000009b800000, 0x00000000d5580000)
  object space 450560K, 95% used [0x0000000080000000,0x000000009a3d8a08,0x000000009b800000)
 Metaspace       used 76145K, committed 77888K, reserved 1179648K
  class space    used 7745K, committed 8512K, reserved 1048576K
}
Event: 146.636 GC heap after
{Heap after GC invocations=2103 (full 4):
 PSYoungGen      total 30208K, used 2886K [0x00000000d5580000, 0x00000000d7a00000, 0x0000000100000000)
  eden space 27136K, 0% used [0x00000000d5580000,0x00000000d5580000,0x00000000d7000000)
  from space 3072K, 93% used [0x00000000d7600000,0x00000000d78d18d8,0x00000000d7900000)
  to   space 1024K, 0% used [0x00000000d7900000,0x00000000d7900000,0x00000000d7a00000)
 ParOldGen       total 450560K, used 429922K [0x0000000080000000, 0x000000009b800000, 0x00000000d5580000)
  object space 450560K, 95% used [0x0000000080000000,0x000000009a3d8a08,0x000000009b800000)
 Metaspace       used 76145K, committed 77888K, reserved 1179648K
  class space    used 7745K, committed 8512K, reserved 1048576K
}
Event: 147.182 GC heap before
{Heap before GC invocations=2104 (full 4):
 PSYoungGen      total 30208K, used 30022K [0x00000000d5580000, 0x00000000d7a00000, 0x0000000100000000)
  eden space 27136K, 100% used [0x00000000d5580000,0x00000000d7000000,0x00000000d7000000)
  from space 3072K, 93% used [0x00000000d7600000,0x00000000d78d18d8,0x00000000d7900000)
  to   space 1024K, 0% used [0x00000000d7900000,0x00000000d7900000,0x00000000d7a00000)
 ParOldGen       total 450560K, used 429922K [0x0000000080000000, 0x000000009b800000, 0x00000000d5580000)
  object space 450560K, 95% used [0x0000000080000000,0x000000009a3d8a08,0x000000009b800000)
 Metaspace       used 77137K, committed 78848K, reserved 1179648K
  class space    used 7825K, committed 8576K, reserved 1048576K
}
Event: 147.196 GC heap after
{Heap after GC invocations=2104 (full 4):
 PSYoungGen      total 27648K, used 996K [0x00000000d5580000, 0x00000000d7a00000, 0x0000000100000000)
  eden space 26624K, 0% used [0x00000000d5580000,0x00000000d5580000,0x00000000d6f80000)
  from space 1024K, 97% used [0x00000000d7900000,0x00000000d79f9250,0x00000000d7a00000)
  to   space 4608K, 0% used [0x00000000d7100000,0x00000000d7100000,0x00000000d7580000)
 ParOldGen       total 450560K, used 432987K [0x0000000080000000, 0x000000009b800000, 0x00000000d5580000)
  object space 450560K, 96% used [0x0000000080000000,0x000000009a6d6eb0,0x000000009b800000)
 Metaspace       used 77137K, committed 78848K, reserved 1179648K
  class space    used 7825K, committed 8576K, reserved 1048576K
}
Event: 147.875 GC heap before
{Heap before GC invocations=2105 (full 4):
 PSYoungGen      total 27648K, used 27620K [0x00000000d5580000, 0x00000000d7a00000, 0x0000000100000000)
  eden space 26624K, 100% used [0x00000000d5580000,0x00000000d6f80000,0x00000000d6f80000)
  from space 1024K, 97% used [0x00000000d7900000,0x00000000d79f9250,0x00000000d7a00000)
  to   space 4608K, 0% used [0x00000000d7100000,0x00000000d7100000,0x00000000d7580000)
 ParOldGen       total 450560K, used 432987K [0x0000000080000000, 0x000000009b800000, 0x00000000d5580000)
  object space 450560K, 96% used [0x0000000080000000,0x000000009a6d6eb0,0x000000009b800000)
 Metaspace       used 77439K, committed 79168K, reserved 1179648K
  class space    used 7873K, committed 8640K, reserved 1048576K
}
Event: 147.880 GC heap after
{Heap after GC invocations=2105 (full 4):
 PSYoungGen      total 30720K, used 928K [0x00000000d5580000, 0x00000000d7980000, 0x0000000100000000)
  eden space 26112K, 0% used [0x00000000d5580000,0x00000000d5580000,0x00000000d6f00000)
  from space 4608K, 20% used [0x00000000d7100000,0x00000000d71e8000,0x00000000d7580000)
  to   space 2560K, 0% used [0x00000000d7700000,0x00000000d7700000,0x00000000d7980000)
 ParOldGen       total 450560K, used 433590K [0x0000000080000000, 0x000000009b800000, 0x00000000d5580000)
  object space 450560K, 96% used [0x0000000080000000,0x000000009a76d880,0x000000009b800000)
 Metaspace       used 77439K, committed 79168K, reserved 1179648K
  class space    used 7873K, committed 8640K, reserved 1048576K
}
Event: 148.711 GC heap before
{Heap before GC invocations=2106 (full 4):
 PSYoungGen      total 30720K, used 27040K [0x00000000d5580000, 0x00000000d7980000, 0x0000000100000000)
  eden space 26112K, 100% used [0x00000000d5580000,0x00000000d6f00000,0x00000000d6f00000)
  from space 4608K, 20% used [0x00000000d7100000,0x00000000d71e8000,0x00000000d7580000)
  to   space 2560K, 0% used [0x00000000d7700000,0x00000000d7700000,0x00000000d7980000)
 ParOldGen       total 450560K, used 433590K [0x0000000080000000, 0x000000009b800000, 0x00000000d5580000)
  object space 450560K, 96% used [0x0000000080000000,0x000000009a76d880,0x000000009b800000)
 Metaspace       used 77447K, committed 79168K, reserved 1179648K
  class space    used 7873K, committed 8640K, reserved 1048576K
}
Event: 148.714 GC heap after
{Heap after GC invocations=2106 (full 4):
 PSYoungGen      total 26624K, used 992K [0x00000000d5580000, 0x00000000d7800000, 0x0000000100000000)
  eden space 25600K, 0% used [0x00000000d5580000,0x00000000d5580000,0x00000000d6e80000)
  from space 1024K, 96% used [0x00000000d7700000,0x00000000d77f8000,0x00000000d7800000)
  to   space 1536K, 0% used [0x00000000d7500000,0x00000000d7500000,0x00000000d7680000)
 ParOldGen       total 450560K, used 433590K [0x0000000080000000, 0x000000009b800000, 0x00000000d5580000)
  object space 450560K, 96% used [0x0000000080000000,0x000000009a76d880,0x000000009b800000)
 Metaspace       used 77447K, committed 79168K, reserved 1179648K
  class space    used 7873K, committed 8640K, reserved 1048576K
}
Event: 149.508 GC heap before
{Heap before GC invocations=2107 (full 4):
 PSYoungGen      total 26624K, used 26592K [0x00000000d5580000, 0x00000000d7800000, 0x0000000100000000)
  eden space 25600K, 100% used [0x00000000d5580000,0x00000000d6e80000,0x00000000d6e80000)
  from space 1024K, 96% used [0x00000000d7700000,0x00000000d77f8000,0x00000000d7800000)
  to   space 1536K, 0% used [0x00000000d7500000,0x00000000d7500000,0x00000000d7680000)
 ParOldGen       total 450560K, used 433590K [0x0000000080000000, 0x000000009b800000, 0x00000000d5580000)
  object space 450560K, 96% used [0x0000000080000000,0x000000009a76d880,0x000000009b800000)
 Metaspace       used 77448K, committed 79168K, reserved 1179648K
  class space    used 7873K, committed 8640K, reserved 1048576K
}
Event: 149.511 GC heap after
{Heap after GC invocations=2107 (full 4):
 PSYoungGen      total 27136K, used 1158K [0x00000000d5580000, 0x00000000d7780000, 0x0000000100000000)
  eden space 25600K, 0% used [0x00000000d5580000,0x00000000d5580000,0x00000000d6e80000)
  from space 1536K, 75% used [0x00000000d7500000,0x00000000d7621a58,0x00000000d7680000)
  to   space 1024K, 0% used [0x00000000d7680000,0x00000000d7680000,0x00000000d7780000)
 ParOldGen       total 450560K, used 433590K [0x0000000080000000, 0x000000009b800000, 0x00000000d5580000)
  object space 450560K, 96% used [0x0000000080000000,0x000000009a76d880,0x000000009b800000)
 Metaspace       used 77448K, committed 79168K, reserved 1179648K
  class space    used 7873K, committed 8640K, reserved 1048576K
}
Event: 149.766 GC heap before
{Heap before GC invocations=2108 (full 4):
 PSYoungGen      total 27136K, used 26758K [0x00000000d5580000, 0x00000000d7780000, 0x0000000100000000)
  eden space 25600K, 100% used [0x00000000d5580000,0x00000000d6e80000,0x00000000d6e80000)
  from space 1536K, 75% used [0x00000000d7500000,0x00000000d7621a58,0x00000000d7680000)
  to   space 1024K, 0% used [0x00000000d7680000,0x00000000d7680000,0x00000000d7780000)
 ParOldGen       total 450560K, used 433590K [0x0000000080000000, 0x000000009b800000, 0x00000000d5580000)
  object space 450560K, 96% used [0x0000000080000000,0x000000009a76d880,0x000000009b800000)
 Metaspace       used 77450K, committed 79168K, reserved 1179648K
  class space    used 7873K, committed 8640K, reserved 1048576K
}
Event: 150.346 GC heap after
{Heap after GC invocations=2108 (full 4):
 PSYoungGen      total 30208K, used 992K [0x00000000d5580000, 0x00000000d7780000, 0x0000000100000000)
  eden space 29184K, 0% used [0x00000000d5580000,0x00000000d5580000,0x00000000d7200000)
  from space 1024K, 96% used [0x00000000d7680000,0x00000000d7778000,0x00000000d7780000)
  to   space 1536K, 0% used [0x00000000d7480000,0x00000000d7480000,0x00000000d7600000)
 ParOldGen       total 450560K, used 433598K [0x0000000080000000, 0x000000009b800000, 0x00000000d5580000)
  object space 450560K, 96% used [0x0000000080000000,0x000000009a76f880,0x000000009b800000)
 Metaspace       used 77450K, committed 79168K, reserved 1179648K
  class space    used 7873K, committed 8640K, reserved 1048576K
}
Event: 151.400 GC heap before
{Heap before GC invocations=2109 (full 4):
 PSYoungGen      total 30208K, used 30176K [0x00000000d5580000, 0x00000000d7780000, 0x0000000100000000)
  eden space 29184K, 100% used [0x00000000d5580000,0x00000000d7200000,0x00000000d7200000)
  from space 1024K, 96% used [0x00000000d7680000,0x00000000d7778000,0x00000000d7780000)
  to   space 1536K, 0% used [0x00000000d7480000,0x00000000d7480000,0x00000000d7600000)
 ParOldGen       total 450560K, used 433598K [0x0000000080000000, 0x000000009b800000, 0x00000000d5580000)
  object space 450560K, 96% used [0x0000000080000000,0x000000009a76f880,0x000000009b800000)
 Metaspace       used 77497K, committed 79232K, reserved 1179648K
  class space    used 7879K, committed 8640K, reserved 1048576K
}
Event: 151.407 GC heap after
{Heap after GC invocations=2109 (full 4):
 PSYoungGen      total 33280K, used 1310K [0x00000000d5580000, 0x00000000d7880000, 0x0000000100000000)
  eden space 31744K, 0% used [0x00000000d5580000,0x00000000d5580000,0x00000000d7480000)
  from space 1536K, 85% used [0x00000000d7480000,0x00000000d75c7960,0x00000000d7600000)
  to   space 1536K, 0% used [0x00000000d7700000,0x00000000d7700000,0x00000000d7880000)
 ParOldGen       total 450560K, used 433982K [0x0000000080000000, 0x000000009b800000, 0x00000000d5580000)
  object space 450560K, 96% used [0x0000000080000000,0x000000009a7cf880,0x000000009b800000)
 Metaspace       used 77497K, committed 79232K, reserved 1179648K
  class space    used 7879K, committed 8640K, reserved 1048576K
}
Event: 314.769 GC heap before
{Heap before GC invocations=2110 (full 4):
 PSYoungGen      total 33280K, used 33054K [0x00000000d5580000, 0x00000000d7880000, 0x0000000100000000)
  eden space 31744K, 100% used [0x00000000d5580000,0x00000000d7480000,0x00000000d7480000)
  from space 1536K, 85% used [0x00000000d7480000,0x00000000d75c7960,0x00000000d7600000)
  to   space 1536K, 0% used [0x00000000d7700000,0x00000000d7700000,0x00000000d7880000)
 ParOldGen       total 450560K, used 433982K [0x0000000080000000, 0x000000009b800000, 0x00000000d5580000)
  object space 450560K, 96% used [0x0000000080000000,0x000000009a7cf880,0x000000009b800000)
 Metaspace       used 77801K, committed 79552K, reserved 1179648K
  class space    used 7913K, committed 8704K, reserved 1048576K
}
Event: 314.843 GC heap after
{Heap after GC invocations=2110 (full 4):
 PSYoungGen      total 24064K, used 1533K [0x00000000d5580000, 0x00000000d8f00000, 0x0000000100000000)
  eden space 22528K, 0% used [0x00000000d5580000,0x00000000d5580000,0x00000000d6b80000)
  from space 1536K, 99% used [0x00000000d7700000,0x00000000d787f520,0x00000000d7880000)
  to   space 11776K, 0% used [0x00000000d6b80000,0x00000000d6b80000,0x00000000d7700000)
 ParOldGen       total 450560K, used 442479K [0x0000000080000000, 0x000000009b800000, 0x00000000d5580000)
  object space 450560K, 98% used [0x0000000080000000,0x000000009b01bfb8,0x000000009b800000)
 Metaspace       used 77801K, committed 79552K, reserved 1179648K
  class space    used 7913K, committed 8704K, reserved 1048576K
}

