# JRE version: OpenJDK Runtime Environment Temurin-21.0.8+9 (21.0.8+9) (build 21.0.8+9-LTS)
# Java VM: OpenJDK 64-Bit Server VM Temurin-21.0.8+9 (21.0.8+9-LTS, mixed mode, sharing, tiered, compressed oops, compressed class ptrs, parallel gc, windows-amd64)
GC Precious Log:
 CardTable entry size: 512
 CPUs: 8 total, 8 available
 Memory: 8001M
 Large Page Support: Disabled
 NUMA Support: Disabled
 Compressed Oops: Enabled (32-bit)
 Alignments: Space 512K, Generation 512K, Heap 2M
 Heap Min Capacity: 100M
 Heap Initial Capacity: 100M
 Heap Max Capacity: 2G
 Pre-touch: Disabled
 Parallel Workers: 8
Heap:
 PSYoungGen      total 6144K, used 3766K [0x00000000d5580000, 0x00000000d5c80000, 0x0000000100000000)
  eden space 5120K, 59% used [0x00000000d5580000,0x00000000d587d9b0,0x00000000d5a80000)
  from space 1024K, 68% used [0x00000000d5a80000,0x00000000d5b30000,0x00000000d5b80000)
  to   space 1024K, 0% used [0x00000000d5b80000,0x00000000d5b80000,0x00000000d5c80000)
 ParOldGen       total 1168896K, used 1168791K [0x0000000080000000, 0x00000000c7580000, 0x00000000d5580000)
  object space 1168896K, 99% used [0x0000000080000000,0x00000000c7565d60,0x00000000c7580000)
 Metaspace       used 88342K, committed 90304K, reserved 1179648K
  class space    used 8884K, committed 9728K, reserved 1048576K
GC Heap History (20 events):
Event: 17479.171 GC heap before
{Heap before GC invocations=3715 (full 5):
 PSYoungGen      total 5120K, used 4148K [0x00000000d5580000, 0x00000000d5b80000, 0x0000000100000000)
  eden space 3584K, 100% used [0x00000000d5580000,0x00000000d5900000,0x00000000d5900000)
  from space 1536K, 36% used [0x00000000d5900000,0x00000000d598d1a0,0x00000000d5a80000)
  to   space 1024K, 0% used [0x00000000d5a80000,0x00000000d5a80000,0x00000000d5b80000)
 ParOldGen       total 1164288K, used 1164057K [0x0000000080000000, 0x00000000c7100000, 0x00000000d5580000)
  object space 1164288K, 99% used [0x0000000080000000,0x00000000c70c66c0,0x00000000c7100000)
 Metaspace       used 88267K, committed 90240K, reserved 1179648K
  class space    used 8882K, committed 9728K, reserved 1048576K
}
Event: 17479.176 GC heap after
{Heap after GC invocations=3715 (full 5):
 PSYoungGen      total 5120K, used 486K [0x00000000d5580000, 0x00000000d5c00000, 0x0000000100000000)
  eden space 4096K, 0% used [0x00000000d5580000,0x00000000d5580000,0x00000000d5980000)
  from space 1024K, 47% used [0x00000000d5a80000,0x00000000d5af9b28,0x00000000d5b80000)
  to   space 1024K, 0% used [0x00000000d5980000,0x00000000d5980000,0x00000000d5a80000)
 ParOldGen       total 1164288K, used 1164233K [0x0000000080000000, 0x00000000c7100000, 0x00000000d5580000)
  object space 1164288K, 99% used [0x0000000080000000,0x00000000c70f26e0,0x00000000c7100000)
 Metaspace       used 88267K, committed 90240K, reserved 1179648K
  class space    used 8882K, committed 9728K, reserved 1048576K
}
Event: 17479.186 GC heap before
{Heap before GC invocations=3716 (full 5):
 PSYoungGen      total 5120K, used 4566K [0x00000000d5580000, 0x00000000d5c00000, 0x0000000100000000)
  eden space 4096K, 99% used [0x00000000d5580000,0x00000000d597bef8,0x00000000d5980000)
  from space 1024K, 47% used [0x00000000d5a80000,0x00000000d5af9b28,0x00000000d5b80000)
  to   space 1024K, 0% used [0x00000000d5980000,0x00000000d5980000,0x00000000d5a80000)
 ParOldGen       total 1164288K, used 1164233K [0x0000000080000000, 0x00000000c7100000, 0x00000000d5580000)
  object space 1164288K, 99% used [0x0000000080000000,0x00000000c70f26e0,0x00000000c7100000)
 Metaspace       used 88268K, committed 90240K, reserved 1179648K
  class space    used 8882K, committed 9728K, reserved 1048576K
}
Event: 17479.190 GC heap after
{Heap after GC invocations=3716 (full 5):
 PSYoungGen      total 5120K, used 384K [0x00000000d5580000, 0x00000000d5b80000, 0x0000000100000000)
  eden space 4096K, 0% used [0x00000000d5580000,0x00000000d5580000,0x00000000d5980000)
  from space 1024K, 37% used [0x00000000d5980000,0x00000000d59e0000,0x00000000d5a80000)
  to   space 512K, 0% used [0x00000000d5b00000,0x00000000d5b00000,0x00000000d5b80000)
 ParOldGen       total 1164800K, used 1164467K [0x0000000080000000, 0x00000000c7180000, 0x00000000d5580000)
  object space 1164800K, 99% used [0x0000000080000000,0x00000000c712cf00,0x00000000c7180000)
 Metaspace       used 88268K, committed 90240K, reserved 1179648K
  class space    used 8882K, committed 9728K, reserved 1048576K
}
Event: 17479.202 GC heap before
{Heap before GC invocations=3717 (full 5):
 PSYoungGen      total 5120K, used 4480K [0x00000000d5580000, 0x00000000d5b80000, 0x0000000100000000)
  eden space 4096K, 100% used [0x00000000d5580000,0x00000000d5980000,0x00000000d5980000)
  from space 1024K, 37% used [0x00000000d5980000,0x00000000d59e0000,0x00000000d5a80000)
  to   space 512K, 0% used [0x00000000d5b00000,0x00000000d5b00000,0x00000000d5b80000)
 ParOldGen       total 1164800K, used 1164467K [0x0000000080000000, 0x00000000c7180000, 0x00000000d5580000)
  object space 1164800K, 99% used [0x0000000080000000,0x00000000c712cf00,0x00000000c7180000)
 Metaspace       used 88270K, committed 90240K, reserved 1179648K
  class space    used 8882K, committed 9728K, reserved 1048576K
}
Event: 17479.206 GC heap after
{Heap after GC invocations=3717 (full 5):
 PSYoungGen      total 5632K, used 320K [0x00000000d5580000, 0x00000000d5b80000, 0x0000000100000000)
  eden space 5120K, 0% used [0x00000000d5580000,0x00000000d5580000,0x00000000d5a80000)
  from space 512K, 62% used [0x00000000d5b00000,0x00000000d5b50000,0x00000000d5b80000)
  to   space 512K, 0% used [0x00000000d5a80000,0x00000000d5a80000,0x00000000d5b00000)
 ParOldGen       total 1164800K, used 1164763K [0x0000000080000000, 0x00000000c7180000, 0x00000000d5580000)
  object space 1164800K, 99% used [0x0000000080000000,0x00000000c7176f20,0x00000000c7180000)
 Metaspace       used 88270K, committed 90240K, reserved 1179648K
  class space    used 8882K, committed 9728K, reserved 1048576K
}
Event: 17479.264 GC heap before
{Heap before GC invocations=3718 (full 5):
 PSYoungGen      total 5632K, used 5440K [0x00000000d5580000, 0x00000000d5b80000, 0x0000000100000000)
  eden space 5120K, 100% used [0x00000000d5580000,0x00000000d5a80000,0x00000000d5a80000)
  from space 512K, 62% used [0x00000000d5b00000,0x00000000d5b50000,0x00000000d5b80000)
  to   space 512K, 0% used [0x00000000d5a80000,0x00000000d5a80000,0x00000000d5b00000)
 ParOldGen       total 1164800K, used 1164763K [0x0000000080000000, 0x00000000c7180000, 0x00000000d5580000)
  object space 1164800K, 99% used [0x0000000080000000,0x00000000c7176f20,0x00000000c7180000)
 Metaspace       used 88307K, committed 90240K, reserved 1179648K
  class space    used 8883K, committed 9728K, reserved 1048576K
}
Event: 17479.269 GC heap after
{Heap after GC invocations=3718 (full 5):
 PSYoungGen      total 5632K, used 512K [0x00000000d5580000, 0x00000000d5e80000, 0x0000000100000000)
  eden space 5120K, 0% used [0x00000000d5580000,0x00000000d5580000,0x00000000d5a80000)
  from space 512K, 100% used [0x00000000d5a80000,0x00000000d5b00000,0x00000000d5b00000)
  to   space 1536K, 0% used [0x00000000d5d00000,0x00000000d5d00000,0x00000000d5e80000)
 ParOldGen       total 1165312K, used 1165225K [0x0000000080000000, 0x00000000c7200000, 0x00000000d5580000)
  object space 1165312K, 99% used [0x0000000080000000,0x00000000c71ea770,0x00000000c7200000)
 Metaspace       used 88307K, committed 90240K, reserved 1179648K
  class space    used 8883K, committed 9728K, reserved 1048576K
}
Event: 17479.359 GC heap before
{Heap before GC invocations=3719 (full 5):
 PSYoungGen      total 5632K, used 5632K [0x00000000d5580000, 0x00000000d5e80000, 0x0000000100000000)
  eden space 5120K, 100% used [0x00000000d5580000,0x00000000d5a80000,0x00000000d5a80000)
  from space 512K, 100% used [0x00000000d5a80000,0x00000000d5b00000,0x00000000d5b00000)
  to   space 1536K, 0% used [0x00000000d5d00000,0x00000000d5d00000,0x00000000d5e80000)
 ParOldGen       total 1165312K, used 1165225K [0x0000000080000000, 0x00000000c7200000, 0x00000000d5580000)
  object space 1165312K, 99% used [0x0000000080000000,0x00000000c71ea770,0x00000000c7200000)
 Metaspace       used 88308K, committed 90240K, reserved 1179648K
  class space    used 8883K, committed 9728K, reserved 1048576K
}
Event: 17479.362 GC heap after
{Heap after GC invocations=3719 (full 5):
 PSYoungGen      total 6144K, used 954K [0x00000000d5580000, 0x00000000d5e00000, 0x0000000100000000)
  eden space 5120K, 0% used [0x00000000d5580000,0x00000000d5580000,0x00000000d5a80000)
  from space 1024K, 93% used [0x00000000d5d00000,0x00000000d5deeb50,0x00000000d5e00000)
  to   space 1024K, 0% used [0x00000000d5c00000,0x00000000d5c00000,0x00000000d5d00000)
 ParOldGen       total 1165824K, used 1165723K [0x0000000080000000, 0x00000000c7280000, 0x00000000d5580000)
  object space 1165824K, 99% used [0x0000000080000000,0x00000000c7266f20,0x00000000c7280000)
 Metaspace       used 88308K, committed 90240K, reserved 1179648K
  class space    used 8883K, committed 9728K, reserved 1048576K
}
Event: 17479.378 GC heap before
{Heap before GC invocations=3720 (full 5):
 PSYoungGen      total 6144K, used 6071K [0x00000000d5580000, 0x00000000d5e00000, 0x0000000100000000)
  eden space 5120K, 99% used [0x00000000d5580000,0x00000000d5a7f448,0x00000000d5a80000)
  from space 1024K, 93% used [0x00000000d5d00000,0x00000000d5deeb50,0x00000000d5e00000)
  to   space 1024K, 0% used [0x00000000d5c00000,0x00000000d5c00000,0x00000000d5d00000)
 ParOldGen       total 1165824K, used 1165723K [0x0000000080000000, 0x00000000c7280000, 0x00000000d5580000)
  object space 1165824K, 99% used [0x0000000080000000,0x00000000c7266f20,0x00000000c7280000)
 Metaspace       used 88309K, committed 90240K, reserved 1179648K
  class space    used 8883K, committed 9728K, reserved 1048576K
}
Event: 17479.381 GC heap after
{Heap after GC invocations=3720 (full 5):
 PSYoungGen      total 5632K, used 480K [0x00000000d5580000, 0x00000000d5d80000, 0x0000000100000000)
  eden space 5120K, 0% used [0x00000000d5580000,0x00000000d5580000,0x00000000d5a80000)
  from space 512K, 93% used [0x00000000d5c00000,0x00000000d5c78000,0x00000000d5c80000)
  to   space 1024K, 0% used [0x00000000d5c80000,0x00000000d5c80000,0x00000000d5d80000)
 ParOldGen       total 1166336K, used 1166164K [0x0000000080000000, 0x00000000c7300000, 0x00000000d5580000)
  object space 1166336K, 99% used [0x0000000080000000,0x00000000c72d5208,0x00000000c7300000)
 Metaspace       used 88309K, committed 90240K, reserved 1179648K
  class space    used 8883K, committed 9728K, reserved 1048576K
}
Event: 17479.398 GC heap before
{Heap before GC invocations=3721 (full 5):
 PSYoungGen      total 5632K, used 5595K [0x00000000d5580000, 0x00000000d5d80000, 0x0000000100000000)
  eden space 5120K, 99% used [0x00000000d5580000,0x00000000d5a7ed48,0x00000000d5a80000)
  from space 512K, 93% used [0x00000000d5c00000,0x00000000d5c78000,0x00000000d5c80000)
  to   space 1024K, 0% used [0x00000000d5c80000,0x00000000d5c80000,0x00000000d5d80000)
 ParOldGen       total 1166336K, used 1166164K [0x0000000080000000, 0x00000000c7300000, 0x00000000d5580000)
  object space 1166336K, 99% used [0x0000000080000000,0x00000000c72d5208,0x00000000c7300000)
 Metaspace       used 88313K, committed 90240K, reserved 1179648K
  class space    used 8883K, committed 9728K, reserved 1048576K
}
Event: 17479.402 GC heap after
{Heap after GC invocations=3721 (full 5):
 PSYoungGen      total 5632K, used 496K [0x00000000d5580000, 0x00000000d5d00000, 0x0000000100000000)
  eden space 5120K, 0% used [0x00000000d5580000,0x00000000d5580000,0x00000000d5a80000)
  from space 512K, 96% used [0x00000000d5c80000,0x00000000d5cfc010,0x00000000d5d00000)
  to   space 1024K, 0% used [0x00000000d5b00000,0x00000000d5b00000,0x00000000d5c00000)
 ParOldGen       total 1166848K, used 1166596K [0x0000000080000000, 0x00000000c7380000, 0x00000000d5580000)
  object space 1166848K, 99% used [0x0000000080000000,0x00000000c7341238,0x00000000c7380000)
 Metaspace       used 88313K, committed 90240K, reserved 1179648K
  class space    used 8883K, committed 9728K, reserved 1048576K
}
Event: 17479.527 GC heap before
{Heap before GC invocations=3722 (full 5):
 PSYoungGen      total 5632K, used 5616K [0x00000000d5580000, 0x00000000d5d00000, 0x0000000100000000)
  eden space 5120K, 100% used [0x00000000d5580000,0x00000000d5a80000,0x00000000d5a80000)
  from space 512K, 96% used [0x00000000d5c80000,0x00000000d5cfc010,0x00000000d5d00000)
  to   space 1024K, 0% used [0x00000000d5b00000,0x00000000d5b00000,0x00000000d5c00000)
 ParOldGen       total 1166848K, used 1166596K [0x0000000080000000, 0x00000000c7380000, 0x00000000d5580000)
  object space 1166848K, 99% used [0x0000000080000000,0x00000000c7341238,0x00000000c7380000)
 Metaspace       used 88337K, committed 90304K, reserved 1179648K
  class space    used 8884K, committed 9728K, reserved 1048576K
}
Event: 17479.532 GC heap after
{Heap after GC invocations=3722 (full 5):
 PSYoungGen      total 6144K, used 704K [0x00000000d5580000, 0x00000000d5d00000, 0x0000000100000000)
  eden space 5120K, 0% used [0x00000000d5580000,0x00000000d5580000,0x00000000d5a80000)
  from space 1024K, 68% used [0x00000000d5b00000,0x00000000d5bb0000,0x00000000d5c00000)
  to   space 1024K, 0% used [0x00000000d5c00000,0x00000000d5c00000,0x00000000d5d00000)
 ParOldGen       total 1167360K, used 1166996K [0x0000000080000000, 0x00000000c7400000, 0x00000000d5580000)
  object space 1167360K, 99% used [0x0000000080000000,0x00000000c73a5278,0x00000000c7400000)
 Metaspace       used 88337K, committed 90304K, reserved 1179648K
  class space    used 8884K, committed 9728K, reserved 1048576K
}
Event: 17479.686 GC heap before
{Heap before GC invocations=3723 (full 5):
 PSYoungGen      total 6144K, used 5824K [0x00000000d5580000, 0x00000000d5d00000, 0x0000000100000000)
  eden space 5120K, 100% used [0x00000000d5580000,0x00000000d5a80000,0x00000000d5a80000)
  from space 1024K, 68% used [0x00000000d5b00000,0x00000000d5bb0000,0x00000000d5c00000)
  to   space 1024K, 0% used [0x00000000d5c00000,0x00000000d5c00000,0x00000000d5d00000)
 ParOldGen       total 1167360K, used 1166996K [0x0000000080000000, 0x00000000c7400000, 0x00000000d5580000)
  object space 1167360K, 99% used [0x0000000080000000,0x00000000c73a5278,0x00000000c7400000)
 Metaspace       used 88338K, committed 90304K, reserved 1179648K
  class space    used 8884K, committed 9728K, reserved 1048576K
}
Event: 17479.692 GC heap after
{Heap after GC invocations=3723 (full 5):
 PSYoungGen      total 6144K, used 532K [0x00000000d5580000, 0x00000000d5d00000, 0x0000000100000000)
  eden space 5120K, 0% used [0x00000000d5580000,0x00000000d5580000,0x00000000d5a80000)
  from space 1024K, 52% used [0x00000000d5c00000,0x00000000d5c85200,0x00000000d5d00000)
  to   space 1024K, 0% used [0x00000000d5b00000,0x00000000d5b00000,0x00000000d5c00000)
 ParOldGen       total 1167872K, used 1167606K [0x0000000080000000, 0x00000000c7480000, 0x00000000d5580000)
  object space 1167872K, 99% used [0x0000000080000000,0x00000000c743da38,0x00000000c7480000)
 Metaspace       used 88338K, committed 90304K, reserved 1179648K
  class space    used 8884K, committed 9728K, reserved 1048576K
}
Event: 17479.712 GC heap before
{Heap before GC invocations=3724 (full 5):
 PSYoungGen      total 6144K, used 5652K [0x00000000d5580000, 0x00000000d5d00000, 0x0000000100000000)
  eden space 5120K, 100% used [0x00000000d5580000,0x00000000d5a80000,0x00000000d5a80000)
  from space 1024K, 52% used [0x00000000d5c00000,0x00000000d5c85200,0x00000000d5d00000)
  to   space 1024K, 0% used [0x00000000d5b00000,0x00000000d5b00000,0x00000000d5c00000)
 ParOldGen       total 1167872K, used 1167606K [0x0000000080000000, 0x00000000c7480000, 0x00000000d5580000)
  object space 1167872K, 99% used [0x0000000080000000,0x00000000c743da38,0x00000000c7480000)
 Metaspace       used 88338K, committed 90304K, reserved 1179648K
  class space    used 8884K, committed 9728K, reserved 1048576K
}
Event: 17479.716 GC heap after
{Heap after GC invocations=3724 (full 5):
 PSYoungGen      total 5632K, used 512K [0x00000000d5580000, 0x00000000d5c80000, 0x0000000100000000)
  eden space 5120K, 0% used [0x00000000d5580000,0x00000000d5580000,0x00000000d5a80000)
  from space 512K, 100% used [0x00000000d5b00000,0x00000000d5b80000,0x00000000d5b80000)
  to   space 1024K, 0% used [0x00000000d5b80000,0x00000000d5b80000,0x00000000d5c80000)
 ParOldGen       total 1168384K, used 1168079K [0x0000000080000000, 0x00000000c7500000, 0x00000000d5580000)
  object space 1168384K, 99% used [0x0000000080000000,0x00000000c74b3d20,0x00000000c7500000)
 Metaspace       used 88338K, committed 90304K, reserved 1179648K
  class space    used 8884K, committed 9728K, reserved 1048576K
}

