# JRE version: OpenJDK Runtime Environment Temurin-21.0.8+9 (21.0.8+9) (build 21.0.8+9-LTS)
# Java VM: OpenJDK 64-Bit Server VM Temurin-21.0.8+9 (21.0.8+9-LTS, mixed mode, sharing, tiered, compressed oops, compressed class ptrs, parallel gc, windows-amd64)
GC Precious Log:
 CardTable entry size: 512
 CPUs: 8 total, 8 available
 Memory: 8001M
 Large Page Support: Disabled
 NUMA Support: Disabled
 Compressed Oops: Enabled (32-bit)
 Alignments: Space 512K, Generation 512K, Heap 2M
 Heap Min Capacity: 100M
 Heap Initial Capacity: 100M
 Heap Max Capacity: 2G
 Pre-touch: Disabled
 Parallel Workers: 8
Heap:
 PSYoungGen      total 21504K, used 3706K [0x00000000d5580000, 0x00000000d6c00000, 0x0000000100000000)
  eden space 20480K, 14% used [0x00000000d5580000,0x00000000d586e7c8,0x00000000d6980000)
  from space 1024K, 68% used [0x00000000d6a00000,0x00000000d6ab0040,0x00000000d6b00000)
  to   space 1024K, 0% used [0x00000000d6b00000,0x00000000d6b00000,0x00000000d6c00000)
 ParOldGen       total 68608K, used 33082K [0x0000000080000000, 0x0000000084300000, 0x00000000d5580000)
  object space 68608K, 48% used [0x0000000080000000,0x000000008204e9b8,0x0000000084300000)
 Metaspace       used 40890K, committed 41792K, reserved 1114112K
  class space    used 4071K, committed 4480K, reserved 1048576K
GC Heap History (20 events):
Event: 16.542 GC heap before
{Heap before GC invocations=18 (full 1):
 PSYoungGen      total 22528K, used 22496K [0x00000000d5580000, 0x00000000d7400000, 0x0000000100000000)
  eden space 20480K, 100% used [0x00000000d5580000,0x00000000d6980000,0x00000000d6980000)
  from space 2048K, 98% used [0x00000000d6e00000,0x00000000d6ff8010,0x00000000d7000000)
  to   space 4608K, 0% used [0x00000000d6980000,0x00000000d6980000,0x00000000d6e00000)
 ParOldGen       total 68608K, used 27922K [0x0000000080000000, 0x0000000084300000, 0x00000000d5580000)
  object space 68608K, 40% used [0x0000000080000000,0x0000000081b44ab0,0x0000000084300000)
 Metaspace       used 32345K, committed 33280K, reserved 1114112K
  class space    used 3235K, committed 3648K, reserved 1048576K
}
Event: 16.546 GC heap after
{Heap after GC invocations=18 (full 1):
 PSYoungGen      total 22528K, used 1880K [0x00000000d5580000, 0x00000000d6f80000, 0x0000000100000000)
  eden space 20480K, 0% used [0x00000000d5580000,0x00000000d5580000,0x00000000d6980000)
  from space 2048K, 91% used [0x00000000d6980000,0x00000000d6b56200,0x00000000d6b80000)
  to   space 3072K, 0% used [0x00000000d6c80000,0x00000000d6c80000,0x00000000d6f80000)
 ParOldGen       total 68608K, used 29954K [0x0000000080000000, 0x0000000084300000, 0x00000000d5580000)
  object space 68608K, 43% used [0x0000000080000000,0x0000000081d40ac0,0x0000000084300000)
 Metaspace       used 32345K, committed 33280K, reserved 1114112K
  class space    used 3235K, committed 3648K, reserved 1048576K
}
Event: 16.869 GC heap before
{Heap before GC invocations=19 (full 1):
 PSYoungGen      total 22528K, used 22360K [0x00000000d5580000, 0x00000000d6f80000, 0x0000000100000000)
  eden space 20480K, 100% used [0x00000000d5580000,0x00000000d6980000,0x00000000d6980000)
  from space 2048K, 91% used [0x00000000d6980000,0x00000000d6b56200,0x00000000d6b80000)
  to   space 3072K, 0% used [0x00000000d6c80000,0x00000000d6c80000,0x00000000d6f80000)
 ParOldGen       total 68608K, used 29954K [0x0000000080000000, 0x0000000084300000, 0x00000000d5580000)
  object space 68608K, 43% used [0x0000000080000000,0x0000000081d40ac0,0x0000000084300000)
 Metaspace       used 33373K, committed 34240K, reserved 1114112K
  class space    used 3374K, committed 3776K, reserved 1048576K
}
Event: 16.874 GC heap after
{Heap after GC invocations=19 (full 1):
 PSYoungGen      total 22528K, used 1556K [0x00000000d5580000, 0x00000000d6e80000, 0x0000000100000000)
  eden space 20480K, 0% used [0x00000000d5580000,0x00000000d5580000,0x00000000d6980000)
  from space 2048K, 75% used [0x00000000d6c80000,0x00000000d6e05148,0x00000000d6e80000)
  to   space 2048K, 0% used [0x00000000d6980000,0x00000000d6980000,0x00000000d6b80000)
 ParOldGen       total 68608K, used 31715K [0x0000000080000000, 0x0000000084300000, 0x00000000d5580000)
  object space 68608K, 46% used [0x0000000080000000,0x0000000081ef8cc0,0x0000000084300000)
 Metaspace       used 33373K, committed 34240K, reserved 1114112K
  class space    used 3374K, committed 3776K, reserved 1048576K
}
Event: 17.359 GC heap before
{Heap before GC invocations=20 (full 1):
 PSYoungGen      total 22528K, used 22036K [0x00000000d5580000, 0x00000000d6e80000, 0x0000000100000000)
  eden space 20480K, 100% used [0x00000000d5580000,0x00000000d6980000,0x00000000d6980000)
  from space 2048K, 75% used [0x00000000d6c80000,0x00000000d6e05148,0x00000000d6e80000)
  to   space 2048K, 0% used [0x00000000d6980000,0x00000000d6980000,0x00000000d6b80000)
 ParOldGen       total 68608K, used 31715K [0x0000000080000000, 0x0000000084300000, 0x00000000d5580000)
  object space 68608K, 46% used [0x0000000080000000,0x0000000081ef8cc0,0x0000000084300000)
 Metaspace       used 34789K, committed 35712K, reserved 1114112K
  class space    used 3489K, committed 3904K, reserved 1048576K
}
Event: 17.363 GC heap after
{Heap after GC invocations=20 (full 1):
 PSYoungGen      total 22528K, used 1856K [0x00000000d5580000, 0x00000000d6d80000, 0x0000000100000000)
  eden space 20480K, 0% used [0x00000000d5580000,0x00000000d5580000,0x00000000d6980000)
  from space 2048K, 90% used [0x00000000d6980000,0x00000000d6b50318,0x00000000d6b80000)
  to   space 2048K, 0% used [0x00000000d6b80000,0x00000000d6b80000,0x00000000d6d80000)
 ParOldGen       total 68608K, used 33044K [0x0000000080000000, 0x0000000084300000, 0x00000000d5580000)
  object space 68608K, 48% used [0x0000000080000000,0x00000000820452c8,0x0000000084300000)
 Metaspace       used 34789K, committed 35712K, reserved 1114112K
  class space    used 3489K, committed 3904K, reserved 1048576K
}
Event: 17.446 GC heap before
{Heap before GC invocations=21 (full 1):
 PSYoungGen      total 22528K, used 22336K [0x00000000d5580000, 0x00000000d6d80000, 0x0000000100000000)
  eden space 20480K, 100% used [0x00000000d5580000,0x00000000d6980000,0x00000000d6980000)
  from space 2048K, 90% used [0x00000000d6980000,0x00000000d6b50318,0x00000000d6b80000)
  to   space 2048K, 0% used [0x00000000d6b80000,0x00000000d6b80000,0x00000000d6d80000)
 ParOldGen       total 68608K, used 33044K [0x0000000080000000, 0x0000000084300000, 0x00000000d5580000)
  object space 68608K, 48% used [0x0000000080000000,0x00000000820452c8,0x0000000084300000)
 Metaspace       used 34796K, committed 35712K, reserved 1114112K
  class space    used 3489K, committed 3904K, reserved 1048576K
}
Event: 17.448 GC heap after
{Heap after GC invocations=21 (full 1):
 PSYoungGen      total 21504K, used 822K [0x00000000d5580000, 0x00000000d6c80000, 0x0000000100000000)
  eden space 20480K, 0% used [0x00000000d5580000,0x00000000d5580000,0x00000000d6980000)
  from space 1024K, 80% used [0x00000000d6b80000,0x00000000d6c4daa8,0x00000000d6c80000)
  to   space 1536K, 0% used [0x00000000d6980000,0x00000000d6980000,0x00000000d6b00000)
 ParOldGen       total 68608K, used 33865K [0x0000000080000000, 0x0000000084300000, 0x00000000d5580000)
  object space 68608K, 49% used [0x0000000080000000,0x0000000082112560,0x0000000084300000)
 Metaspace       used 34796K, committed 35712K, reserved 1114112K
  class space    used 3489K, committed 3904K, reserved 1048576K
}
Event: 17.458 GC heap before
{Heap before GC invocations=22 (full 1):
 PSYoungGen      total 21504K, used 2895K [0x00000000d5580000, 0x00000000d6c80000, 0x0000000100000000)
  eden space 20480K, 10% used [0x00000000d5580000,0x00000000d57863d0,0x00000000d6980000)
  from space 1024K, 80% used [0x00000000d6b80000,0x00000000d6c4daa8,0x00000000d6c80000)
  to   space 1536K, 0% used [0x00000000d6980000,0x00000000d6980000,0x00000000d6b00000)
 ParOldGen       total 68608K, used 33865K [0x0000000080000000, 0x0000000084300000, 0x00000000d5580000)
  object space 68608K, 49% used [0x0000000080000000,0x0000000082112560,0x0000000084300000)
 Metaspace       used 34983K, committed 35840K, reserved 1114112K
  class space    used 3492K, committed 3904K, reserved 1048576K
}
Event: 17.459 GC heap after
{Heap after GC invocations=22 (full 1):
 PSYoungGen      total 22016K, used 160K [0x00000000d5580000, 0x00000000d6c00000, 0x0000000100000000)
  eden space 20480K, 0% used [0x00000000d5580000,0x00000000d5580000,0x00000000d6980000)
  from space 1536K, 10% used [0x00000000d6980000,0x00000000d69a8000,0x00000000d6b00000)
  to   space 512K, 0% used [0x00000000d6b80000,0x00000000d6b80000,0x00000000d6c00000)
 ParOldGen       total 68608K, used 33889K [0x0000000080000000, 0x0000000084300000, 0x00000000d5580000)
  object space 68608K, 49% used [0x0000000080000000,0x0000000082118560,0x0000000084300000)
 Metaspace       used 34983K, committed 35840K, reserved 1114112K
  class space    used 3492K, committed 3904K, reserved 1048576K
}
Event: 17.459 GC heap before
{Heap before GC invocations=23 (full 2):
 PSYoungGen      total 22016K, used 160K [0x00000000d5580000, 0x00000000d6c00000, 0x0000000100000000)
  eden space 20480K, 0% used [0x00000000d5580000,0x00000000d5580000,0x00000000d6980000)
  from space 1536K, 10% used [0x00000000d6980000,0x00000000d69a8000,0x00000000d6b00000)
  to   space 512K, 0% used [0x00000000d6b80000,0x00000000d6b80000,0x00000000d6c00000)
 ParOldGen       total 68608K, used 33889K [0x0000000080000000, 0x0000000084300000, 0x00000000d5580000)
  object space 68608K, 49% used [0x0000000080000000,0x0000000082118560,0x0000000084300000)
 Metaspace       used 34983K, committed 35840K, reserved 1114112K
  class space    used 3492K, committed 3904K, reserved 1048576K
}
Event: 17.527 GC heap after
{Heap after GC invocations=23 (full 2):
 PSYoungGen      total 22016K, used 0K [0x00000000d5580000, 0x00000000d6c00000, 0x0000000100000000)
  eden space 20480K, 0% used [0x00000000d5580000,0x00000000d5580000,0x00000000d6980000)
  from space 1536K, 0% used [0x00000000d6980000,0x00000000d6980000,0x00000000d6b00000)
  to   space 512K, 0% used [0x00000000d6b80000,0x00000000d6b80000,0x00000000d6c00000)
 ParOldGen       total 68608K, used 32091K [0x0000000080000000, 0x0000000084300000, 0x00000000d5580000)
  object space 68608K, 46% used [0x0000000080000000,0x0000000081f56e90,0x0000000084300000)
 Metaspace       used 34983K, committed 35840K, reserved 1114112K
  class space    used 3492K, committed 3904K, reserved 1048576K
}
Event: 18.142 GC heap before
{Heap before GC invocations=24 (full 2):
 PSYoungGen      total 22016K, used 20480K [0x00000000d5580000, 0x00000000d6c00000, 0x0000000100000000)
  eden space 20480K, 100% used [0x00000000d5580000,0x00000000d6980000,0x00000000d6980000)
  from space 1536K, 0% used [0x00000000d6980000,0x00000000d6980000,0x00000000d6b00000)
  to   space 512K, 0% used [0x00000000d6b80000,0x00000000d6b80000,0x00000000d6c00000)
 ParOldGen       total 68608K, used 32091K [0x0000000080000000, 0x0000000084300000, 0x00000000d5580000)
  object space 68608K, 46% used [0x0000000080000000,0x0000000081f56e90,0x0000000084300000)
 Metaspace       used 36628K, committed 37568K, reserved 1114112K
  class space    used 3682K, committed 4096K, reserved 1048576K
}
Event: 18.144 GC heap after
{Heap after GC invocations=24 (full 2):
 PSYoungGen      total 20992K, used 416K [0x00000000d5580000, 0x00000000d6c00000, 0x0000000100000000)
  eden space 20480K, 0% used [0x00000000d5580000,0x00000000d5580000,0x00000000d6980000)
  from space 512K, 81% used [0x00000000d6b80000,0x00000000d6be8000,0x00000000d6c00000)
  to   space 512K, 0% used [0x00000000d6b00000,0x00000000d6b00000,0x00000000d6b80000)
 ParOldGen       total 68608K, used 32099K [0x0000000080000000, 0x0000000084300000, 0x00000000d5580000)
  object space 68608K, 46% used [0x0000000080000000,0x0000000081f58e90,0x0000000084300000)
 Metaspace       used 36628K, committed 37568K, reserved 1114112K
  class space    used 3682K, committed 4096K, reserved 1048576K
}
Event: 18.887 GC heap before
{Heap before GC invocations=25 (full 2):
 PSYoungGen      total 20992K, used 20896K [0x00000000d5580000, 0x00000000d6c00000, 0x0000000100000000)
  eden space 20480K, 100% used [0x00000000d5580000,0x00000000d6980000,0x00000000d6980000)
  from space 512K, 81% used [0x00000000d6b80000,0x00000000d6be8000,0x00000000d6c00000)
  to   space 512K, 0% used [0x00000000d6b00000,0x00000000d6b00000,0x00000000d6b80000)
 ParOldGen       total 68608K, used 32099K [0x0000000080000000, 0x0000000084300000, 0x00000000d5580000)
  object space 68608K, 46% used [0x0000000080000000,0x0000000081f58e90,0x0000000084300000)
 Metaspace       used 38454K, committed 39424K, reserved 1114112K
  class space    used 3841K, committed 4288K, reserved 1048576K
}
Event: 18.889 GC heap after
{Heap after GC invocations=25 (full 2):
 PSYoungGen      total 20992K, used 512K [0x00000000d5580000, 0x00000000d6c00000, 0x0000000100000000)
  eden space 20480K, 0% used [0x00000000d5580000,0x00000000d5580000,0x00000000d6980000)
  from space 512K, 100% used [0x00000000d6b00000,0x00000000d6b80000,0x00000000d6b80000)
  to   space 512K, 0% used [0x00000000d6b80000,0x00000000d6b80000,0x00000000d6c00000)
 ParOldGen       total 68608K, used 32363K [0x0000000080000000, 0x0000000084300000, 0x00000000d5580000)
  object space 68608K, 47% used [0x0000000080000000,0x0000000081f9ae90,0x0000000084300000)
 Metaspace       used 38454K, committed 39424K, reserved 1114112K
  class space    used 3841K, committed 4288K, reserved 1048576K
}
Event: 19.474 GC heap before
{Heap before GC invocations=26 (full 2):
 PSYoungGen      total 20992K, used 20992K [0x00000000d5580000, 0x00000000d6c00000, 0x0000000100000000)
  eden space 20480K, 100% used [0x00000000d5580000,0x00000000d6980000,0x00000000d6980000)
  from space 512K, 100% used [0x00000000d6b00000,0x00000000d6b80000,0x00000000d6b80000)
  to   space 512K, 0% used [0x00000000d6b80000,0x00000000d6b80000,0x00000000d6c00000)
 ParOldGen       total 68608K, used 32363K [0x0000000080000000, 0x0000000084300000, 0x00000000d5580000)
  object space 68608K, 47% used [0x0000000080000000,0x0000000081f9ae90,0x0000000084300000)
 Metaspace       used 39083K, committed 40000K, reserved 1114112K
  class space    used 3916K, committed 4352K, reserved 1048576K
}
Event: 19.476 GC heap after
{Heap after GC invocations=26 (full 2):
 PSYoungGen      total 20992K, used 512K [0x00000000d5580000, 0x00000000d6c00000, 0x0000000100000000)
  eden space 20480K, 0% used [0x00000000d5580000,0x00000000d5580000,0x00000000d6980000)
  from space 512K, 100% used [0x00000000d6b80000,0x00000000d6c00000,0x00000000d6c00000)
  to   space 1024K, 0% used [0x00000000d6a00000,0x00000000d6a00000,0x00000000d6b00000)
 ParOldGen       total 68608K, used 32781K [0x0000000080000000, 0x0000000084300000, 0x00000000d5580000)
  object space 68608K, 47% used [0x0000000080000000,0x0000000082003460,0x0000000084300000)
 Metaspace       used 39083K, committed 40000K, reserved 1114112K
  class space    used 3916K, committed 4352K, reserved 1048576K
}
Event: 48.804 GC heap before
{Heap before GC invocations=27 (full 2):
 PSYoungGen      total 20992K, used 20992K [0x00000000d5580000, 0x00000000d6c00000, 0x0000000100000000)
  eden space 20480K, 100% used [0x00000000d5580000,0x00000000d6980000,0x00000000d6980000)
  from space 512K, 100% used [0x00000000d6b80000,0x00000000d6c00000,0x00000000d6c00000)
  to   space 1024K, 0% used [0x00000000d6a00000,0x00000000d6a00000,0x00000000d6b00000)
 ParOldGen       total 68608K, used 32781K [0x0000000080000000, 0x0000000084300000, 0x00000000d5580000)
  object space 68608K, 47% used [0x0000000080000000,0x0000000082003460,0x0000000084300000)
 Metaspace       used 40623K, committed 41536K, reserved 1114112K
  class space    used 4054K, committed 4480K, reserved 1048576K
}
Event: 48.806 GC heap after
{Heap after GC invocations=27 (full 2):
 PSYoungGen      total 21504K, used 704K [0x00000000d5580000, 0x00000000d6c00000, 0x0000000100000000)
  eden space 20480K, 0% used [0x00000000d5580000,0x00000000d5580000,0x00000000d6980000)
  from space 1024K, 68% used [0x00000000d6a00000,0x00000000d6ab0040,0x00000000d6b00000)
  to   space 1024K, 0% used [0x00000000d6b00000,0x00000000d6b00000,0x00000000d6c00000)
 ParOldGen       total 68608K, used 33082K [0x0000000080000000, 0x0000000084300000, 0x00000000d5580000)
  object space 68608K, 48% used [0x0000000080000000,0x000000008204e9b8,0x0000000084300000)
 Metaspace       used 40623K, committed 41536K, reserved 1114112K
  class space    used 4054K, committed 4480K, reserved 1048576K
}

