# JRE version: OpenJDK Runtime Environment Temurin-21.0.7+6 (21.0.7+6) (build 21.0.7+6-LTS)
# Java VM: OpenJDK 64-Bit Server VM Temurin-21.0.7+6 (21.0.7+6-LTS, mixed mode, sharing, tiered, compressed oops, compressed class ptrs, parallel gc, windows-amd64)
GC Precious Log:
 CardTable entry size: 512
 CPUs: 8 total, 8 available
 Memory: 8001M
 Large Page Support: Disabled
 NUMA Support: Disabled
 Compressed Oops: Enabled (32-bit)
 Alignments: Space 512K, Generation 512K, Heap 2M
 Heap Min Capacity: 100M
 Heap Initial Capacity: 100M
 Heap Max Capacity: 2G
 Pre-touch: Disabled
 Parallel Workers: 8
Heap:
 PSYoungGen      total 9216K, used 7552K [0x00000000d5580000, 0x00000000d5f80000, 0x0000000100000000)
  eden space 8192K, 83% used [0x00000000d5580000,0x00000000d5c29978,0x00000000d5d80000)
  from space 1024K, 71% used [0x00000000d5d80000,0x00000000d5e36920,0x00000000d5e80000)
  to   space 1024K, 0% used [0x00000000d5e80000,0x00000000d5e80000,0x00000000d5f80000)
 ParOldGen       total 1150976K, used 1150811K [0x0000000080000000, 0x00000000c6400000, 0x00000000d5580000)
  object space 1150976K, 99% used [0x0000000080000000,0x00000000c63d6c68,0x00000000c6400000)
 Metaspace       used 90584K, committed 92416K, reserved 1179648K
  class space    used 8774K, committed 9664K, reserved 1048576K
GC Heap History (20 events):
Event: 875.563 GC heap before
{Heap before GC invocations=2656 (full 6):
 PSYoungGen      total 10240K, used 9360K [0x00000000d5580000, 0x00000000d6180000, 0x0000000100000000)
  eden space 8704K, 100% used [0x00000000d5580000,0x00000000d5e00000,0x00000000d5e00000)
  from space 1536K, 42% used [0x00000000d5e00000,0x00000000d5ea4010,0x00000000d5f80000)
  to   space 1024K, 0% used [0x00000000d6080000,0x00000000d6080000,0x00000000d6180000)
 ParOldGen       total 1144832K, used 1144802K [0x0000000080000000, 0x00000000c5e00000, 0x00000000d5580000)
  object space 1144832K, 99% used [0x0000000080000000,0x00000000c5df8bf0,0x00000000c5e00000)
 Metaspace       used 90574K, committed 92416K, reserved 1179648K
  class space    used 8774K, committed 9664K, reserved 1048576K
}
Event: 875.568 GC heap after
{Heap after GC invocations=2656 (full 6):
 PSYoungGen      total 9728K, used 996K [0x00000000d5580000, 0x00000000d6200000, 0x0000000100000000)
  eden space 8704K, 0% used [0x00000000d5580000,0x00000000d5580000,0x00000000d5e00000)
  from space 1024K, 97% used [0x00000000d6080000,0x00000000d6179230,0x00000000d6180000)
  to   space 2048K, 0% used [0x00000000d5e00000,0x00000000d5e00000,0x00000000d6000000)
 ParOldGen       total 1145856K, used 1145448K [0x0000000080000000, 0x00000000c5f00000, 0x00000000d5580000)
  object space 1145856K, 99% used [0x0000000080000000,0x00000000c5e9a130,0x00000000c5f00000)
 Metaspace       used 90574K, committed 92416K, reserved 1179648K
  class space    used 8774K, committed 9664K, reserved 1048576K
}
Event: 876.057 GC heap before
{Heap before GC invocations=2657 (full 6):
 PSYoungGen      total 9728K, used 9700K [0x00000000d5580000, 0x00000000d6200000, 0x0000000100000000)
  eden space 8704K, 100% used [0x00000000d5580000,0x00000000d5e00000,0x00000000d5e00000)
  from space 1024K, 97% used [0x00000000d6080000,0x00000000d6179230,0x00000000d6180000)
  to   space 2048K, 0% used [0x00000000d5e00000,0x00000000d5e00000,0x00000000d6000000)
 ParOldGen       total 1145856K, used 1145448K [0x0000000080000000, 0x00000000c5f00000, 0x00000000d5580000)
  object space 1145856K, 99% used [0x0000000080000000,0x00000000c5e9a130,0x00000000c5f00000)
 Metaspace       used 90574K, committed 92416K, reserved 1179648K
  class space    used 8774K, committed 9664K, reserved 1048576K
}
Event: 876.061 GC heap after
{Heap after GC invocations=2657 (full 6):
 PSYoungGen      total 9728K, used 816K [0x00000000d5580000, 0x00000000d6100000, 0x0000000100000000)
  eden space 8704K, 0% used [0x00000000d5580000,0x00000000d5580000,0x00000000d5e00000)
  from space 1024K, 79% used [0x00000000d5e00000,0x00000000d5ecc010,0x00000000d5f00000)
  to   space 1536K, 0% used [0x00000000d5f80000,0x00000000d5f80000,0x00000000d6100000)
 ParOldGen       total 1146368K, used 1146338K [0x0000000080000000, 0x00000000c5f80000, 0x00000000d5580000)
  object space 1146368K, 99% used [0x0000000080000000,0x00000000c5f78be8,0x00000000c5f80000)
 Metaspace       used 90574K, committed 92416K, reserved 1179648K
  class space    used 8774K, committed 9664K, reserved 1048576K
}
Event: 876.074 GC heap before
{Heap before GC invocations=2658 (full 6):
 PSYoungGen      total 9728K, used 9520K [0x00000000d5580000, 0x00000000d6100000, 0x0000000100000000)
  eden space 8704K, 100% used [0x00000000d5580000,0x00000000d5e00000,0x00000000d5e00000)
  from space 1024K, 79% used [0x00000000d5e00000,0x00000000d5ecc010,0x00000000d5f00000)
  to   space 1536K, 0% used [0x00000000d5f80000,0x00000000d5f80000,0x00000000d6100000)
 ParOldGen       total 1146368K, used 1146338K [0x0000000080000000, 0x00000000c5f80000, 0x00000000d5580000)
  object space 1146368K, 99% used [0x0000000080000000,0x00000000c5f78be8,0x00000000c5f80000)
 Metaspace       used 90574K, committed 92416K, reserved 1179648K
  class space    used 8774K, committed 9664K, reserved 1048576K
}
Event: 876.076 GC heap after
{Heap after GC invocations=2658 (full 6):
 PSYoungGen      total 10240K, used 1044K [0x00000000d5580000, 0x00000000d6100000, 0x0000000100000000)
  eden space 8704K, 0% used [0x00000000d5580000,0x00000000d5580000,0x00000000d5e00000)
  from space 1536K, 68% used [0x00000000d5f80000,0x00000000d6085220,0x00000000d6100000)
  to   space 1536K, 0% used [0x00000000d5e00000,0x00000000d5e00000,0x00000000d5f80000)
 ParOldGen       total 1147392K, used 1146977K [0x0000000080000000, 0x00000000c6080000, 0x00000000d5580000)
  object space 1147392K, 99% used [0x0000000080000000,0x00000000c6018788,0x00000000c6080000)
 Metaspace       used 90574K, committed 92416K, reserved 1179648K
  class space    used 8774K, committed 9664K, reserved 1048576K
}
Event: 876.552 GC heap before
{Heap before GC invocations=2659 (full 6):
 PSYoungGen      total 10240K, used 9748K [0x00000000d5580000, 0x00000000d6100000, 0x0000000100000000)
  eden space 8704K, 99% used [0x00000000d5580000,0x00000000d5dfffe0,0x00000000d5e00000)
  from space 1536K, 68% used [0x00000000d5f80000,0x00000000d6085220,0x00000000d6100000)
  to   space 1536K, 0% used [0x00000000d5e00000,0x00000000d5e00000,0x00000000d5f80000)
 ParOldGen       total 1147392K, used 1146977K [0x0000000080000000, 0x00000000c6080000, 0x00000000d5580000)
  object space 1147392K, 99% used [0x0000000080000000,0x00000000c6018788,0x00000000c6080000)
 Metaspace       used 90575K, committed 92416K, reserved 1179648K
  class space    used 8774K, committed 9664K, reserved 1048576K
}
Event: 876.557 GC heap after
{Heap after GC invocations=2659 (full 6):
 PSYoungGen      total 9728K, used 848K [0x00000000d5580000, 0x00000000d6000000, 0x0000000100000000)
  eden space 8704K, 0% used [0x00000000d5580000,0x00000000d5580000,0x00000000d5e00000)
  from space 1024K, 82% used [0x00000000d5e00000,0x00000000d5ed4030,0x00000000d5f00000)
  to   space 1024K, 0% used [0x00000000d5f00000,0x00000000d5f00000,0x00000000d6000000)
 ParOldGen       total 1148416K, used 1147934K [0x0000000080000000, 0x00000000c6180000, 0x00000000d5580000)
  object space 1148416K, 99% used [0x0000000080000000,0x00000000c61079b8,0x00000000c6180000)
 Metaspace       used 90575K, committed 92416K, reserved 1179648K
  class space    used 8774K, committed 9664K, reserved 1048576K
}
Event: 876.598 GC heap before
{Heap before GC invocations=2660 (full 6):
 PSYoungGen      total 9728K, used 9552K [0x00000000d5580000, 0x00000000d6000000, 0x0000000100000000)
  eden space 8704K, 100% used [0x00000000d5580000,0x00000000d5e00000,0x00000000d5e00000)
  from space 1024K, 82% used [0x00000000d5e00000,0x00000000d5ed4030,0x00000000d5f00000)
  to   space 1024K, 0% used [0x00000000d5f00000,0x00000000d5f00000,0x00000000d6000000)
 ParOldGen       total 1148416K, used 1147934K [0x0000000080000000, 0x00000000c6180000, 0x00000000d5580000)
  object space 1148416K, 99% used [0x0000000080000000,0x00000000c61079b8,0x00000000c6180000)
 Metaspace       used 90575K, committed 92416K, reserved 1179648K
  class space    used 8774K, committed 9664K, reserved 1048576K
}
Event: 876.602 GC heap after
{Heap after GC invocations=2660 (full 6):
 PSYoungGen      total 9728K, used 964K [0x00000000d5580000, 0x00000000d6000000, 0x0000000100000000)
  eden space 8704K, 0% used [0x00000000d5580000,0x00000000d5580000,0x00000000d5e00000)
  from space 1024K, 94% used [0x00000000d5f00000,0x00000000d5ff1210,0x00000000d6000000)
  to   space 1024K, 0% used [0x00000000d5e00000,0x00000000d5e00000,0x00000000d5f00000)
 ParOldGen       total 1148928K, used 1148444K [0x0000000080000000, 0x00000000c6200000, 0x00000000d5580000)
  object space 1148928K, 99% used [0x0000000080000000,0x00000000c61870e8,0x00000000c6200000)
 Metaspace       used 90575K, committed 92416K, reserved 1179648K
  class space    used 8774K, committed 9664K, reserved 1048576K
}
Event: 876.735 GC heap before
{Heap before GC invocations=2661 (full 6):
 PSYoungGen      total 9728K, used 9668K [0x00000000d5580000, 0x00000000d6000000, 0x0000000100000000)
  eden space 8704K, 100% used [0x00000000d5580000,0x00000000d5e00000,0x00000000d5e00000)
  from space 1024K, 94% used [0x00000000d5f00000,0x00000000d5ff1210,0x00000000d6000000)
  to   space 1024K, 0% used [0x00000000d5e00000,0x00000000d5e00000,0x00000000d5f00000)
 ParOldGen       total 1148928K, used 1148444K [0x0000000080000000, 0x00000000c6200000, 0x00000000d5580000)
  object space 1148928K, 99% used [0x0000000080000000,0x00000000c61870e8,0x00000000c6200000)
 Metaspace       used 90575K, committed 92416K, reserved 1179648K
  class space    used 8774K, committed 9664K, reserved 1048576K
}
Event: 876.739 GC heap after
{Heap after GC invocations=2661 (full 6):
 PSYoungGen      total 9728K, used 480K [0x00000000d5580000, 0x00000000d6000000, 0x0000000100000000)
  eden space 8704K, 0% used [0x00000000d5580000,0x00000000d5580000,0x00000000d5e00000)
  from space 1024K, 46% used [0x00000000d5e00000,0x00000000d5e78000,0x00000000d5f00000)
  to   space 1024K, 0% used [0x00000000d5f00000,0x00000000d5f00000,0x00000000d6000000)
 ParOldGen       total 1149440K, used 1149288K [0x0000000080000000, 0x00000000c6280000, 0x00000000d5580000)
  object space 1149440K, 99% used [0x0000000080000000,0x00000000c625a318,0x00000000c6280000)
 Metaspace       used 90575K, committed 92416K, reserved 1179648K
  class space    used 8774K, committed 9664K, reserved 1048576K
}
Event: 876.794 GC heap before
{Heap before GC invocations=2662 (full 6):
 PSYoungGen      total 9728K, used 9184K [0x00000000d5580000, 0x00000000d6000000, 0x0000000100000000)
  eden space 8704K, 100% used [0x00000000d5580000,0x00000000d5e00000,0x00000000d5e00000)
  from space 1024K, 46% used [0x00000000d5e00000,0x00000000d5e78000,0x00000000d5f00000)
  to   space 1024K, 0% used [0x00000000d5f00000,0x00000000d5f00000,0x00000000d6000000)
 ParOldGen       total 1149440K, used 1149288K [0x0000000080000000, 0x00000000c6280000, 0x00000000d5580000)
  object space 1149440K, 99% used [0x0000000080000000,0x00000000c625a318,0x00000000c6280000)
 Metaspace       used 90576K, committed 92416K, reserved 1179648K
  class space    used 8774K, committed 9664K, reserved 1048576K
}
Event: 876.797 GC heap after
{Heap after GC invocations=2662 (full 6):
 PSYoungGen      total 9216K, used 160K [0x00000000d5580000, 0x00000000d5f80000, 0x0000000100000000)
  eden space 8704K, 0% used [0x00000000d5580000,0x00000000d5580000,0x00000000d5e00000)
  from space 512K, 31% used [0x00000000d5f00000,0x00000000d5f28000,0x00000000d5f80000)
  to   space 512K, 0% used [0x00000000d5e80000,0x00000000d5e80000,0x00000000d5f00000)
 ParOldGen       total 1149952K, used 1149593K [0x0000000080000000, 0x00000000c6300000, 0x00000000d5580000)
  object space 1149952K, 99% used [0x0000000080000000,0x00000000c62a6628,0x00000000c6300000)
 Metaspace       used 90576K, committed 92416K, reserved 1179648K
  class space    used 8774K, committed 9664K, reserved 1048576K
}
Event: 876.816 GC heap before
{Heap before GC invocations=2663 (full 6):
 PSYoungGen      total 9216K, used 8864K [0x00000000d5580000, 0x00000000d5f80000, 0x0000000100000000)
  eden space 8704K, 100% used [0x00000000d5580000,0x00000000d5e00000,0x00000000d5e00000)
  from space 512K, 31% used [0x00000000d5f00000,0x00000000d5f28000,0x00000000d5f80000)
  to   space 512K, 0% used [0x00000000d5e80000,0x00000000d5e80000,0x00000000d5f00000)
 ParOldGen       total 1149952K, used 1149593K [0x0000000080000000, 0x00000000c6300000, 0x00000000d5580000)
  object space 1149952K, 99% used [0x0000000080000000,0x00000000c62a6628,0x00000000c6300000)
 Metaspace       used 90582K, committed 92416K, reserved 1179648K
  class space    used 8774K, committed 9664K, reserved 1048576K
}
Event: 876.819 GC heap after
{Heap after GC invocations=2663 (full 6):
 PSYoungGen      total 9216K, used 404K [0x00000000d5580000, 0x00000000d5f80000, 0x0000000100000000)
  eden space 8704K, 0% used [0x00000000d5580000,0x00000000d5580000,0x00000000d5e00000)
  from space 512K, 79% used [0x00000000d5e80000,0x00000000d5ee5200,0x00000000d5f00000)
  to   space 512K, 0% used [0x00000000d5f00000,0x00000000d5f00000,0x00000000d5f80000)
 ParOldGen       total 1149952K, used 1149633K [0x0000000080000000, 0x00000000c6300000, 0x00000000d5580000)
  object space 1149952K, 99% used [0x0000000080000000,0x00000000c62b0628,0x00000000c6300000)
 Metaspace       used 90582K, committed 92416K, reserved 1179648K
  class space    used 8774K, committed 9664K, reserved 1048576K
}
Event: 876.962 GC heap before
{Heap before GC invocations=2664 (full 6):
 PSYoungGen      total 9216K, used 9108K [0x00000000d5580000, 0x00000000d5f80000, 0x0000000100000000)
  eden space 8704K, 100% used [0x00000000d5580000,0x00000000d5e00000,0x00000000d5e00000)
  from space 512K, 79% used [0x00000000d5e80000,0x00000000d5ee5200,0x00000000d5f00000)
  to   space 512K, 0% used [0x00000000d5f00000,0x00000000d5f00000,0x00000000d5f80000)
 ParOldGen       total 1149952K, used 1149633K [0x0000000080000000, 0x00000000c6300000, 0x00000000d5580000)
  object space 1149952K, 99% used [0x0000000080000000,0x00000000c62b0628,0x00000000c6300000)
 Metaspace       used 90583K, committed 92416K, reserved 1179648K
  class space    used 8774K, committed 9664K, reserved 1048576K
}
Event: 876.966 GC heap after
{Heap after GC invocations=2664 (full 6):
 PSYoungGen      total 8704K, used 512K [0x00000000d5580000, 0x00000000d6100000, 0x0000000100000000)
  eden space 8192K, 0% used [0x00000000d5580000,0x00000000d5580000,0x00000000d5d80000)
  from space 512K, 100% used [0x00000000d5f00000,0x00000000d5f80000,0x00000000d5f80000)
  to   space 1536K, 0% used [0x00000000d5d80000,0x00000000d5d80000,0x00000000d5f00000)
 ParOldGen       total 1150464K, used 1150386K [0x0000000080000000, 0x00000000c6380000, 0x00000000d5580000)
  object space 1150464K, 99% used [0x0000000080000000,0x00000000c636c958,0x00000000c6380000)
 Metaspace       used 90583K, committed 92416K, reserved 1179648K
  class space    used 8774K, committed 9664K, reserved 1048576K
}
Event: 876.986 GC heap before
{Heap before GC invocations=2665 (full 6):
 PSYoungGen      total 8704K, used 8704K [0x00000000d5580000, 0x00000000d6100000, 0x0000000100000000)
  eden space 8192K, 100% used [0x00000000d5580000,0x00000000d5d80000,0x00000000d5d80000)
  from space 512K, 100% used [0x00000000d5f00000,0x00000000d5f80000,0x00000000d5f80000)
  to   space 1536K, 0% used [0x00000000d5d80000,0x00000000d5d80000,0x00000000d5f00000)
 ParOldGen       total 1150464K, used 1150386K [0x0000000080000000, 0x00000000c6380000, 0x00000000d5580000)
  object space 1150464K, 99% used [0x0000000080000000,0x00000000c636c958,0x00000000c6380000)
 Metaspace       used 90583K, committed 92416K, reserved 1179648K
  class space    used 8774K, committed 9664K, reserved 1048576K
}
Event: 876.990 GC heap after
{Heap after GC invocations=2665 (full 6):
 PSYoungGen      total 9216K, used 730K [0x00000000d5580000, 0x00000000d5f80000, 0x0000000100000000)
  eden space 8192K, 0% used [0x00000000d5580000,0x00000000d5580000,0x00000000d5d80000)
  from space 1024K, 71% used [0x00000000d5d80000,0x00000000d5e36920,0x00000000d5e80000)
  to   space 1024K, 0% used [0x00000000d5e80000,0x00000000d5e80000,0x00000000d5f80000)
 ParOldGen       total 1150976K, used 1150811K [0x0000000080000000, 0x00000000c6400000, 0x00000000d5580000)
  object space 1150976K, 99% used [0x0000000080000000,0x00000000c63d6c68,0x00000000c6400000)
 Metaspace       used 90583K, committed 92416K, reserved 1179648K
  class space    used 8774K, committed 9664K, reserved 1048576K
}

