# JRE version: OpenJDK Runtime Environment Temurin-21.0.7+6 (21.0.7+6) (build 21.0.7+6-LTS)
# Java VM: OpenJDK 64-Bit Server VM Temurin-21.0.7+6 (21.0.7+6-LTS, mixed mode, sharing, tiered, compressed oops, compressed class ptrs, g1 gc, windows-amd64)
GC Precious Log:
 CardTable entry size: 512
 Card Set container configuration: InlinePtr #cards 5 size 8 Array Of Cards #cards 12 size 40 Howl #buckets 4 coarsen threshold 1843 Howl Bitmap #cards 512 size 80 coarsen threshold 460 Card regions per heap region 1 cards per card region 2048
 CPUs: 8 total, 8 available
 Memory: 8001M
 Large Page Support: Disabled
 NUMA Support: Disabled
 Compressed Oops: Enabled (32-bit)
 Heap Region Size: 1M
 Heap Min Capacity: 8M
 Heap Initial Capacity: 126M
 Heap Max Capacity: 2002M
 Pre-touch: Disabled
 Parallel Workers: 8
 Concurrent Workers: 2
 Concurrent Refinement Workers: 8
 Periodic GC: Disabled
Heap:
 garbage-first heap   total 110592K, used 55268K [0x0000000082e00000, 0x0000000100000000)
  region size 1024K, 5 young (5120K), 5 survivors (5120K)
 Metaspace       used 27349K, committed 27648K, reserved 1114112K
  class space    used 3044K, committed 3200K, reserved 1048576K
GC Heap History (15 events):
Event: 0.933 GC heap before
{Heap before GC invocations=0 (full 0):
 garbage-first heap   total 129024K, used 23552K [0x0000000082e00000, 0x0000000100000000)
  region size 1024K, 23 young (23552K), 0 survivors (0K)
 Metaspace       used 5617K, committed 5824K, reserved 1114112K
  class space    used 650K, committed 768K, reserved 1048576K
}
Event: 0.944 GC heap after
{Heap after GC invocations=1 (full 0):
 garbage-first heap   total 129024K, used 3710K [0x0000000082e00000, 0x0000000100000000)
  region size 1024K, 3 young (3072K), 3 survivors (3072K)
 Metaspace       used 5617K, committed 5824K, reserved 1114112K
  class space    used 650K, committed 768K, reserved 1048576K
}
Event: 1.751 GC heap before
{Heap before GC invocations=1 (full 0):
 garbage-first heap   total 129024K, used 34430K [0x0000000082e00000, 0x0000000100000000)
  region size 1024K, 33 young (33792K), 3 survivors (3072K)
 Metaspace       used 9522K, committed 9728K, reserved 1114112K
  class space    used 1118K, committed 1216K, reserved 1048576K
}
Event: 1.756 GC heap after
{Heap after GC invocations=2 (full 0):
 garbage-first heap   total 129024K, used 5334K [0x0000000082e00000, 0x0000000100000000)
  region size 1024K, 2 young (2048K), 2 survivors (2048K)
 Metaspace       used 9522K, committed 9728K, reserved 1114112K
  class space    used 1118K, committed 1216K, reserved 1048576K
}
Event: 3.838 GC heap before
{Heap before GC invocations=2 (full 0):
 garbage-first heap   total 129024K, used 80086K [0x0000000082e00000, 0x0000000100000000)
  region size 1024K, 75 young (76800K), 2 survivors (2048K)
 Metaspace       used 15978K, committed 16192K, reserved 1114112K
  class space    used 1848K, committed 1920K, reserved 1048576K
}
Event: 3.868 GC heap after
{Heap after GC invocations=3 (full 0):
 garbage-first heap   total 129024K, used 14113K [0x0000000082e00000, 0x0000000100000000)
  region size 1024K, 10 young (10240K), 10 survivors (10240K)
 Metaspace       used 15978K, committed 16192K, reserved 1114112K
  class space    used 1848K, committed 1920K, reserved 1048576K
}
Event: 4.987 GC heap before
{Heap before GC invocations=3 (full 0):
 garbage-first heap   total 129024K, used 80673K [0x0000000082e00000, 0x0000000100000000)
  region size 1024K, 75 young (76800K), 10 survivors (10240K)
 Metaspace       used 16478K, committed 16768K, reserved 1114112K
  class space    used 1855K, committed 1984K, reserved 1048576K
}
Event: 5.001 GC heap after
{Heap after GC invocations=4 (full 0):
 garbage-first heap   total 129024K, used 18300K [0x0000000082e00000, 0x0000000100000000)
  region size 1024K, 4 young (4096K), 4 survivors (4096K)
 Metaspace       used 16478K, committed 16768K, reserved 1114112K
  class space    used 1855K, committed 1984K, reserved 1048576K
}
Event: 6.934 GC heap before
{Heap before GC invocations=4 (full 0):
 garbage-first heap   total 131072K, used 130940K [0x0000000082e00000, 0x0000000100000000)
  region size 1024K, 75 young (76800K), 4 survivors (4096K)
 Metaspace       used 20639K, committed 20928K, reserved 1114112K
  class space    used 2304K, committed 2432K, reserved 1048576K
}
Event: 6.954 GC heap after
{Heap after GC invocations=5 (full 0):
 garbage-first heap   total 140288K, used 27516K [0x0000000082e00000, 0x0000000100000000)
  region size 1024K, 9 young (9216K), 9 survivors (9216K)
 Metaspace       used 20639K, committed 20928K, reserved 1114112K
  class space    used 2304K, committed 2432K, reserved 1048576K
}
Event: 7.059 GC heap before
{Heap before GC invocations=5 (full 0):
 garbage-first heap   total 140288K, used 30588K [0x0000000082e00000, 0x0000000100000000)
  region size 1024K, 13 young (13312K), 9 survivors (9216K)
 Metaspace       used 21310K, committed 21504K, reserved 1114112K
  class space    used 2413K, committed 2496K, reserved 1048576K
}
Event: 7.082 GC heap after
{Heap after GC invocations=6 (full 0):
 garbage-first heap   total 140288K, used 27595K [0x0000000082e00000, 0x0000000100000000)
  region size 1024K, 8 young (8192K), 8 survivors (8192K)
 Metaspace       used 21310K, committed 21504K, reserved 1114112K
  class space    used 2413K, committed 2496K, reserved 1048576K
}
Event: 8.477 GC heap before
{Heap before GC invocations=7 (full 0):
 garbage-first heap   total 96256K, used 84939K [0x0000000082e00000, 0x0000000100000000)
  region size 1024K, 59 young (60416K), 8 survivors (8192K)
 Metaspace       used 26292K, committed 26624K, reserved 1114112K
  class space    used 2948K, committed 3136K, reserved 1048576K
}
Event: 8.526 GC heap after
{Heap after GC invocations=8 (full 0):
 garbage-first heap   total 110592K, used 48612K [0x0000000082e00000, 0x0000000100000000)
  region size 1024K, 8 young (8192K), 8 survivors (8192K)
 Metaspace       used 26292K, committed 26624K, reserved 1114112K
  class space    used 2948K, committed 3136K, reserved 1048576K
}
Event: 9.491 GC heap before
{Heap before GC invocations=8 (full 0):
 garbage-first heap   total 110592K, used 78308K [0x0000000082e00000, 0x0000000100000000)
  region size 1024K, 37 young (37888K), 8 survivors (8192K)
 Metaspace       used 27349K, committed 27648K, reserved 1114112K
  class space    used 3044K, committed 3200K, reserved 1048576K
}

