# JRE version: OpenJDK Runtime Environment Temurin-21.0.7+6 (21.0.7+6) (build 21.0.7+6-LTS)
# Java VM: OpenJDK 64-Bit Server VM Temurin-21.0.7+6 (21.0.7+6-LTS, mixed mode, sharing, tiered, compressed oops, compressed class ptrs, g1 gc, windows-amd64)
GC Precious Log:
 CardTable entry size: 512
 Card Set container configuration: InlinePtr #cards 5 size 8 Array Of Cards #cards 12 size 40 Howl #buckets 4 coarsen threshold 1843 Howl Bitmap #cards 512 size 80 coarsen threshold 460 Card regions per heap region 1 cards per card region 2048
 CPUs: 8 total, 8 available
 Memory: 8001M
 Large Page Support: Disabled
 NUMA Support: Disabled
 Compressed Oops: Enabled (32-bit)
 Heap Region Size: 1M
 Heap Min Capacity: 8M
 Heap Initial Capacity: 126M
 Heap Max Capacity: 2002M
 Pre-touch: Disabled
 Parallel Workers: 8
 Concurrent Workers: 2
 Concurrent Refinement Workers: 8
 Periodic GC: Disabled
Heap:
 garbage-first heap   total 121856K, used 98736K [0x0000000082e00000, 0x0000000100000000)
  region size 1024K, 73 young (74752K), 10 survivors (10240K)
 Metaspace       used 26882K, committed 27264K, reserved 1114112K
  class space    used 3008K, committed 3200K, reserved 1048576K
GC Heap History (13 events):
Event: 1.432 GC heap before
{Heap before GC invocations=0 (full 0):
 garbage-first heap   total 129024K, used 23552K [0x0000000082e00000, 0x0000000100000000)
  region size 1024K, 23 young (23552K), 0 survivors (0K)
 Metaspace       used 5631K, committed 5888K, reserved 1114112K
  class space    used 650K, committed 768K, reserved 1048576K
}
Event: 1.439 GC heap after
{Heap after GC invocations=1 (full 0):
 garbage-first heap   total 129024K, used 3706K [0x0000000082e00000, 0x0000000100000000)
  region size 1024K, 3 young (3072K), 3 survivors (3072K)
 Metaspace       used 5631K, committed 5888K, reserved 1114112K
  class space    used 650K, committed 768K, reserved 1048576K
}
Event: 2.525 GC heap before
{Heap before GC invocations=1 (full 0):
 garbage-first heap   total 129024K, used 35450K [0x0000000082e00000, 0x0000000100000000)
  region size 1024K, 34 young (34816K), 3 survivors (3072K)
 Metaspace       used 9660K, committed 9856K, reserved 1114112K
  class space    used 1131K, committed 1216K, reserved 1048576K
}
Event: 2.541 GC heap after
{Heap after GC invocations=2 (full 0):
 garbage-first heap   total 129024K, used 5457K [0x0000000082e00000, 0x0000000100000000)
  region size 1024K, 2 young (2048K), 2 survivors (2048K)
 Metaspace       used 9660K, committed 9856K, reserved 1114112K
  class space    used 1131K, committed 1216K, reserved 1048576K
}
Event: 5.054 GC heap before
{Heap before GC invocations=2 (full 0):
 garbage-first heap   total 129024K, used 80209K [0x0000000082e00000, 0x0000000100000000)
  region size 1024K, 75 young (76800K), 2 survivors (2048K)
 Metaspace       used 15980K, committed 16256K, reserved 1114112K
  class space    used 1844K, committed 1920K, reserved 1048576K
}
Event: 5.086 GC heap after
{Heap after GC invocations=3 (full 0):
 garbage-first heap   total 129024K, used 13864K [0x0000000082e00000, 0x0000000100000000)
  region size 1024K, 10 young (10240K), 10 survivors (10240K)
 Metaspace       used 15980K, committed 16256K, reserved 1114112K
  class space    used 1844K, committed 1920K, reserved 1048576K
}
Event: 6.404 GC heap before
{Heap before GC invocations=3 (full 0):
 garbage-first heap   total 129024K, used 80424K [0x0000000082e00000, 0x0000000100000000)
  region size 1024K, 75 young (76800K), 10 survivors (10240K)
 Metaspace       used 16515K, committed 16704K, reserved 1114112K
  class space    used 1853K, committed 1920K, reserved 1048576K
}
Event: 6.423 GC heap after
{Heap after GC invocations=4 (full 0):
 garbage-first heap   total 129024K, used 18681K [0x0000000082e00000, 0x0000000100000000)
  region size 1024K, 5 young (5120K), 5 survivors (5120K)
 Metaspace       used 16515K, committed 16704K, reserved 1114112K
  class space    used 1853K, committed 1920K, reserved 1048576K
}
Event: 8.697 GC heap before
{Heap before GC invocations=4 (full 0):
 garbage-first heap   total 129024K, used 95481K [0x0000000082e00000, 0x0000000100000000)
  region size 1024K, 75 young (76800K), 5 survivors (5120K)
 Metaspace       used 20685K, committed 20992K, reserved 1114112K
  class space    used 2299K, committed 2432K, reserved 1048576K
}
Event: 8.707 GC heap after
{Heap after GC invocations=5 (full 0):
 garbage-first heap   total 129024K, used 24320K [0x0000000082e00000, 0x0000000100000000)
  region size 1024K, 8 young (8192K), 8 survivors (8192K)
 Metaspace       used 20685K, committed 20992K, reserved 1114112K
  class space    used 2299K, committed 2432K, reserved 1048576K
}
Event: 8.862 GC heap before
{Heap before GC invocations=5 (full 0):
 garbage-first heap   total 129024K, used 34560K [0x0000000082e00000, 0x0000000100000000)
  region size 1024K, 17 young (17408K), 8 survivors (8192K)
 Metaspace       used 21212K, committed 21504K, reserved 1114112K
  class space    used 2366K, committed 2496K, reserved 1048576K
}
Event: 8.886 GC heap after
{Heap after GC invocations=6 (full 0):
 garbage-first heap   total 129024K, used 29104K [0x0000000082e00000, 0x0000000100000000)
  region size 1024K, 7 young (7168K), 7 survivors (7168K)
 Metaspace       used 21212K, committed 21504K, reserved 1114112K
  class space    used 2366K, committed 2496K, reserved 1048576K
}
Event: 10.836 GC heap before
{Heap before GC invocations=7 (full 0):
 garbage-first heap   total 99328K, used 98736K [0x0000000082e00000, 0x0000000100000000)
  region size 1024K, 70 young (71680K), 7 survivors (7168K)
 Metaspace       used 26882K, committed 27264K, reserved 1114112K
  class space    used 3008K, committed 3200K, reserved 1048576K
}

